Log file open, 05/22/22 22:37:36
LogWindows: Failed to load 'aqProf.dll' (GetLastError=126)
LogWindows: File 'aqProf.dll' does not exist
LogWindows: Failed to load 'VtuneApi.dll' (GetLastError=126)
LogWindows: File 'VtuneApi.dll' does not exist
LogWindows: Failed to load 'VtuneApi32e.dll' (GetLastError=126)
LogWindows: File 'VtuneApi32e.dll' does not exist
LogConsoleResponse: Display: Failed to find resolution value strings in scalability ini. Falling back to default.
LogConsoleResponse: Display: Failed to find resolution value strings in scalability ini. Falling back to default.
LogInit: Display: Running engine for game: Station_11
LogPlatformFile: Not using cached read wrapper
LogTaskGraph: Started task graph with 5 named threads and 26 total threads with 3 sets of task threads.
LogStats: Stats thread started at 0.239281
LogICUInternationalization: ICU TimeZone Detection - Raw Offset: +12:00, Platform Override: ''
LogInit: Display: Loading text-based GConfig....
LogPluginManager: Mounting plugin MeshPainting
LogPluginManager: Mounting plugin XGEController
LogPluginManager: Mounting plugin Paper2D
LogPluginManager: Mounting plugin AISupport
LogPluginManager: Mounting plugin EnvironmentQueryEditor
LogPluginManager: Mounting plugin LiveLink
LogPluginManager: Mounting plugin LightPropagationVolume
LogPluginManager: Mounting plugin AnimationSharing
LogPluginManager: Mounting plugin CLionSourceCodeAccess
LogPluginManager: Mounting plugin CodeLiteSourceCodeAccess
LogPluginManager: Mounting plugin GitSourceControl
LogPluginManager: Mounting plugin KDevelopSourceCodeAccess
LogPluginManager: Mounting plugin NullSourceCodeAccess
LogPluginManager: Mounting plugin PerforceSourceControl
LogPluginManager: Mounting plugin PixWinPlugin
LogPluginManager: Mounting plugin PlasticSourceControl
LogPluginManager: Mounting plugin PluginUtils
LogPluginManager: Mounting plugin SubversionSourceControl
LogPluginManager: Mounting plugin TextureFormatOodle
LogPluginManager: Mounting plugin PropertyAccessNode
LogPluginManager: Mounting plugin RiderSourceCodeAccess
LogPluginManager: Mounting plugin UObjectPlugin
LogPluginManager: Mounting plugin VisualStudioSourceCodeAccess
LogPluginManager: Mounting plugin DatasmithContent
LogPluginManager: Mounting plugin VariantManagerContent
LogPluginManager: Mounting plugin AlembicImporter
LogPluginManager: Mounting plugin CameraShakePreviewer
LogPluginManager: Mounting plugin GameplayCameras
LogPluginManager: Mounting plugin BackChannel
LogPluginManager: Mounting plugin AutomationUtils
LogPluginManager: Mounting plugin ChaosCloth
LogPluginManager: Mounting plugin ChaosClothEditor
LogPluginManager: Mounting plugin ChaosEditor
LogPluginManager: Mounting plugin ChaosNiagara
LogPluginManager: Mounting plugin ChaosSolverPlugin
LogPluginManager: Mounting plugin CharacterAI
LogPluginManager: Mounting plugin XCodeSourceCodeAccess
LogPluginManager: Mounting plugin VisualStudioCodeSourceCodeAccess
LogPluginManager: Mounting plugin GeometryCache
LogPluginManager: Mounting plugin GeometryCollectionPlugin
LogPluginManager: Mounting plugin GeometryProcessing
LogPluginManager: Mounting plugin MotoSynth
LogPluginManager: Mounting plugin OpenImageDenoise
LogPluginManager: Mounting plugin PlanarCut
LogPluginManager: Mounting plugin PlatformCrypto
LogPluginManager: Mounting plugin ProxyLODPlugin
LogPluginManager: Mounting plugin PythonScriptPlugin
LogPluginManager: Mounting plugin SkeletalReduction
LogPluginManager: Mounting plugin Niagara
LogPluginManager: Mounting plugin AndroidMedia
LogPluginManager: Mounting plugin AvfMedia
LogPluginManager: Mounting plugin ImgMedia
LogPluginManager: Mounting plugin MediaCompositing
LogPluginManager: Mounting plugin MediaPlayerEditor
LogPluginManager: Mounting plugin WebMMedia
LogPluginManager: Mounting plugin OodleData
LogPluginManager: Mounting plugin WmfMedia
LogPluginManager: Mounting plugin OodleNetwork
LogPluginManager: Mounting plugin AssetManagerEditor
LogPluginManager: Mounting plugin TcpMessaging
LogPluginManager: Mounting plugin UdpMessaging
LogPluginManager: Mounting plugin CryptoKeys
LogPluginManager: Mounting plugin CurveEditorTools
LogPluginManager: Mounting plugin DataValidation
LogPluginManager: Mounting plugin GeometryMode
LogPluginManager: Mounting plugin GameplayTagsEditor
LogPluginManager: Mounting plugin MacGraphicsSwitching
LogPluginManager: Mounting plugin MaterialAnalyzer
LogPluginManager: Mounting plugin MobileLauncherProfileWizard
LogPluginManager: Mounting plugin PluginBrowser
LogPluginManager: Mounting plugin SpeedTreeImporter
LogPluginManager: Mounting plugin FacialAnimation
LogPluginManager: Mounting plugin OnlineSubsystem
LogPluginManager: Mounting plugin OnlineSubsystemNull
LogPluginManager: Mounting plugin OnlineSubsystemSteam
LogPluginManager: Mounting plugin OnlineSubsystemUtils
LogPluginManager: Mounting plugin LuminPlatformFeatures
LogPluginManager: Mounting plugin MagicLeap
LogPluginManager: Mounting plugin MagicLeapLightEstimation
LogPluginManager: Mounting plugin MagicLeapMedia
LogPluginManager: Mounting plugin ActorLayerUtilities
LogPluginManager: Mounting plugin MLSDK
LogPluginManager: Mounting plugin MagicLeapPassableWorld
LogPluginManager: Mounting plugin AndroidDeviceProfileSelector
LogPluginManager: Mounting plugin AndroidMoviePlayer
LogPluginManager: Mounting plugin AndroidPermission
LogPluginManager: Mounting plugin AppleMoviePlayer
LogPluginManager: Mounting plugin AssetTags
LogPluginManager: Mounting plugin ArchVisCharacter
LogPluginManager: Mounting plugin AudioCapture
LogPluginManager: Mounting plugin AppleImageUtils
LogPluginManager: Mounting plugin AudioSynesthesia
LogPluginManager: Mounting plugin ChunkDownloader
LogPluginManager: Mounting plugin EditableMesh
LogPluginManager: Mounting plugin CustomMeshComponent
LogPluginManager: Mounting plugin ExampleDeviceProfileSelector
LogPluginManager: Mounting plugin GooglePAD
LogPluginManager: Mounting plugin ActorSequence
LogPluginManager: Mounting plugin GoogleCloudMessaging
LogPluginManager: Mounting plugin IOSDeviceProfileSelector
LogPluginManager: Mounting plugin LinuxDeviceProfileSelector
LogPluginManager: Mounting plugin LocationServicesBPLibrary
LogPluginManager: Mounting plugin MobilePatchingUtils
LogPluginManager: Mounting plugin LevelSequenceEditor
LogPluginManager: Mounting plugin MatineeToLevelSequence
LogPluginManager: Mounting plugin CableComponent
LogPluginManager: Mounting plugin OpenXR
LogPluginManager: Mounting plugin OpenXREyeTracker
LogPluginManager: Mounting plugin PhysXVehicles
LogPluginManager: Mounting plugin PostSplashScreen
LogPluginManager: Mounting plugin ProceduralMeshComponent
LogPluginManager: Mounting plugin RuntimePhysXCooking
LogPluginManager: Mounting plugin OpenXRHandTracking
LogPluginManager: Mounting plugin SignificanceManager
LogPluginManager: Mounting plugin PropertyAccessEditor
LogPluginManager: Mounting plugin SoundFields
LogPluginManager: Mounting plugin Synthesis
LogPluginManager: Mounting plugin WebMMoviePlayer
LogPluginManager: Mounting plugin WindowsMoviePlayer
LogPluginManager: Mounting plugin LauncherChunkInstaller
LogPluginManager: Mounting plugin TemplateSequence
LogPluginManager: Mounting plugin ScreenshotTools
LogPluginManager: Mounting plugin Takes
LogPluginManager: Mounting plugin ContentBrowserAssetDataSource
LogPluginManager: Mounting plugin ContentBrowserClassDataSource
LogPluginManager: Mounting plugin ContentBrowserFileDataSource
LogPluginManager: Mounting plugin OnlineSubsystemGooglePlay
LogPluginManager: Mounting plugin OnlineSubsystemIOS
LogPluginManager: Mounting plugin OculusVR
LogPluginManager: Mounting plugin SteamAudio
LogPluginManager: Mounting plugin SteamShared
LogPluginManager: Mounting plugin SteamVR
PixWinPlugin: PIX capture plugin failed to initialize! Check that the process is launched from PIX.
LogInit: Using libcurl 7.55.1-DEV
LogInit:  - built for x86_64-pc-win32
LogInit:  - supports SSL with OpenSSL/1.1.1
LogInit:  - supports HTTP deflate (compression) using libz 1.2.8
LogInit:  - other features:
LogInit:      CURL_VERSION_SSL
LogInit:      CURL_VERSION_LIBZ
LogInit:      CURL_VERSION_IPV6
LogInit:      CURL_VERSION_ASYNCHDNS
LogInit:      CURL_VERSION_LARGEFILE
LogInit:      CURL_VERSION_IDN
LogInit:  CurlRequestOptions (configurable via config and command line):
LogInit:  - bVerifyPeer = true  - Libcurl will verify peer certificate
LogInit:  - bUseHttpProxy = false  - Libcurl will NOT use HTTP proxy
LogInit:  - bDontReuseConnections = false  - Libcurl will reuse connections
LogInit:  - MaxHostConnections = 16  - Libcurl will limit the number of connections to a host
LogInit:  - LocalHostAddr = Default
LogInit:  - BufferSize = 65536
LogSteamShared: Display: Loading Steam SDK 1.51
LogSteamShared: Steam SDK Loaded!
LogOnline: OSS: Creating online subsystem instance for: Steam
LogSteamShared: Warning: SteamAPI failed to initialize, conditions not met.
LogOnline: Warning: STEAM: Steamworks: SteamUtils() failed!
LogOnline: Warning: STEAM: Steamworks: SteamUser() failed!
LogOnline: Warning: STEAM: Steamworks: SteamFriends() failed!
LogOnline: Warning: STEAM: Steamworks: SteamRemoteStorage() failed!
LogOnline: Warning: STEAM: Steamworks: SteamUserStats() failed!
LogOnline: Warning: STEAM: Steamworks: SteamMatchmakingServers() failed!
LogOnline: Warning: STEAM: Steamworks: SteamApps() failed!
LogOnline: Warning: STEAM: Steamworks: SteamNetworking() failed!
LogOnline: Warning: STEAM: Steamworks: SteamMatchmaking() failed!
LogOnline: STEAM: [AppId: 0] Client API initialized 0
LogOnline: Display: STEAM: OnlineSubsystemSteam::Shutdown()
LogOnline: Warning: STEAM: Steam API failed to initialize!
LogOnline: Display: STEAM: OnlineSubsystemSteam::Shutdown()
LogOnline: OSS: Unable to create OnlineSubsystem module Steam
LogOnline: OSS: Creating online subsystem instance for: NULL
LogInit: WinSock: version 1.1 (2.2), MaxSocks=32767, MaxUdp=65467
LogOnline: OSS: TryLoadSubsystemAndSetDefault: Loaded subsystem for module [NULL]
LogOculusPluginWrapper: OculusPlugin initialized successfully
LogHMD: Failed initializing OVRPlugin 1.59.0
LogInit: Build: ++UE4+Release-4.27-CL-18319896
LogInit: Engine Version: 4.27.2-18319896+++UE4+Release-4.27
LogInit: Compatible Engine Version: 4.27.0-17155196+++UE4+Release-4.27
LogInit: Net CL: 17155196
LogInit: OS: Windows 10 (Release 2009) (), CPU: Intel(R) Core(TM) i7-9700K CPU @ 3.60GHz, GPU: NVIDIA GeForce GTX 1060 6GB
LogInit: Compiled (64-bit): Nov 30 2021 07:12:08
LogInit: Compiled with Visual C++: 19.24.28315.00
LogInit: Build Configuration: Development
LogInit: Branch Name: ++UE4+Release-4.27
LogInit: Command Line:  /Game/ThirdPersonBP/Maps/ThirdPersonExampleMap -game -PIEVIACONSOLE -Multiprocess "GameUserSettingsINI=D:/Polytech Work/Year-3/Game dev/Space-Porject/Station11Game/Station_11_BIT/Saved/Config/Windows/PIEGameUserSettings0.ini" -MultiprocessSaveConfig -forcepassthrough -messaging -SessionName="Play in Standalone Game" -windowed -WinX=0 -WinY=24 SAVEWINPOS=1 -ResX=640 -ResY=480
LogInit: Base Directory: D:/Unreal Engine/UE_4.27/Engine/Binaries/Win64/
LogInit: Allocator: TBB
LogInit: Installed Engine Build: 1
LogDevObjectVersion: Number of dev versions registered: 29
LogDevObjectVersion:   Dev-Blueprints (B0D832E4-1F89-4F0D-ACCF-7EB736FD4AA2): 10
LogDevObjectVersion:   Dev-Build (E1C64328-A22C-4D53-A36C-8E866417BD8C): 0
LogDevObjectVersion:   Dev-Core (375EC13C-06E4-48FB-B500-84F0262A717E): 4
LogDevObjectVersion:   Dev-Editor (E4B068ED-F494-42E9-A231-DA0B2E46BB41): 40
LogDevObjectVersion:   Dev-Framework (CFFC743F-43B0-4480-9391-14DF171D2073): 37
LogDevObjectVersion:   Dev-Mobile (B02B49B5-BB20-44E9-A304-32B752E40360): 3
LogDevObjectVersion:   Dev-Networking (A4E4105C-59A1-49B5-A7C5-40C4547EDFEE): 0
LogDevObjectVersion:   Dev-Online (39C831C9-5AE6-47DC-9A44-9C173E1C8E7C): 0
LogDevObjectVersion:   Dev-Physics (78F01B33-EBEA-4F98-B9B4-84EACCB95AA2): 14
LogDevObjectVersion:   Dev-Platform (6631380F-2D4D-43E0-8009-CF276956A95A): 0
LogDevObjectVersion:   Dev-Rendering (12F88B9F-8875-4AFC-A67C-D90C383ABD29): 45
LogDevObjectVersion:   Dev-Sequencer (7B5AE74C-D270-4C10-A958-57980B212A5A): 13
LogDevObjectVersion:   Dev-VR (D7296918-1DD6-4BDD-9DE2-64A83CC13884): 3
LogDevObjectVersion:   Dev-LoadTimes (C2A15278-BFE7-4AFE-6C17-90FF531DF755): 1
LogDevObjectVersion:   Private-Geometry (6EACA3D4-40EC-4CC1-B786-8BED09428FC5): 3
LogDevObjectVersion:   Dev-AnimPhys (29E575DD-E0A3-4627-9D10-D276232CDCEA): 17
LogDevObjectVersion:   Dev-Anim (AF43A65D-7FD3-4947-9873-3E8ED9C1BB05): 15
LogDevObjectVersion:   Dev-ReflectionCapture (6B266CEC-1EC7-4B8F-A30B-E4D90942FC07): 1
LogDevObjectVersion:   Dev-Automation (0DF73D61-A23F-47EA-B727-89E90C41499A): 1
LogDevObjectVersion:   FortniteMain (601D1886-AC64-4F84-AA16-D3DE0DEAC7D6): 47
LogDevObjectVersion:   FortniteRelease (E7086368-6B23-4C58-8439-1B7016265E91): 1
LogDevObjectVersion:   Dev-Enterprise (9DFFBCD6-494F-0158-E221-12823C92A888): 10
LogDevObjectVersion:   Dev-Niagara (F2AED0AC-9AFE-416F-8664-AA7FFA26D6FC): 1
LogDevObjectVersion:   Dev-Destruction (174F1F0B-B4C6-45A5-B13F-2EE8D0FB917D): 10
LogDevObjectVersion:   Dev-Physics-Ext (35F94A83-E258-406C-A318-09F59610247C): 41
LogDevObjectVersion:   Dev-PhysicsMaterial-Chaos (B68FC16E-8B1B-42E2-B453-215C058844FE): 1
LogDevObjectVersion:   Dev-CineCamera (B2E18506-4273-CFC2-A54E-F4BB758BBA07): 1
LogDevObjectVersion:   Dev-VirtualProduction (64F58936-FD1B-42BA-BA96-7289D5D0FA4E): 1
LogDevObjectVersion:   Dev-MediaFramework (6F0ED827-A609-4895-9C91-998D90180EA4): 2
LogInit: Presizing for max 25165824 objects, including 0 objects not considered by GC, pre-allocating 0 bytes for permanent pool.
LogConfig: Applying CVar settings from Section [/Script/Engine.StreamingSettings] File [D:/Polytech Work/Year-3/Game dev/Space-Porject/Station11Game/Station_11_BIT/Saved/Config/Windows/Engine.ini]
LogConfig: Setting CVar [[s.MinBulkDataSizeForAsyncLoading:131072]]
LogConfig: Setting CVar [[s.AsyncLoadingThreadEnabled:0]]
LogConfig: Setting CVar [[s.EventDrivenLoaderEnabled:1]]
LogConfig: Setting CVar [[s.WarnIfTimeLimitExceeded:0]]
LogConfig: Setting CVar [[s.TimeLimitExceededMultiplier:1.5]]
LogConfig: Setting CVar [[s.TimeLimitExceededMinTime:0.005]]
LogConfig: Setting CVar [[s.UseBackgroundLevelStreaming:1]]
LogConfig: Setting CVar [[s.PriorityAsyncLoadingExtraTime:15.0]]
LogConfig: Setting CVar [[s.LevelStreamingActorsUpdateTimeLimit:5.0]]
LogConfig: Setting CVar [[s.PriorityLevelStreamingActorsUpdateExtraTime:5.0]]
LogConfig: Setting CVar [[s.LevelStreamingComponentsRegistrationGranularity:10]]
LogConfig: Setting CVar [[s.UnregisterComponentsTimeLimit:1.0]]
LogConfig: Setting CVar [[s.LevelStreamingComponentsUnregistrationGranularity:5]]
LogConfig: Setting CVar [[s.FlushStreamingOnExit:1]]
LogInit: Object subsystem initialized
LogConfig: Setting CVar [[con.DebugEarlyDefault:1]]
LogConfig: Setting CVar [[r.setres:1280x720]]
[2022.05.22-10.37.37:441][  0]LogConfig: Setting CVar [[con.DebugEarlyDefault:1]]
[2022.05.22-10.37.37:441][  0]LogConfig: Setting CVar [[r.setres:1280x720]]
[2022.05.22-10.37.37:441][  0]LogConfig: Applying CVar settings from Section [/Script/Engine.RendererSettings] File [D:/Polytech Work/Year-3/Game dev/Space-Porject/Station11Game/Station_11_BIT/Saved/Config/Windows/Engine.ini]
[2022.05.22-10.37.37:441][  0]LogConfig: Setting CVar [[r.GPUCrashDebugging:0]]
[2022.05.22-10.37.37:441][  0]LogConfig: Applying CVar settings from Section [/Script/Engine.RendererOverrideSettings] File [D:/Polytech Work/Year-3/Game dev/Space-Porject/Station11Game/Station_11_BIT/Saved/Config/Windows/Engine.ini]
[2022.05.22-10.37.37:441][  0]LogConfig: Applying CVar settings from Section [/Script/Engine.StreamingSettings] File [D:/Polytech Work/Year-3/Game dev/Space-Porject/Station11Game/Station_11_BIT/Saved/Config/Windows/Engine.ini]
[2022.05.22-10.37.37:441][  0]LogConfig: Setting CVar [[s.MinBulkDataSizeForAsyncLoading:131072]]
[2022.05.22-10.37.37:441][  0]LogConfig: Setting CVar [[s.AsyncLoadingThreadEnabled:0]]
[2022.05.22-10.37.37:441][  0]LogConfig: Setting CVar [[s.EventDrivenLoaderEnabled:1]]
[2022.05.22-10.37.37:441][  0]LogConfig: Setting CVar [[s.WarnIfTimeLimitExceeded:0]]
[2022.05.22-10.37.37:441][  0]LogConfig: Setting CVar [[s.TimeLimitExceededMultiplier:1.5]]
[2022.05.22-10.37.37:441][  0]LogConfig: Setting CVar [[s.TimeLimitExceededMinTime:0.005]]
[2022.05.22-10.37.37:441][  0]LogConfig: Setting CVar [[s.UseBackgroundLevelStreaming:1]]
[2022.05.22-10.37.37:441][  0]LogConfig: Setting CVar [[s.PriorityAsyncLoadingExtraTime:15.0]]
[2022.05.22-10.37.37:441][  0]LogConfig: Setting CVar [[s.LevelStreamingActorsUpdateTimeLimit:5.0]]
[2022.05.22-10.37.37:441][  0]LogConfig: Setting CVar [[s.PriorityLevelStreamingActorsUpdateExtraTime:5.0]]
[2022.05.22-10.37.37:441][  0]LogConfig: Setting CVar [[s.LevelStreamingComponentsRegistrationGranularity:10]]
[2022.05.22-10.37.37:441][  0]LogConfig: Setting CVar [[s.UnregisterComponentsTimeLimit:1.0]]
[2022.05.22-10.37.37:441][  0]LogConfig: Setting CVar [[s.LevelStreamingComponentsUnregistrationGranularity:5]]
[2022.05.22-10.37.37:441][  0]LogConfig: Setting CVar [[s.FlushStreamingOnExit:1]]
[2022.05.22-10.37.37:441][  0]LogConfig: Applying CVar settings from Section [/Script/Engine.GarbageCollectionSettings] File [D:/Polytech Work/Year-3/Game dev/Space-Porject/Station11Game/Station_11_BIT/Saved/Config/Windows/Engine.ini]
[2022.05.22-10.37.37:441][  0]LogConfig: Setting CVar [[gc.MaxObjectsNotConsideredByGC:1]]
[2022.05.22-10.37.37:441][  0]LogConfig: Setting CVar [[gc.SizeOfPermanentObjectPool:0]]
[2022.05.22-10.37.37:442][  0]LogConfig: Setting CVar [[gc.FlushStreamingOnGC:0]]
[2022.05.22-10.37.37:442][  0]LogConfig: Setting CVar [[gc.NumRetriesBeforeForcingGC:10]]
[2022.05.22-10.37.37:442][  0]LogConfig: Setting CVar [[gc.AllowParallelGC:1]]
[2022.05.22-10.37.37:442][  0]LogConfig: Setting CVar [[gc.TimeBetweenPurgingPendingKillObjects:61.1]]
[2022.05.22-10.37.37:442][  0]LogConfig: Setting CVar [[gc.MaxObjectsInEditor:25165824]]
[2022.05.22-10.37.37:442][  0]LogConfig: Setting CVar [[gc.IncrementalBeginDestroyEnabled:1]]
[2022.05.22-10.37.37:442][  0]LogConfig: Setting CVar [[gc.CreateGCClusters:1]]
[2022.05.22-10.37.37:442][  0]LogConfig: Setting CVar [[gc.MinGCClusterSize:5]]
[2022.05.22-10.37.37:442][  0]LogConfig: Setting CVar [[gc.ActorClusteringEnabled:0]]
[2022.05.22-10.37.37:442][  0]LogConfig: Setting CVar [[gc.BlueprintClusteringEnabled:0]]
[2022.05.22-10.37.37:442][  0]LogConfig: Setting CVar [[gc.UseDisregardForGCOnDedicatedServers:0]]
[2022.05.22-10.37.37:442][  0]LogConfig: Setting CVar [[gc.MultithreadedDestructionEnabled:1]]
[2022.05.22-10.37.37:442][  0]LogConfig: Applying CVar settings from Section [/Script/Engine.NetworkSettings] File [D:/Polytech Work/Year-3/Game dev/Space-Porject/Station11Game/Station_11_BIT/Saved/Config/Windows/Engine.ini]
[2022.05.22-10.37.37:442][  0]LogConfig: Applying CVar settings from Section [/Script/UnrealEd.CookerSettings] File [D:/Polytech Work/Year-3/Game dev/Space-Porject/Station11Game/Station_11_BIT/Saved/Config/Windows/Engine.ini]
[2022.05.22-10.37.37:453][  0]LogConfig: Applying CVar settings from Section [ViewDistanceQuality@3] File [D:/Polytech Work/Year-3/Game dev/Space-Porject/Station11Game/Station_11_BIT/Saved/Config/Windows/Scalability.ini]
[2022.05.22-10.37.37:453][  0]LogConfig: Setting CVar [[r.SkeletalMeshLODBias:0]]
[2022.05.22-10.37.37:453][  0]LogConfig: Setting CVar [[r.ViewDistanceScale:1.0]]
[2022.05.22-10.37.37:453][  0]LogConfig: Applying CVar settings from Section [AntiAliasingQuality@3] File [D:/Polytech Work/Year-3/Game dev/Space-Porject/Station11Game/Station_11_BIT/Saved/Config/Windows/Scalability.ini]
[2022.05.22-10.37.37:453][  0]LogConfig: Setting CVar [[r.PostProcessAAQuality:4]]
[2022.05.22-10.37.37:453][  0]LogConfig: Applying CVar settings from Section [ShadowQuality@3] File [D:/Polytech Work/Year-3/Game dev/Space-Porject/Station11Game/Station_11_BIT/Saved/Config/Windows/Scalability.ini]
[2022.05.22-10.37.37:453][  0]LogConfig: Setting CVar [[r.LightFunctionQuality:1]]
[2022.05.22-10.37.37:453][  0]LogConfig: Setting CVar [[r.ShadowQuality:5]]
[2022.05.22-10.37.37:453][  0]LogConfig: Setting CVar [[r.Shadow.CSM.MaxCascades:10]]
[2022.05.22-10.37.37:453][  0]LogConfig: Setting CVar [[r.Shadow.MaxResolution:2048]]
[2022.05.22-10.37.37:453][  0]LogConfig: Setting CVar [[r.Shadow.MaxCSMResolution:2048]]
[2022.05.22-10.37.37:453][  0]LogConfig: Setting CVar [[r.Shadow.RadiusThreshold:0.01]]
[2022.05.22-10.37.37:453][  0]LogConfig: Setting CVar [[r.Shadow.DistanceScale:1.0]]
[2022.05.22-10.37.37:453][  0]LogConfig: Setting CVar [[r.Shadow.CSM.TransitionScale:1.0]]
[2022.05.22-10.37.37:453][  0]LogConfig: Setting CVar [[r.Shadow.PreShadowResolutionFactor:1.0]]
[2022.05.22-10.37.37:453][  0]LogConfig: Setting CVar [[r.DistanceFieldShadowing:1]]
[2022.05.22-10.37.37:453][  0]LogConfig: Setting CVar [[r.DistanceFieldAO:1]]
[2022.05.22-10.37.37:453][  0]LogConfig: Setting CVar [[r.AOQuality:2]]
[2022.05.22-10.37.37:453][  0]LogConfig: Setting CVar [[r.VolumetricFog:1]]
[2022.05.22-10.37.37:453][  0]LogConfig: Setting CVar [[r.VolumetricFog.GridPixelSize:8]]
[2022.05.22-10.37.37:453][  0]LogConfig: Setting CVar [[r.VolumetricFog.GridSizeZ:128]]
[2022.05.22-10.37.37:453][  0]LogConfig: Setting CVar [[r.VolumetricFog.HistoryMissSupersampleCount:4]]
[2022.05.22-10.37.37:453][  0]LogConfig: Setting CVar [[r.LightMaxDrawDistanceScale:1]]
[2022.05.22-10.37.37:453][  0]LogConfig: Setting CVar [[r.CapsuleShadows:1]]
[2022.05.22-10.37.37:453][  0]LogConfig: Applying CVar settings from Section [PostProcessQuality@3] File [D:/Polytech Work/Year-3/Game dev/Space-Porject/Station11Game/Station_11_BIT/Saved/Config/Windows/Scalability.ini]
[2022.05.22-10.37.37:453][  0]LogConfig: Setting CVar [[r.MotionBlurQuality:4]]
[2022.05.22-10.37.37:453][  0]LogConfig: Setting CVar [[r.AmbientOcclusionMipLevelFactor:0.4]]
[2022.05.22-10.37.37:453][  0]LogConfig: Setting CVar [[r.AmbientOcclusionMaxQuality:100]]
[2022.05.22-10.37.37:453][  0]LogConfig: Setting CVar [[r.AmbientOcclusionLevels:-1]]
[2022.05.22-10.37.37:453][  0]LogConfig: Setting CVar [[r.AmbientOcclusionRadiusScale:1.0]]
[2022.05.22-10.37.37:453][  0]LogConfig: Setting CVar [[r.DepthOfFieldQuality:2]]
[2022.05.22-10.37.37:453][  0]LogConfig: Setting CVar [[r.RenderTargetPoolMin:400]]
[2022.05.22-10.37.37:453][  0]LogConfig: Setting CVar [[r.LensFlareQuality:2]]
[2022.05.22-10.37.37:453][  0]LogConfig: Setting CVar [[r.SceneColorFringeQuality:1]]
[2022.05.22-10.37.37:453][  0]LogConfig: Setting CVar [[r.EyeAdaptationQuality:2]]
[2022.05.22-10.37.37:453][  0]LogConfig: Setting CVar [[r.BloomQuality:5]]
[2022.05.22-10.37.37:453][  0]LogConfig: Setting CVar [[r.FastBlurThreshold:100]]
[2022.05.22-10.37.37:453][  0]LogConfig: Setting CVar [[r.Upscale.Quality:3]]
[2022.05.22-10.37.37:453][  0]LogConfig: Setting CVar [[r.Tonemapper.GrainQuantization:1]]
[2022.05.22-10.37.37:453][  0]LogConfig: Setting CVar [[r.LightShaftQuality:1]]
[2022.05.22-10.37.37:453][  0]LogConfig: Setting CVar [[r.Filter.SizeScale:1]]
[2022.05.22-10.37.37:453][  0]LogConfig: Setting CVar [[r.Tonemapper.Quality:5]]
[2022.05.22-10.37.37:453][  0]LogConfig: Setting CVar [[r.DOF.Gather.AccumulatorQuality:1        ; higher gathering accumulator quality]]
[2022.05.22-10.37.37:453][  0]LogConfig: Setting CVar [[r.DOF.Gather.PostfilterMethod:1          ; Median3x3 postfilering method]]
[2022.05.22-10.37.37:453][  0]LogConfig: Setting CVar [[r.DOF.Gather.EnableBokehSettings:0       ; no bokeh simulation when gathering]]
[2022.05.22-10.37.37:453][  0]LogConfig: Setting CVar [[r.DOF.Gather.RingCount:4                 ; medium number of samples when gathering]]
[2022.05.22-10.37.37:453][  0]LogConfig: Setting CVar [[r.DOF.Scatter.ForegroundCompositing:1    ; additive foreground scattering]]
[2022.05.22-10.37.37:453][  0]LogConfig: Setting CVar [[r.DOF.Scatter.BackgroundCompositing:2    ; additive background scattering]]
[2022.05.22-10.37.37:453][  0]LogConfig: Setting CVar [[r.DOF.Scatter.EnableBokehSettings:1      ; bokeh simulation when scattering]]
[2022.05.22-10.37.37:453][  0]LogConfig: Setting CVar [[r.DOF.Scatter.MaxSpriteRatio:0.1         ; only a maximum of 10% of scattered bokeh]]
[2022.05.22-10.37.37:453][  0]LogConfig: Setting CVar [[r.DOF.Recombine.Quality:1                ; cheap slight out of focus]]
[2022.05.22-10.37.37:453][  0]LogConfig: Setting CVar [[r.DOF.Recombine.EnableBokehSettings:0    ; no bokeh simulation on slight out of focus]]
[2022.05.22-10.37.37:453][  0]LogConfig: Setting CVar [[r.DOF.TemporalAAQuality:1                ; more stable temporal accumulation]]
[2022.05.22-10.37.37:453][  0]LogConfig: Setting CVar [[r.DOF.Kernel.MaxForegroundRadius:0.025]]
[2022.05.22-10.37.37:453][  0]LogConfig: Setting CVar [[r.DOF.Kernel.MaxBackgroundRadius:0.025]]
[2022.05.22-10.37.37:453][  0]LogConfig: Applying CVar settings from Section [TextureQuality@3] File [D:/Polytech Work/Year-3/Game dev/Space-Porject/Station11Game/Station_11_BIT/Saved/Config/Windows/Scalability.ini]
[2022.05.22-10.37.37:453][  0]LogConfig: Setting CVar [[r.Streaming.MipBias:0]]
[2022.05.22-10.37.37:453][  0]LogConfig: Setting CVar [[r.Streaming.AmortizeCPUToGPUCopy:0]]
[2022.05.22-10.37.37:453][  0]LogConfig: Setting CVar [[r.Streaming.MaxNumTexturesToStreamPerFrame:0]]
[2022.05.22-10.37.37:453][  0]LogConfig: Setting CVar [[r.Streaming.Boost:1]]
[2022.05.22-10.37.37:453][  0]LogConfig: Setting CVar [[r.MaxAnisotropy:8]]
[2022.05.22-10.37.37:453][  0]LogConfig: Setting CVar [[r.VT.MaxAnisotropy:8]]
[2022.05.22-10.37.37:454][  0]LogConfig: Setting CVar [[r.Streaming.LimitPoolSizeToVRAM:0]]
[2022.05.22-10.37.37:454][  0]LogConfig: Setting CVar [[r.Streaming.PoolSize:1000]]
[2022.05.22-10.37.37:454][  0]LogConfig: Setting CVar [[r.Streaming.MaxEffectiveScreenSize:0]]
[2022.05.22-10.37.37:454][  0]LogConfig: Applying CVar settings from Section [EffectsQuality@3] File [D:/Polytech Work/Year-3/Game dev/Space-Porject/Station11Game/Station_11_BIT/Saved/Config/Windows/Scalability.ini]
[2022.05.22-10.37.37:454][  0]LogConfig: Setting CVar [[r.TranslucencyLightingVolumeDim:64]]
[2022.05.22-10.37.37:454][  0]LogConfig: Setting CVar [[r.RefractionQuality:2]]
[2022.05.22-10.37.37:454][  0]LogConfig: Setting CVar [[r.SSR.Quality:3]]
[2022.05.22-10.37.37:454][  0]LogConfig: Setting CVar [[r.SSR.HalfResSceneColor:0]]
[2022.05.22-10.37.37:454][  0]LogConfig: Setting CVar [[r.SceneColorFormat:4]]
[2022.05.22-10.37.37:454][  0]LogConfig: Setting CVar [[r.DetailMode:2]]
[2022.05.22-10.37.37:454][  0]LogConfig: Setting CVar [[r.TranslucencyVolumeBlur:1]]
[2022.05.22-10.37.37:454][  0]LogConfig: Setting CVar [[r.MaterialQualityLevel:1 ; High quality]]
[2022.05.22-10.37.37:454][  0]LogConfig: Setting CVar [[r.AnisotropicMaterials:1]]
[2022.05.22-10.37.37:454][  0]LogConfig: Setting CVar [[r.SSS.Scale:1]]
[2022.05.22-10.37.37:454][  0]LogConfig: Setting CVar [[r.SSS.SampleSet:2]]
[2022.05.22-10.37.37:454][  0]LogConfig: Setting CVar [[r.SSS.Quality:1]]
[2022.05.22-10.37.37:454][  0]LogConfig: Setting CVar [[r.SSS.HalfRes:0]]
[2022.05.22-10.37.37:454][  0]LogConfig: Setting CVar [[r.SSGI.Quality:3]]
[2022.05.22-10.37.37:454][  0]LogConfig: Setting CVar [[r.EmitterSpawnRateScale:1.0]]
[2022.05.22-10.37.37:454][  0]LogConfig: Setting CVar [[r.ParticleLightQuality:2]]
[2022.05.22-10.37.37:454][  0]LogConfig: Setting CVar [[r.SkyAtmosphere.AerialPerspectiveLUT.FastApplyOnOpaque:1 ; Always have FastSkyLUT 1 in this case to avoid wrong sky]]
[2022.05.22-10.37.37:454][  0]LogConfig: Setting CVar [[r.SkyAtmosphere.AerialPerspectiveLUT.SampleCountMaxPerSlice:4]]
[2022.05.22-10.37.37:454][  0]LogConfig: Setting CVar [[r.SkyAtmosphere.AerialPerspectiveLUT.DepthResolution:16.0]]
[2022.05.22-10.37.37:454][  0]LogConfig: Setting CVar [[r.SkyAtmosphere.FastSkyLUT:1]]
[2022.05.22-10.37.37:454][  0]LogConfig: Setting CVar [[r.SkyAtmosphere.FastSkyLUT.SampleCountMin:4.0]]
[2022.05.22-10.37.37:454][  0]LogConfig: Setting CVar [[r.SkyAtmosphere.FastSkyLUT.SampleCountMax:128.0]]
[2022.05.22-10.37.37:454][  0]LogConfig: Setting CVar [[r.SkyAtmosphere.SampleCountMin:4.0]]
[2022.05.22-10.37.37:454][  0]LogConfig: Setting CVar [[r.SkyAtmosphere.SampleCountMax:128.0]]
[2022.05.22-10.37.37:454][  0]LogConfig: Setting CVar [[r.SkyAtmosphere.TransmittanceLUT.UseSmallFormat:0]]
[2022.05.22-10.37.37:454][  0]LogConfig: Setting CVar [[r.SkyAtmosphere.TransmittanceLUT.SampleCount:10.0]]
[2022.05.22-10.37.37:454][  0]LogConfig: Setting CVar [[r.SkyAtmosphere.MultiScatteringLUT.SampleCount:15.0]]
[2022.05.22-10.37.37:454][  0]LogConfig: Setting CVar [[r.SkyLight.RealTimeReflectionCapture:1]]
[2022.05.22-10.37.37:454][  0]LogConfig: Applying CVar settings from Section [FoliageQuality@3] File [D:/Polytech Work/Year-3/Game dev/Space-Porject/Station11Game/Station_11_BIT/Saved/Config/Windows/Scalability.ini]
[2022.05.22-10.37.37:454][  0]LogConfig: Setting CVar [[foliage.DensityScale:1.0]]
[2022.05.22-10.37.37:454][  0]LogConfig: Setting CVar [[grass.DensityScale:1.0]]
[2022.05.22-10.37.37:454][  0]LogConfig: Applying CVar settings from Section [ShadingQuality@3] File [D:/Polytech Work/Year-3/Game dev/Space-Porject/Station11Game/Station_11_BIT/Saved/Config/Windows/Scalability.ini]
[2022.05.22-10.37.37:454][  0]LogConfig: Setting CVar [[r.HairStrands.SkyLighting.IntegrationType:2]]
[2022.05.22-10.37.37:454][  0]LogConfig: Setting CVar [[r.HairStrands.SkyAO.SampleCount:4]]
[2022.05.22-10.37.37:454][  0]LogConfig: Setting CVar [[r.HairStrands.Visibility.MSAA.SamplePerPixel:4]]
[2022.05.22-10.37.37:454][  0]LogInit: Selected Device Profile: [Windows]
[2022.05.22-10.37.37:454][  0]LogInit: Applying CVar settings loaded from the selected device profile: [Windows]
[2022.05.22-10.37.37:454][  0]LogHAL: Display: Platform has ~ 16 GB [17087238144 / 17179869184 / 16], which maps to Larger [LargestMinGB=32, LargerMinGB=12, DefaultMinGB=8, SmallerMinGB=6, SmallestMinGB=0)
[2022.05.22-10.37.37:454][  0]LogInit: Going up to parent DeviceProfile []
[2022.05.22-10.37.37:454][  0]LogConfig: Applying CVar settings from Section [ViewDistanceQuality@3] File [D:/Polytech Work/Year-3/Game dev/Space-Porject/Station11Game/Station_11_BIT/Saved/Config/Windows/Scalability.ini]
[2022.05.22-10.37.37:454][  0]LogConfig: Setting CVar [[r.SkeletalMeshLODBias:0]]
[2022.05.22-10.37.37:454][  0]LogConfig: Setting CVar [[r.ViewDistanceScale:1.0]]
[2022.05.22-10.37.37:454][  0]LogConfig: Applying CVar settings from Section [AntiAliasingQuality@3] File [D:/Polytech Work/Year-3/Game dev/Space-Porject/Station11Game/Station_11_BIT/Saved/Config/Windows/Scalability.ini]
[2022.05.22-10.37.37:454][  0]LogConfig: Setting CVar [[r.PostProcessAAQuality:4]]
[2022.05.22-10.37.37:454][  0]LogConfig: Applying CVar settings from Section [ShadowQuality@3] File [D:/Polytech Work/Year-3/Game dev/Space-Porject/Station11Game/Station_11_BIT/Saved/Config/Windows/Scalability.ini]
[2022.05.22-10.37.37:454][  0]LogConfig: Setting CVar [[r.LightFunctionQuality:1]]
[2022.05.22-10.37.37:454][  0]LogConfig: Setting CVar [[r.ShadowQuality:5]]
[2022.05.22-10.37.37:454][  0]LogConfig: Setting CVar [[r.Shadow.CSM.MaxCascades:10]]
[2022.05.22-10.37.37:454][  0]LogConfig: Setting CVar [[r.Shadow.MaxResolution:2048]]
[2022.05.22-10.37.37:454][  0]LogConfig: Setting CVar [[r.Shadow.MaxCSMResolution:2048]]
[2022.05.22-10.37.37:454][  0]LogConfig: Setting CVar [[r.Shadow.RadiusThreshold:0.01]]
[2022.05.22-10.37.37:454][  0]LogConfig: Setting CVar [[r.Shadow.DistanceScale:1.0]]
[2022.05.22-10.37.37:454][  0]LogConfig: Setting CVar [[r.Shadow.CSM.TransitionScale:1.0]]
[2022.05.22-10.37.37:454][  0]LogConfig: Setting CVar [[r.Shadow.PreShadowResolutionFactor:1.0]]
[2022.05.22-10.37.37:454][  0]LogConfig: Setting CVar [[r.DistanceFieldShadowing:1]]
[2022.05.22-10.37.37:454][  0]LogConfig: Setting CVar [[r.DistanceFieldAO:1]]
[2022.05.22-10.37.37:454][  0]LogConfig: Setting CVar [[r.AOQuality:2]]
[2022.05.22-10.37.37:454][  0]LogConfig: Setting CVar [[r.VolumetricFog:1]]
[2022.05.22-10.37.37:454][  0]LogConfig: Setting CVar [[r.VolumetricFog.GridPixelSize:8]]
[2022.05.22-10.37.37:454][  0]LogConfig: Setting CVar [[r.VolumetricFog.GridSizeZ:128]]
[2022.05.22-10.37.37:454][  0]LogConfig: Setting CVar [[r.VolumetricFog.HistoryMissSupersampleCount:4]]
[2022.05.22-10.37.37:454][  0]LogConfig: Setting CVar [[r.LightMaxDrawDistanceScale:1]]
[2022.05.22-10.37.37:454][  0]LogConfig: Setting CVar [[r.CapsuleShadows:1]]
[2022.05.22-10.37.37:454][  0]LogConfig: Applying CVar settings from Section [PostProcessQuality@3] File [D:/Polytech Work/Year-3/Game dev/Space-Porject/Station11Game/Station_11_BIT/Saved/Config/Windows/Scalability.ini]
[2022.05.22-10.37.37:454][  0]LogConfig: Setting CVar [[r.MotionBlurQuality:4]]
[2022.05.22-10.37.37:454][  0]LogConfig: Setting CVar [[r.AmbientOcclusionMipLevelFactor:0.4]]
[2022.05.22-10.37.37:454][  0]LogConfig: Setting CVar [[r.AmbientOcclusionMaxQuality:100]]
[2022.05.22-10.37.37:454][  0]LogConfig: Setting CVar [[r.AmbientOcclusionLevels:-1]]
[2022.05.22-10.37.37:454][  0]LogConfig: Setting CVar [[r.AmbientOcclusionRadiusScale:1.0]]
[2022.05.22-10.37.37:454][  0]LogConfig: Setting CVar [[r.DepthOfFieldQuality:2]]
[2022.05.22-10.37.37:454][  0]LogConfig: Setting CVar [[r.RenderTargetPoolMin:400]]
[2022.05.22-10.37.37:454][  0]LogConfig: Setting CVar [[r.LensFlareQuality:2]]
[2022.05.22-10.37.37:454][  0]LogConfig: Setting CVar [[r.SceneColorFringeQuality:1]]
[2022.05.22-10.37.37:454][  0]LogConfig: Setting CVar [[r.EyeAdaptationQuality:2]]
[2022.05.22-10.37.37:454][  0]LogConfig: Setting CVar [[r.BloomQuality:5]]
[2022.05.22-10.37.37:454][  0]LogConfig: Setting CVar [[r.FastBlurThreshold:100]]
[2022.05.22-10.37.37:454][  0]LogConfig: Setting CVar [[r.Upscale.Quality:3]]
[2022.05.22-10.37.37:454][  0]LogConfig: Setting CVar [[r.Tonemapper.GrainQuantization:1]]
[2022.05.22-10.37.37:454][  0]LogConfig: Setting CVar [[r.LightShaftQuality:1]]
[2022.05.22-10.37.37:454][  0]LogConfig: Setting CVar [[r.Filter.SizeScale:1]]
[2022.05.22-10.37.37:454][  0]LogConfig: Setting CVar [[r.Tonemapper.Quality:5]]
[2022.05.22-10.37.37:454][  0]LogConfig: Setting CVar [[r.DOF.Gather.AccumulatorQuality:1        ; higher gathering accumulator quality]]
[2022.05.22-10.37.37:454][  0]LogConfig: Setting CVar [[r.DOF.Gather.PostfilterMethod:1          ; Median3x3 postfilering method]]
[2022.05.22-10.37.37:454][  0]LogConfig: Setting CVar [[r.DOF.Gather.EnableBokehSettings:0       ; no bokeh simulation when gathering]]
[2022.05.22-10.37.37:454][  0]LogConfig: Setting CVar [[r.DOF.Gather.RingCount:4                 ; medium number of samples when gathering]]
[2022.05.22-10.37.37:454][  0]LogConfig: Setting CVar [[r.DOF.Scatter.ForegroundCompositing:1    ; additive foreground scattering]]
[2022.05.22-10.37.37:455][  0]LogConfig: Setting CVar [[r.DOF.Scatter.BackgroundCompositing:2    ; additive background scattering]]
[2022.05.22-10.37.37:455][  0]LogConfig: Setting CVar [[r.DOF.Scatter.EnableBokehSettings:1      ; bokeh simulation when scattering]]
[2022.05.22-10.37.37:455][  0]LogConfig: Setting CVar [[r.DOF.Scatter.MaxSpriteRatio:0.1         ; only a maximum of 10% of scattered bokeh]]
[2022.05.22-10.37.37:455][  0]LogConfig: Setting CVar [[r.DOF.Recombine.Quality:1                ; cheap slight out of focus]]
[2022.05.22-10.37.37:455][  0]LogConfig: Setting CVar [[r.DOF.Recombine.EnableBokehSettings:0    ; no bokeh simulation on slight out of focus]]
[2022.05.22-10.37.37:455][  0]LogConfig: Setting CVar [[r.DOF.TemporalAAQuality:1                ; more stable temporal accumulation]]
[2022.05.22-10.37.37:455][  0]LogConfig: Setting CVar [[r.DOF.Kernel.MaxForegroundRadius:0.025]]
[2022.05.22-10.37.37:455][  0]LogConfig: Setting CVar [[r.DOF.Kernel.MaxBackgroundRadius:0.025]]
[2022.05.22-10.37.37:455][  0]LogConfig: Applying CVar settings from Section [TextureQuality@3] File [D:/Polytech Work/Year-3/Game dev/Space-Porject/Station11Game/Station_11_BIT/Saved/Config/Windows/Scalability.ini]
[2022.05.22-10.37.37:455][  0]LogConfig: Setting CVar [[r.Streaming.MipBias:0]]
[2022.05.22-10.37.37:455][  0]LogConfig: Setting CVar [[r.Streaming.AmortizeCPUToGPUCopy:0]]
[2022.05.22-10.37.37:455][  0]LogConfig: Setting CVar [[r.Streaming.MaxNumTexturesToStreamPerFrame:0]]
[2022.05.22-10.37.37:455][  0]LogConfig: Setting CVar [[r.Streaming.Boost:1]]
[2022.05.22-10.37.37:455][  0]LogConfig: Setting CVar [[r.MaxAnisotropy:8]]
[2022.05.22-10.37.37:455][  0]LogConfig: Setting CVar [[r.VT.MaxAnisotropy:8]]
[2022.05.22-10.37.37:455][  0]LogConfig: Setting CVar [[r.Streaming.LimitPoolSizeToVRAM:0]]
[2022.05.22-10.37.37:455][  0]LogConfig: Setting CVar [[r.Streaming.PoolSize:1000]]
[2022.05.22-10.37.37:455][  0]LogConfig: Setting CVar [[r.Streaming.MaxEffectiveScreenSize:0]]
[2022.05.22-10.37.37:455][  0]LogConfig: Applying CVar settings from Section [EffectsQuality@3] File [D:/Polytech Work/Year-3/Game dev/Space-Porject/Station11Game/Station_11_BIT/Saved/Config/Windows/Scalability.ini]
[2022.05.22-10.37.37:455][  0]LogConfig: Setting CVar [[r.TranslucencyLightingVolumeDim:64]]
[2022.05.22-10.37.37:455][  0]LogConfig: Setting CVar [[r.RefractionQuality:2]]
[2022.05.22-10.37.37:455][  0]LogConfig: Setting CVar [[r.SSR.Quality:3]]
[2022.05.22-10.37.37:455][  0]LogConfig: Setting CVar [[r.SSR.HalfResSceneColor:0]]
[2022.05.22-10.37.37:455][  0]LogConfig: Setting CVar [[r.SceneColorFormat:4]]
[2022.05.22-10.37.37:455][  0]LogConfig: Setting CVar [[r.DetailMode:2]]
[2022.05.22-10.37.37:455][  0]LogConfig: Setting CVar [[r.TranslucencyVolumeBlur:1]]
[2022.05.22-10.37.37:455][  0]LogConfig: Setting CVar [[r.MaterialQualityLevel:1 ; High quality]]
[2022.05.22-10.37.37:455][  0]LogConfig: Setting CVar [[r.AnisotropicMaterials:1]]
[2022.05.22-10.37.37:455][  0]LogConfig: Setting CVar [[r.SSS.Scale:1]]
[2022.05.22-10.37.37:455][  0]LogConfig: Setting CVar [[r.SSS.SampleSet:2]]
[2022.05.22-10.37.37:455][  0]LogConfig: Setting CVar [[r.SSS.Quality:1]]
[2022.05.22-10.37.37:455][  0]LogConfig: Setting CVar [[r.SSS.HalfRes:0]]
[2022.05.22-10.37.37:455][  0]LogConfig: Setting CVar [[r.SSGI.Quality:3]]
[2022.05.22-10.37.37:455][  0]LogConfig: Setting CVar [[r.EmitterSpawnRateScale:1.0]]
[2022.05.22-10.37.37:455][  0]LogConfig: Setting CVar [[r.ParticleLightQuality:2]]
[2022.05.22-10.37.37:455][  0]LogConfig: Setting CVar [[r.SkyAtmosphere.AerialPerspectiveLUT.FastApplyOnOpaque:1 ; Always have FastSkyLUT 1 in this case to avoid wrong sky]]
[2022.05.22-10.37.37:455][  0]LogConfig: Setting CVar [[r.SkyAtmosphere.AerialPerspectiveLUT.SampleCountMaxPerSlice:4]]
[2022.05.22-10.37.37:455][  0]LogConfig: Setting CVar [[r.SkyAtmosphere.AerialPerspectiveLUT.DepthResolution:16.0]]
[2022.05.22-10.37.37:455][  0]LogConfig: Setting CVar [[r.SkyAtmosphere.FastSkyLUT:1]]
[2022.05.22-10.37.37:455][  0]LogConfig: Setting CVar [[r.SkyAtmosphere.FastSkyLUT.SampleCountMin:4.0]]
[2022.05.22-10.37.37:455][  0]LogConfig: Setting CVar [[r.SkyAtmosphere.FastSkyLUT.SampleCountMax:128.0]]
[2022.05.22-10.37.37:455][  0]LogConfig: Setting CVar [[r.SkyAtmosphere.SampleCountMin:4.0]]
[2022.05.22-10.37.37:455][  0]LogConfig: Setting CVar [[r.SkyAtmosphere.SampleCountMax:128.0]]
[2022.05.22-10.37.37:455][  0]LogConfig: Setting CVar [[r.SkyAtmosphere.TransmittanceLUT.UseSmallFormat:0]]
[2022.05.22-10.37.37:455][  0]LogConfig: Setting CVar [[r.SkyAtmosphere.TransmittanceLUT.SampleCount:10.0]]
[2022.05.22-10.37.37:455][  0]LogConfig: Setting CVar [[r.SkyAtmosphere.MultiScatteringLUT.SampleCount:15.0]]
[2022.05.22-10.37.37:455][  0]LogConfig: Setting CVar [[r.SkyLight.RealTimeReflectionCapture:1]]
[2022.05.22-10.37.37:455][  0]LogConfig: Applying CVar settings from Section [FoliageQuality@3] File [D:/Polytech Work/Year-3/Game dev/Space-Porject/Station11Game/Station_11_BIT/Saved/Config/Windows/Scalability.ini]
[2022.05.22-10.37.37:455][  0]LogConfig: Setting CVar [[foliage.DensityScale:1.0]]
[2022.05.22-10.37.37:455][  0]LogConfig: Setting CVar [[grass.DensityScale:1.0]]
[2022.05.22-10.37.37:455][  0]LogConfig: Applying CVar settings from Section [ShadingQuality@3] File [D:/Polytech Work/Year-3/Game dev/Space-Porject/Station11Game/Station_11_BIT/Saved/Config/Windows/Scalability.ini]
[2022.05.22-10.37.37:455][  0]LogConfig: Setting CVar [[r.HairStrands.SkyLighting.IntegrationType:2]]
[2022.05.22-10.37.37:455][  0]LogConfig: Setting CVar [[r.HairStrands.SkyAO.SampleCount:4]]
[2022.05.22-10.37.37:455][  0]LogConfig: Setting CVar [[r.HairStrands.Visibility.MSAA.SamplePerPixel:4]]
[2022.05.22-10.37.37:455][  0]LogConfig: Applying CVar settings from Section [Startup] File [../../../Engine/Config/ConsoleVariables.ini]
[2022.05.22-10.37.37:455][  0]LogConfig: Setting CVar [[net.UseAdaptiveNetUpdateFrequency:0]]
[2022.05.22-10.37.37:455][  0]LogConfig: Setting CVar [[p.chaos.AllowCreatePhysxBodies:1]]
[2022.05.22-10.37.37:455][  0]LogConfig: Setting CVar [[fx.SkipVectorVMBackendOptimizations:1]]
[2022.05.22-10.37.37:455][  0]LogConfig: Applying CVar settings from Section [ConsoleVariables] File [D:/Polytech Work/Year-3/Game dev/Space-Porject/Station11Game/Station_11_BIT/Saved/Config/Windows/Engine.ini]
[2022.05.22-10.37.37:455][  0]LogConfig: Applying CVar settings from Section [ConsoleVariables] File [D:/Polytech Work/Year-3/Game dev/Space-Porject/Station11Game/Station_11_BIT/Saved/Config/Windows/Editor.ini]
[2022.05.22-10.37.37:455][  0]LogInit: Computer: HAYDEN-PC
[2022.05.22-10.37.37:455][  0]LogInit: User: Hayden
[2022.05.22-10.37.37:455][  0]LogInit: CPU Page size=4096, Cores=8
[2022.05.22-10.37.37:455][  0]LogInit: High frequency timer resolution =10.000000 MHz
[2022.05.22-10.37.37:455][  0]LogMemory: Memory total: Physical=15.9GB (16GB approx)
[2022.05.22-10.37.37:455][  0]LogMemory: Platform Memory Stats for Windows
[2022.05.22-10.37.37:455][  0]LogMemory: Process Physical Memory: 148.89 MB used, 148.89 MB peak
[2022.05.22-10.37.37:455][  0]LogMemory: Process Virtual Memory: 143.75 MB used, 143.75 MB peak
[2022.05.22-10.37.37:455][  0]LogMemory: Physical Memory: 9267.52 MB used,  7028.14 MB free, 16295.66 MB total
[2022.05.22-10.37.37:456][  0]LogMemory: Virtual Memory: 134205864.00 MB used,  11867.56 MB free, 134217728.00 MB total
[2022.05.22-10.37.37:665][  0]LogWindows: WindowsPlatformFeatures enabled
[2022.05.22-10.37.37:686][  0]LogInit: Physics initialised using underlying interface: PhysX
[2022.05.22-10.37.37:686][  0]LogInit: Using OS detected language (en-US).
[2022.05.22-10.37.37:686][  0]LogInit: Using OS detected locale (en-NZ).
[2022.05.22-10.37.37:689][  0]LogTextLocalizationManager: No specific localization for 'en-US' exists, so the 'en' localization will be used.
[2022.05.22-10.37.37:869][  0]LogWindowsTextInputMethodSystem: Display: IME system deactivated.
[2022.05.22-10.37.37:891][  0]LogSlate: New Slate User Created.  User Index 0, Is Virtual User: 0
[2022.05.22-10.37.37:891][  0]LogSlate: Slate User Registered.  User Index 0, Is Virtual User: 0
[2022.05.22-10.37.37:906][  0]LogD3D11RHI: Loaded GFSDK_Aftermath_Lib.x64.dll
[2022.05.22-10.37.37:908][  0]LogHMD: Failed to initialize OpenVR with code 110
[2022.05.22-10.37.37:908][  0]LogD3D11RHI: D3D11 min allowed feature level: 11_0
[2022.05.22-10.37.37:908][  0]LogD3D11RHI: D3D11 max allowed feature level: 11_0
[2022.05.22-10.37.37:908][  0]LogD3D11RHI: D3D11 adapters:
[2022.05.22-10.37.38:001][  0]LogD3D11RHI:    0. 'NVIDIA GeForce GTX 1060 6GB' (Feature Level 11_0)
[2022.05.22-10.37.38:001][  0]LogD3D11RHI:       6052/0/8147 MB DedicatedVideo/DedicatedSystem/SharedSystem, Outputs:2, VendorId:0x10de
[2022.05.22-10.37.38:004][  0]LogD3D11RHI:    1. 'Microsoft Basic Render Driver' (Feature Level 11_0)
[2022.05.22-10.37.38:004][  0]LogD3D11RHI:       0/0/8147 MB DedicatedVideo/DedicatedSystem/SharedSystem, Outputs:0, VendorId:0x1414
[2022.05.22-10.37.38:004][  0]LogD3D11RHI: Chosen D3D11 Adapter:
[2022.05.22-10.37.38:004][  0]LogD3D11RHI:     Description : NVIDIA GeForce GTX 1060 6GB
[2022.05.22-10.37.38:004][  0]LogD3D11RHI:     VendorId    : 10de
[2022.05.22-10.37.38:004][  0]LogD3D11RHI:     DeviceId    : 1c03
[2022.05.22-10.37.38:004][  0]LogD3D11RHI:     SubSysId    : 85ab1043
[2022.05.22-10.37.38:004][  0]LogD3D11RHI:     Revision    : 00a1
[2022.05.22-10.37.38:004][  0]LogD3D11RHI:     DedicatedVideoMemory : 6345981952 bytes
[2022.05.22-10.37.38:004][  0]LogD3D11RHI:     DedicatedSystemMemory : 0 bytes
[2022.05.22-10.37.38:004][  0]LogD3D11RHI:     SharedSystemMemory : 8543619072 bytes
[2022.05.22-10.37.38:004][  0]LogD3D11RHI:     AdapterLuid : 0 71807
[2022.05.22-10.37.38:012][  0]LogD3D11RHI: Creating new Direct3DDevice
[2022.05.22-10.37.38:012][  0]LogD3D11RHI:     GPU DeviceId: 0x1c03 (for the marketing name, search the web for "GPU Device Id")
[2022.05.22-10.37.38:012][  0]LogWindows: EnumDisplayDevices:
[2022.05.22-10.37.38:012][  0]LogWindows:    0. 'NVIDIA GeForce GTX 1060 6GB' (P:1 D:1)
[2022.05.22-10.37.38:012][  0]LogWindows:    1. 'NVIDIA GeForce GTX 1060 6GB' (P:0 D:1)
[2022.05.22-10.37.38:012][  0]LogWindows:    2. 'NVIDIA GeForce GTX 1060 6GB' (P:0 D:0)
[2022.05.22-10.37.38:012][  0]LogWindows:    3. 'NVIDIA GeForce GTX 1060 6GB' (P:0 D:0)
[2022.05.22-10.37.38:012][  0]LogWindows: DebugString: FoundDriverCount:4 
[2022.05.22-10.37.38:012][  0]LogD3D11RHI:     Adapter Name: NVIDIA GeForce GTX 1060 6GB
[2022.05.22-10.37.38:012][  0]LogD3D11RHI:   Driver Version: 472.12 (internal:30.0.14.7212, unified:472.12)
[2022.05.22-10.37.38:013][  0]LogD3D11RHI:      Driver Date: 9-13-2021
[2022.05.22-10.37.38:013][  0]LogRHI: Texture pool is 4236 MB (70% of 6052 MB)
[2022.05.22-10.37.38:013][  0]LogD3D11RHI: Creating D3DDevice using adapter:
[2022.05.22-10.37.38:013][  0]LogD3D11RHI:     Description : NVIDIA GeForce GTX 1060 6GB
[2022.05.22-10.37.38:013][  0]LogD3D11RHI:     VendorId    : 10de
[2022.05.22-10.37.38:013][  0]LogD3D11RHI:     DeviceId    : 1c03
[2022.05.22-10.37.38:013][  0]LogD3D11RHI:     SubSysId    : 85ab1043
[2022.05.22-10.37.38:013][  0]LogD3D11RHI:     Revision    : 00a1
[2022.05.22-10.37.38:013][  0]LogD3D11RHI:     DedicatedVideoMemory : 6345981952 bytes
[2022.05.22-10.37.38:013][  0]LogD3D11RHI:     DedicatedSystemMemory : 0 bytes
[2022.05.22-10.37.38:013][  0]LogD3D11RHI:     SharedSystemMemory : 8543619072 bytes
[2022.05.22-10.37.38:013][  0]LogD3D11RHI:     AdapterLuid : 0 71807
[2022.05.22-10.37.38:086][  0]LogD3D11RHI: RHI has support for 64 bit atomics
[2022.05.22-10.37.38:086][  0]LogD3D11RHI: Async texture creation enabled
[2022.05.22-10.37.38:086][  0]LogD3D11RHI: Array index from any shader is supported
[2022.05.22-10.37.38:168][  0]LogD3D11RHI: GPU Timing Frequency: 1000.000000 (Debug: 2 1)
[2022.05.22-10.37.38:202][  0]LogRHI: GeForceNow SDK initialized: 1
[2022.05.22-10.37.38:496][  0]LogTargetPlatformManager: Display: Loaded TargetPlatform 'WindowsNoEditor'
[2022.05.22-10.37.38:500][  0]LogTargetPlatformManager: Display: Loaded TargetPlatform 'Windows'
[2022.05.22-10.37.38:504][  0]LogTargetPlatformManager: Display: Loaded TargetPlatform 'WindowsClient'
[2022.05.22-10.37.38:508][  0]LogTargetPlatformManager: Display: Loaded TargetPlatform 'WindowsServer'
[2022.05.22-10.37.38:508][  0]LogTargetPlatformManager: Display: Building Assets For Windows
[2022.05.22-10.37.38:516][  0]LogAudioDebug: Display: Lib vorbis DLL was dynamically loaded.
[2022.05.22-10.37.38:545][  0]LogTextureFormatOodle: Display: Oodle Texture 2.9.0 init RDO Off
[2022.05.22-10.37.38:579][  0]LogRendererCore: Ray tracing is disabled. Reason: r.RayTracing=0.
[2022.05.22-10.37.38:579][  0]LogShaderCompilers: Guid format shader working directory is -40 characters bigger than the processId version (../../../../../Polytech Work/Year-3/Game dev/Space-Porject/Station11Game/Station_11_BIT/Intermediate/Shaders/WorkingDirectory/3096/).
[2022.05.22-10.37.38:579][  0]LogShaderCompilers: Cleaned the shader compiler working directory 'C:/Users/Hayden/AppData/Local/Temp/UnrealShaderWorkingDir/586DFBBF4849C54590A29CBA22B61A48/'.
[2022.05.22-10.37.38:579][  0]LogXGEController: Cannot use XGE Controller as Incredibuild is not installed on this machine.
[2022.05.22-10.37.38:579][  0]LogShaderCompilers: Cannot use XGE Shader Compiler as Incredibuild is not installed on this machine.
[2022.05.22-10.37.38:579][  0]LogShaderCompilers: Display: Using Local Shader Compiler.
[2022.05.22-10.37.39:247][  0]LogDerivedDataCache: Display: Max Cache Size: 512 MB
[2022.05.22-10.37.39:324][  0]LogDerivedDataCache: Loaded boot cache 0.08s 94MB C:/Users/Hayden/AppData/Local/UnrealEngine/4.27/DerivedDataCache/Boot.ddc.
[2022.05.22-10.37.39:324][  0]LogDerivedDataCache: Display: Loaded Boot cache: C:/Users/Hayden/AppData/Local/UnrealEngine/4.27/DerivedDataCache/Boot.ddc
[2022.05.22-10.37.39:324][  0]LogDerivedDataCache: FDerivedDataBackendGraph:  Pak pak cache file ../../../../../Polytech Work/Year-3/Game dev/Space-Porject/Station11Game/Station_11_BIT/DerivedDataCache/DDC.ddp not found, will not use a pak cache.
[2022.05.22-10.37.39:324][  0]LogDerivedDataCache: Unable to find inner node Pak for hierarchical cache Hierarchy.
[2022.05.22-10.37.39:324][  0]LogDerivedDataCache: FDerivedDataBackendGraph:  CompressedPak pak cache file ../../../../../Polytech Work/Year-3/Game dev/Space-Porject/Station11Game/Station_11_BIT/DerivedDataCache/Compressed.ddp not found, will not use a pak cache.
[2022.05.22-10.37.39:324][  0]LogDerivedDataCache: Unable to find inner node CompressedPak for hierarchical cache Hierarchy.
[2022.05.22-10.37.39:339][  0]LogDerivedDataCache: Display: Pak cache opened for reading ../../../Engine/DerivedDataCache/Compressed.ddp.
[2022.05.22-10.37.39:339][  0]LogDerivedDataCache: FDerivedDataBackendGraph:  EnterprisePak pak cache file ../../../Enterprise/DerivedDataCache/Compressed.ddp not found, will not use a pak cache.
[2022.05.22-10.37.39:339][  0]LogDerivedDataCache: Unable to find inner node EnterprisePak for hierarchical cache Hierarchy.
[2022.05.22-10.37.39:348][  0]LogDerivedDataCache: Speed tests for C:/Users/Hayden/AppData/Local/UnrealEngine/Common/DerivedDataCache took 0.01 seconds
[2022.05.22-10.37.39:348][  0]LogDerivedDataCache: Display: Performance to C:/Users/Hayden/AppData/Local/UnrealEngine/Common/DerivedDataCache: Latency=0.03ms. RandomReadSpeed=1298.99MBs, RandomWriteSpeed=114.67MBs. Assigned SpeedClass 'Local'
[2022.05.22-10.37.39:355][  0]LogDerivedDataCache: Using Local data cache path C:/Users/Hayden/AppData/Local/UnrealEngine/Common/DerivedDataCache: Writable
[2022.05.22-10.37.39:355][  0]LogDerivedDataCache: Shared data cache path not found in *engine.ini, will not use an Shared cache.
[2022.05.22-10.37.39:355][  0]LogDerivedDataCache: Unable to find inner node Shared for hierarchical cache Hierarchy.
[2022.05.22-10.37.39:385][  0]LogSlate: Using FreeType 2.10.0
[2022.05.22-10.37.39:386][  0]LogSlate: SlateFontServices - WITH_FREETYPE: 1, WITH_HARFBUZZ: 1
[2022.05.22-10.37.39:456][  0]LogInit: Using OS detected language (en-US).
[2022.05.22-10.37.39:456][  0]LogInit: Using OS detected locale (en-NZ).
[2022.05.22-10.37.39:456][  0]LogTextLocalizationManager: No localization for 'en-US' exists, so 'en' will be used for the language.
[2022.05.22-10.37.39:456][  0]LogTextLocalizationManager: No localization for 'en-NZ' exists, so 'en' will be used for the locale.
[2022.05.22-10.37.39:457][  0]LogSlate: FontCache flush requested. Reason: Culture for localization was changed
[2022.05.22-10.37.39:457][  0]LogSlate: FontCache flush requested. Reason: Culture for localization was changed
[2022.05.22-10.37.39:459][  0]LogTextLocalizationManager: Compacting localization data took   0.00ms
[2022.05.22-10.37.39:459][  0]LogAssetRegistry: FAssetRegistry took 0.0014 seconds to start up
[2022.05.22-10.37.39:598][  0]LogPackageLocalizationCache: Processed 28 localized package path(s) for 1 prioritized culture(s) in 0.001294 seconds
[2022.05.22-10.37.39:662][  0]LogInit: Selected Device Profile: [Windows]
[2022.05.22-10.37.39:663][  0]LogInit: Active device profile: [0000026A7ECE9100][0000026A7AA2CDC0 49] Windows
[2022.05.22-10.37.39:663][  0]LogInit: Profiles: [0000026A7ECE9100][0000026A7AA2CDC0 49] Windows, [0000026A7ECC2600][0000026A7AA35080 49] WindowsNoEditor, [0000026A7ECEA200][0000026A7AA39340 49] WindowsServer, [0000026A7ECC1800][0000026A7AA3D600 49] WindowsClient, [0000026A7ECE9700][0000026A7AA418C0 49] IOS, [0000026A7ECC2800][0000026A7AA31B40 49] iPadAir, [0000026A7ECEBC00][0000026A7AA44240 49] iPadAir2, [0000026A7EC65400][0000026A7AA5C780 49] IPadPro, [0000026A7EC65500][0000026A7AA4C7C0 49] iPadAir3, [0000026A7ECC3900][0000026A7AA54A80 49] iPadAir4, [0000026A7EC66300][0000026A7AA50D40 49] iPadMini2, [0000026A7ECC3000][0000026A7AA59000 49] iPadMini3, [0000026A7EC66F00][0000026A7AA612C0 49] iPadMini4, [0000026A7ECC1C00][0000026A7AA65580 49] iPadMini5, [0000026A7EC95000][0000026A7AA79AC0 49] iPhone6, [0000026A7EC95100][0000026A7AA69B00 49] iPodTouch6, [0000026A7ECEB900][0000026A7AA7C440 49] iPhone7, [0000026A7ECEA900][0000026A7AA48480 49] iPodTouch7, [0000026A7EC65000][0000026A7AA74740 49] iPhone5S, [0000026A7ECEAF00][0000026A7AA6CA00 49] iPhone6Plus, [0000026A7EC67600][0000026A7AA80CC0 49] iPhone6S, [0000026A7ECE8C00][0000026A7AA84F80 49] iPhone6SPlus, [0000026A7ECE9D00][0000026A7AA89240 49] iPhone7Plus, [0000026A7EC94800][0000026A7AA8D500 49] iPhoneSE, [0000026A7ECE8400][0000026A7AA917C0 49] iPhone8, [0000026A7EC94900][0000026A7AA95A80 49] iPhone8Plus, [0000026A7EC96E00][0000026A7AA981C0 49] iPhoneX, [0000026A7EC65D00][0000026A7AA70440 49] iPhoneXS, [0000026A7EC96700][0000026A7AA9C6C0 49] iPhoneXSMax, [0000026A7EC65C00][0000026A7AAA4980 49] iPhoneXR, [0000026A7EC96800][0000026A7AAA8C40 49] iPhone11, [0000026A7EC64F00][0000026A7AAACF00 49] iPhone11Pro, [0000026A7EC94B00][0000026A7AAB11C0 49] iPhone11ProMax, [0000026A7EC64C00][0000026A7AAB5480 49] iPhoneSE2, [0000026A7EC94E00][0000026A7AAB9740 49] iPhone12Mini, [0000026A7ECEB800][0000026A7AABDA00 49] iPhone12, [0000026A7EC97100][0000026A7AAC0140 49] iPhone12Pro, [0000026A7ECEB700][0000026A7AAC4400 49] iPhone12ProMax, [0000026A7EC95E00][0000026A7AAA0680 49] iPadPro105, [0000026A7ECE9400][0000026A7AAC8900 49] iPadPro129, [0000026A7EC97E00][0000026A7AAD0BC0 49] iPadPro97, [0000026A7ECEA800][0000026A7AAD4E80 49] iPadPro2_129, [0000026A7EC96000][0000026A7AAD9140 49] iPad5, [0000026A7ECEA300][0000026A7AADD400 49] iPad6, [0000026A7EC97B00][0000026A7AAE16C0 49] iPad7, [0000026A7ECE9E00][0000026A7AAE5980 49] iPad8, [0000026A7EC96500][0000026A7AAE80C0 49] iPadPro11, [0000026A7ECEBE00][0000026A7AAEC380 49] iPadPro2_11, [0000026A7EC95800][0000026A7AAF0640 49] iPadPro3_129, [0000026A7ECEB500][0000026A7AACC8C0 49] iPadPro4_129, [0000026A7EC94100][0000026A7AAF4B40 49] AppleTV, [0000026A7ECEBF00][0000026A7AAFCE00 49] AppleTV4K, [0000026A7EC96600][0000026A7D8430C0 49] TVOS, [0000026A7ECE8E00][0000026A7D847380 49] Mac, [0000026A7EC95D00][0000026A7D84B640 49] MacClient, [0000026A7ECEBA00][0000026A7D84F900 49] MacNoEditor, [0000026A7EC97A00][0000026A7D853BC0 49] MacServer, [0000026A7ECEB100][0000026A7D856300 49] Linux, [0000026A7EC95600][0000026A7D85A5C0 49] LinuxAArch64, [0000026A7ECE8800][0000026A7D85E880 49] LinuxNoEditor, [0000026A7EC94C00][0000026A7AAF8B00 49] LinuxAArch64NoEditor, [0000026A7ECEBB00][0000026A7D862D80 49] LinuxClient, [0000026A7EC97400][0000026A7D86B040 49] LinuxAArch64Client, [0000026A7ECE9A00][0000026A7D86F300 49] LinuxServer, [0000026A7EC94700][0000026A780835C0 49] LinuxAArch64Server, [0000026A7ECEB300][0000026A78087880 49] Android, [0000026A7EC96A00][0000026A7808BB40 49] Android_Low, [0000026A7ECEAE00][0000026A7808E280 49] Android_Mid, [0000026A7EC95F00][0000026A78092540 49] Android_High, [0000026A7ECEAA00][0000026A78096800 49] Android_Default, [0000026A7EC97C00][0000026A7809AAC0 49] Android_Adreno4xx, [0000026A7ECE8600][0000026A7D866D40 49] Android_Adreno5xx_Low, [0000026A7EC94300][0000026A7809EFC0 49] Android_Adreno5xx, [0000026A7ECE9000][0000026A780A7280 49] Android_Adreno6xx, [0000026A7EC96900][0000026A780AB540 49] Android_Adreno6xx_Vulkan, [0000026A7ECEA000][0000026A780AF800 49] Android_Mali_T6xx, [0000026A7EC96300][0000026A780B3AC0 49] Android_Mali_T7xx, [0000026A7ECE9F00][0000026A780B6200 49] Android_Mali_T8xx, [0000026A7EC96D00][0000026A780BA4C0 49] Android_Mali_G71, [0000026A7EC67100][0000026A780BE780 49] Android_Mali_G72, [0000026A7ECC2E00][0000026A780C2A40 49] Android_Mali_G72_Vulkan, [0000026A7EC66B00][0000026A780C6D00 49] Android_Mali_G76, [0000026A7ECC0500][0000026A780A2F80 49] Android_Mali_G76_Vulkan, [0000026A7EC66600][0000026A780CF240 49] Android_Mali_G77, [0000026A7ECC3D00][0000026A780D3500 49] Android_Mali_G77_Vulkan, [0000026A7EC66400][0000026A780D77C0 49] Android_Mali_G78, [0000026A7ECC0D00][0000026A780DBA80 49] Android_Mali_G78_Vulkan, [0000026A7EC67500][0000026A780DE1C0 49] Android_Mali_G710, [0000026A7ECC2A00][0000026A780E2480 49] Android_Mali_G710_Vulkan, [0000026A7EC67E00][0000026A780E6740 49] Android_Vulkan_SM5, [0000026A7ECC1900][0000026A780EAA00 49] Android_PowerVR_G6xxx, [0000026A7EC64500][0000026A780EECC0 49] Android_PowerVR_GT7xxx, [0000026A7ECC0200][0000026A780CAF40 49] Android_PowerVR_GE8xxx, [0000026A7EC67B00][0000026A780F31C0 49] Android_PowerVR_GM9xxx, [0000026A7ECC2000][0000026A780FB480 49] Android_PowerVR_GM9xxx_Vulkan, [0000026A7EC65F00][0000026A780FF740 49] Android_TegraK1, [0000026A7ECC0A00][0000026A78103A00 49] Android_Unknown_Vulkan, [0000026A7EC67900][0000026A78106140 49] Lumin, [0000026A7ECC1200][0000026A7810A400 49] Lumin_Desktop, [0000026A7EC65E00][0000026A7810E6C0 49] HoloLens, 
[2022.05.22-10.37.39:698][  0]LogMeshReduction: Using QuadricMeshReduction for automatic static mesh reduction
[2022.05.22-10.37.39:698][  0]LogMeshReduction: Using SimplygonMeshReduction for automatic skeletal mesh reduction
[2022.05.22-10.37.39:698][  0]LogMeshReduction: Using ProxyLODMeshReduction for automatic mesh merging
[2022.05.22-10.37.39:698][  0]LogMeshReduction: No distributed automatic mesh merging module available
[2022.05.22-10.37.39:698][  0]LogMeshMerging: No distributed automatic mesh merging module available
[2022.05.22-10.37.39:788][  0]LogNetVersion: Station_11 1.0.0, NetCL: 17155196, EngineNetVer: 17, GameNetVer: 0 (Checksum: 2456927474)
[2022.05.22-10.37.40:030][  0]LogTexture: Default maximum texture size for cubemaps generated from long-lat sources has been changed from 512 to unlimited. In order to preserve old behaiour for '/Engine/MapTemplates/Sky/DaylightAmbientCubemap.DaylightAmbientCubemap', its maximum texture size has been explicitly set to 512.
[2022.05.22-10.37.40:088][  0]LogHMD: PokeAHoleMaterial loaded successfully
[2022.05.22-10.37.40:178][  0]LogMoviePlayer: Initializing movie player
[2022.05.22-10.37.40:257][  0]LogPython: Using Python 3.7.7
[2022.05.22-10.37.40:634][  0]LogNiagaraDebuggerClient: Niagara Debugger Client Initialized | Session: E2282ACB465EA451AC6ADAB9668C8487 | Instance: 757C740C44EA7DE4DBACB68CDE6C0660 (HAYDEN-PC-3096).
[2022.05.22-10.37.40:651][  0]LogCollectionManager: Loaded 0 collections in 0.000512 seconds
[2022.05.22-10.37.40:653][  0]LogFileCache: Scanning file cache for directory 'D:/Polytech Work/Year-3/Game dev/Space-Porject/Station11Game/Station_11_BIT/Saved/Collections/' took 0.00s
[2022.05.22-10.37.40:653][  0]LogFileCache: Scanning file cache for directory 'D:/Polytech Work/Year-3/Game dev/Space-Porject/Station11Game/Station_11_BIT/Content/Developers/Hayden/Collections/' took 0.00s
[2022.05.22-10.37.40:653][  0]LogFileCache: Scanning file cache for directory 'D:/Polytech Work/Year-3/Game dev/Space-Porject/Station11Game/Station_11_BIT/Content/Collections/' took 0.00s
[2022.05.22-10.37.40:653][  0]LogCollectionManager: Fixed up redirectors for 0 collections in 0.000002 seconds (updated 0 objects)
[2022.05.22-10.37.40:694][  0]LogTcpMessaging: Initializing TcpMessaging bridge
[2022.05.22-10.37.40:697][  0]LogUdpMessaging: Initializing bridge on interface 0.0.0.0:0 to multicast group 230.0.0.1:6666.
[2022.05.22-10.37.40:940][  0]LogSteamAudio: FSteamAudioModule Startup
[2022.05.22-10.37.40:940][  0]LogSteamAudio: Display: Attempting to load ../../../Engine/Binaries/ThirdParty/Phonon/Win64/phonon.dll
[2022.05.22-10.37.40:941][  0]LogSteamAudio: Display: Loaded ../../../Engine/Binaries/ThirdParty/Phonon/Win64/phonon.dll.
[2022.05.22-10.37.40:980][  0]SourceControl: Source control is disabled
[2022.05.22-10.37.40:980][  0]SourceControl: Source control is disabled
[2022.05.22-10.37.40:983][  0]SourceControl: Source control is disabled
[2022.05.22-10.37.40:992][  0]LogUProjectInfo: Found projects:
[2022.05.22-10.37.41:059][  0]LogOpenImageDenoise: OIDN starting up
[2022.05.22-10.37.41:091][  0]LogAndroidPermission: UAndroidPermissionCallbackProxy::GetInstance
[2022.05.22-10.37.41:104][  0]LogAudioCaptureCore: Display: No Audio Capture implementations found. Audio input will be silent.
[2022.05.22-10.37.41:104][  0]LogAudioCaptureCore: Display: No Audio Capture implementations found. Audio input will be silent.
[2022.05.22-10.37.41:167][  0]LogOcInput: OculusInput pre-init called
[2022.05.22-10.37.41:175][  0]LogUObjectArray: 22167 objects as part of root set at end of initial load.
[2022.05.22-10.37.41:175][  0]LogUObjectAllocator: 6001584 out of 0 bytes used by permanent object pool.
[2022.05.22-10.37.41:175][  0]LogUObjectArray: CloseDisregardForGC: 0/0 objects in disregard for GC pool
[2022.05.22-10.37.41:216][  0]LogClass: Display: IntProperty FBakedDataInfo::Size is not initialized properly. Module:SteamAudio File:Private/PhononProbeVolume.h
[2022.05.22-10.37.41:216][  0]LogClass: Display: 1 Uninitialized script struct members found including 0 object properties
[2022.05.22-10.37.41:216][  0]LogEngine: Initializing Engine...
[2022.05.22-10.37.41:219][  0]LogHMD: Failed to enumerate extensions. Please check that you have a valid OpenXR runtime installed.
[2022.05.22-10.37.41:219][  0]LogHMD: Failed to initialize OpenVR with code 110
[2022.05.22-10.37.41:219][  0]LogMagicLeap: Warning: VR disabled because ZI is not enabled.  To enable, in the editor, Edit -> Project Settings -> Plugins -> Magic Leap Plugin -> Enable Zero Iteration
[2022.05.22-10.37.41:220][  0]LogStats: UGameplayTagsManager::InitializeManager -  0.000 s
[2022.05.22-10.37.41:332][  0]LogInit: Initializing FReadOnlyCVARCache
[2022.05.22-10.37.41:332][  0]LogAudio: Display: Initializing Audio Device Manager...
[2022.05.22-10.37.41:336][  0]LogAudio: Display: Loading Default Audio Settings Objects...
[2022.05.22-10.37.41:337][  0]LogAudio: Display: No default SoundConcurrencyObject specified (or failed to load).
[2022.05.22-10.37.41:337][  0]LogAudio: Display: Audio Device Manager Initialized
[2022.05.22-10.37.41:337][  0]LogAudio: Display: Creating Audio Device:                 Id: 1, Scope: Shared, Realtime: True
[2022.05.22-10.37.41:338][  0]LogAudioMixer: Display: Audio Mixer Platform Settings:
[2022.05.22-10.37.41:338][  0]LogAudioMixer: Display: 	Sample Rate:						  48000
[2022.05.22-10.37.41:338][  0]LogAudioMixer: Display: 	Callback Buffer Frame Size Requested: 1024
[2022.05.22-10.37.41:338][  0]LogAudioMixer: Display: 	Callback Buffer Frame Size To Use:	  1024
[2022.05.22-10.37.41:338][  0]LogAudioMixer: Display: 	Number of buffers to queue:			  2
[2022.05.22-10.37.41:338][  0]LogAudioMixer: Display: 	Max Channels (voices):				  32
[2022.05.22-10.37.41:338][  0]LogAudioMixer: Display: 	Number of Async Source Workers:		  0
[2022.05.22-10.37.41:338][  0]LogAudio: Display: AudioDevice MaxSources: 32
[2022.05.22-10.37.41:338][  0]LogAudio: Display: Audio Spatialization Plugin: None (built-in).
[2022.05.22-10.37.41:338][  0]LogAudio: Display: Audio Reverb Plugin: None (built-in).
[2022.05.22-10.37.41:338][  0]LogAudio: Display: Audio Occlusion Plugin: None (built-in).
[2022.05.22-10.37.41:338][  0]LogAudioMixer: Display: Initializing audio mixer.
[2022.05.22-10.37.42:046][  0]LogAudioMixer: Display: 0: FrontLeft
[2022.05.22-10.37.42:046][  0]LogAudioMixer: Display: 1: FrontRight
[2022.05.22-10.37.42:046][  0]LogAudioMixer: Display: 2: FrontCenter
[2022.05.22-10.37.42:046][  0]LogAudioMixer: Display: 3: LowFrequency
[2022.05.22-10.37.42:046][  0]LogAudioMixer: Display: 4: BackLeft
[2022.05.22-10.37.42:046][  0]LogAudioMixer: Display: 5: BackRight
[2022.05.22-10.37.42:046][  0]LogAudioMixer: Display: 6: SideLeft
[2022.05.22-10.37.42:046][  0]LogAudioMixer: Display: 7: SideRight
[2022.05.22-10.37.42:294][  0]LogAudioMixer: Display: Using Audio Device Speakers (Realtek(R) Audio)
[2022.05.22-10.37.42:299][  0]LogAudioMixer: Display: Initializing Sound Submixes...
[2022.05.22-10.37.42:301][  0]LogAudioMixer: Display: Creating Master Submix 'MasterSubmixDefault'
[2022.05.22-10.37.42:301][  0]LogAudioMixer: Display: Creating Master Submix 'MasterReverbSubmixDefault'
[2022.05.22-10.37.42:303][  0]LogAudioMixer: Display: Creating Master Submix 'MasterEQSubmixDefault'
[2022.05.22-10.37.42:303][  0]LogAudioMixer: FMixerPlatformXAudio2::StartAudioStream() called
[2022.05.22-10.37.42:303][  0]LogAudioMixer: Display: Output buffers initialized: Frames=1024, Channels=8, Samples=8192
[2022.05.22-10.37.42:304][  0]LogAudioMixer: Display: Starting AudioMixerPlatformInterface::RunInternal()
[2022.05.22-10.37.42:304][  0]LogAudioMixer: Display: FMixerPlatformXAudio2::SubmitBuffer() called for the first time
[2022.05.22-10.37.42:304][  0]LogInit: FAudioDevice initialized.
[2022.05.22-10.37.42:306][  0]LogNetVersion: Set ProjectVersion to 1.0.0.0. Version Checksum will be recalculated on next use.
[2022.05.22-10.37.42:307][  0]LogInit: Texture streaming: Enabled
[2022.05.22-10.37.42:484][  0]LogAudio: Display: Audio Device (ID: 1) registered with world 'Untitled'.
[2022.05.22-10.37.42:484][  0]LogSlate: Updating window title bar state: overlay mode, drag disabled, window buttons hidden, title bar hidden
[2022.05.22-10.37.42:485][  0]LogInit: Display: Game Engine Initialized.
[2022.05.22-10.37.42:485][  0]LogNiagaraEditor: GEditor isn't valid! Particle reset commands will not work for Niagara components!
[2022.05.22-10.37.42:587][  0]LogInit: Display: Starting Game.
[2022.05.22-10.37.42:587][  0]LogNet: Browse: /Game/ThirdPersonBP/Maps/ThirdPersonExampleMap?Name=Player
[2022.05.22-10.37.42:587][  0]LogLoad: LoadMap: /Game/ThirdPersonBP/Maps/ThirdPersonExampleMap?Name=Player
[2022.05.22-10.37.42:587][  0]LogWorld: BeginTearingDown for /Temp/Untitled_0
[2022.05.22-10.37.42:589][  0]LogWorld: UWorld::CleanupWorld for Untitled, bSessionEnded=true, bCleanupResources=true
[2022.05.22-10.37.42:589][  0]LogSlate: InvalidateAllWidgets triggered.  All widgets were invalidated
[2022.05.22-10.37.42:594][  0]LogAudio: Display: Audio Device unregistered from world 'None'.
[2022.05.22-10.37.42:597][  0]LogUObjectHash: Compacting FUObjectHashTables data took   0.73ms
[2022.05.22-10.37.43:030][  0]LogAudio: Display: Audio Device (ID: 1) registered with world 'ThirdPersonExampleMap'.
[2022.05.22-10.37.43:037][  0]LogAIModule: Creating AISystem for world ThirdPersonExampleMap
[2022.05.22-10.37.43:040][  0]LogLoad: Game class is 'ThirdPersonGameMode_C'
[2022.05.22-10.37.43:040][  0]LogBlueprintUserMessages: [ThirdPersonGameMode_C_0] Third person game mode
[2022.05.22-10.37.43:045][  0]LogBlueprintUserMessages: [ThirdPersonGameMode_C_0] Third person game mode
[2022.05.22-10.37.43:045][  0]LogWorld: Bringing World /Game/ThirdPersonBP/Maps/ThirdPersonExampleMap.ThirdPersonExampleMap up for play (max tick rate 0) at 2022.05.22-22.37.43
[2022.05.22-10.37.43:046][  0]LogWorld: Bringing up level for play took: 0.005168
[2022.05.22-10.37.43:048][  0]LogScript: Warning: Accessed None trying to read property HudWidget
	InventoryComponent_C /Game/ThirdPersonBP/Maps/ThirdPersonExampleMap.ThirdPersonExampleMap:PersistentLevel.ThirdPersonCharacter_167.InventoryComponent
	Function /Game/ThirdPersonBP/InventorySystem/InventoryComponent.InventoryComponent_C:LoadInventory:00FD
[2022.05.22-10.37.43:048][  0]LogScript: Warning: Script call stack:
	Function /Game/ThirdPersonBP/Blueprints/ThirdPersonCharacter.ThirdPersonCharacter_C:ReceiveBeginPlay
	Function /Game/ThirdPersonBP/Blueprints/ThirdPersonCharacter.ThirdPersonCharacter_C:ExecuteUbergraph_ThirdPersonCharacter
	Function /Game/ThirdPersonBP/InventorySystem/InventoryComponent.InventoryComponent_C:LoadInventory

[2022.05.22-10.37.43:048][  0]LogScript: Warning: Accessed None
	InventoryComponent_C /Game/ThirdPersonBP/Maps/ThirdPersonExampleMap.ThirdPersonExampleMap:PersistentLevel.ThirdPersonCharacter_167.InventoryComponent
	Function /Game/ThirdPersonBP/InventorySystem/InventoryComponent.InventoryComponent_C:LoadInventory:0112
[2022.05.22-10.37.43:048][  0]LogScript: Warning: Script call stack:
	Function /Game/ThirdPersonBP/Blueprints/ThirdPersonCharacter.ThirdPersonCharacter_C:ReceiveBeginPlay
	Function /Game/ThirdPersonBP/Blueprints/ThirdPersonCharacter.ThirdPersonCharacter_C:ExecuteUbergraph_ThirdPersonCharacter
	Function /Game/ThirdPersonBP/InventorySystem/InventoryComponent.InventoryComponent_C:LoadInventory

[2022.05.22-10.37.43:048][  0]LogScript: Warning: Accessed None trying to read property CallFunc_AddChildToCanvas_ReturnValue
	InventoryComponent_C /Game/ThirdPersonBP/Maps/ThirdPersonExampleMap.ThirdPersonExampleMap:PersistentLevel.ThirdPersonCharacter_167.InventoryComponent
	Function /Game/ThirdPersonBP/InventorySystem/InventoryComponent.InventoryComponent_C:LoadInventory:013B
[2022.05.22-10.37.43:048][  0]LogScript: Warning: Script call stack:
	Function /Game/ThirdPersonBP/Blueprints/ThirdPersonCharacter.ThirdPersonCharacter_C:ReceiveBeginPlay
	Function /Game/ThirdPersonBP/Blueprints/ThirdPersonCharacter.ThirdPersonCharacter_C:ExecuteUbergraph_ThirdPersonCharacter
	Function /Game/ThirdPersonBP/InventorySystem/InventoryComponent.InventoryComponent_C:LoadInventory

[2022.05.22-10.37.43:048][  0]LogLoad: Took 0.460642 seconds to LoadMap(/Game/ThirdPersonBP/Maps/ThirdPersonExampleMap)
[2022.05.22-10.37.43:095][  0]LogSlate: Took 0.000243 seconds to synchronously load lazily loaded font '../../../Engine/Content/Slate/Fonts/Roboto-Regular.ttf' (155K)
[2022.05.22-10.37.43:134][  0]LogRenderer: Reallocating scene render targets to support 640x480 Format 10 NumSamples 1 (Frame:1).
[2022.05.22-10.37.43:134][  0]LogInit: Display: Engine is initialized. Leaving FEngineLoop::Init()
[2022.05.22-10.37.43:134][  0]LogLoad: (Engine Initialization) Total time: 7.38 seconds
[2022.05.22-10.37.43:134][  0]LogLoad: (Engine Initialization) Total Blueprint compile time: 0.00 seconds
[2022.05.22-10.37.43:137][  0]LogContentStreaming: Texture pool size now 1000 MB
[2022.05.22-10.37.43:140][  0]LogSlate: InvalidateAllWidgets triggered.  All widgets were invalidated
[2022.05.22-10.37.43:230][  0]LogRenderer: Reallocating scene render targets to support 128x128 Format 10 NumSamples 1 (Frame:1).
[2022.05.22-10.37.43:255][  0]LogRenderer: Reallocating scene render targets to support 640x480 Format 10 NumSamples 1 (Frame:2).
[2022.05.22-10.37.43:304][  1]LogSlate: Took 0.000329 seconds to synchronously load lazily loaded font '../../../Engine/Content/Slate/Fonts/Roboto-Regular.ttf' (155K)
