Log file open, 05/20/22 12:15:04
LogWindows: Failed to load 'aqProf.dll' (GetLastError=126)
LogWindows: File 'aqProf.dll' does not exist
LogWindows: Failed to load 'VtuneApi.dll' (GetLastError=126)
LogWindows: File 'VtuneApi.dll' does not exist
LogWindows: Failed to load 'VtuneApi32e.dll' (GetLastError=126)
LogWindows: File 'VtuneApi32e.dll' does not exist
LogConsoleResponse: Display: Failed to find resolution value strings in scalability ini. Falling back to default.
LogConsoleResponse: Display: Failed to find resolution value strings in scalability ini. Falling back to default.
LogInit: Display: Running engine for game: Station_11
LogPlatformFile: Not using cached read wrapper
LogTaskGraph: Started task graph with 5 named threads and 26 total threads with 3 sets of task threads.
LogStats: Stats thread started at 0.203405
LogICUInternationalization: ICU TimeZone Detection - Raw Offset: +12:00, Platform Override: ''
LogInit: Display: Loading text-based GConfig....
LogPluginManager: Mounting plugin MeshPainting
LogPluginManager: Mounting plugin XGEController
LogPluginManager: Mounting plugin Paper2D
LogPluginManager: Mounting plugin LightPropagationVolume
LogPluginManager: Mounting plugin LiveLink
LogPluginManager: Mounting plugin EnvironmentQueryEditor
LogPluginManager: Mounting plugin CameraShakePreviewer
LogPluginManager: Mounting plugin GameplayCameras
LogPluginManager: Mounting plugin AISupport
LogPluginManager: Mounting plugin AnimationSharing
LogPluginManager: Mounting plugin CLionSourceCodeAccess
LogPluginManager: Mounting plugin GitSourceControl
LogPluginManager: Mounting plugin CodeLiteSourceCodeAccess
LogPluginManager: Mounting plugin NullSourceCodeAccess
LogPluginManager: Mounting plugin PerforceSourceControl
LogPluginManager: Mounting plugin OodleData
LogPluginManager: Mounting plugin PropertyAccessNode
LogPluginManager: Mounting plugin PixWinPlugin
LogPluginManager: Mounting plugin TextureFormatOodle
LogPluginManager: Mounting plugin RiderSourceCodeAccess
LogPluginManager: Mounting plugin PluginUtils
LogPluginManager: Mounting plugin UObjectPlugin
LogPluginManager: Mounting plugin PlasticSourceControl
LogPluginManager: Mounting plugin OodleNetwork
LogPluginManager: Mounting plugin VisualStudioCodeSourceCodeAccess
LogPluginManager: Mounting plugin KDevelopSourceCodeAccess
LogPluginManager: Mounting plugin AlembicImporter
LogPluginManager: Mounting plugin SubversionSourceControl
LogPluginManager: Mounting plugin BackChannel
LogPluginManager: Mounting plugin ChaosCloth
LogPluginManager: Mounting plugin AutomationUtils
LogPluginManager: Mounting plugin ChaosClothEditor
LogPluginManager: Mounting plugin ChaosNiagara
LogPluginManager: Mounting plugin XCodeSourceCodeAccess
LogPluginManager: Mounting plugin ChaosEditor
LogPluginManager: Mounting plugin ChaosSolverPlugin
LogPluginManager: Mounting plugin CharacterAI
LogPluginManager: Mounting plugin VisualStudioSourceCodeAccess
LogPluginManager: Mounting plugin GeometryCache
LogPluginManager: Mounting plugin GeometryCollectionPlugin
LogPluginManager: Mounting plugin GeometryProcessing
LogPluginManager: Mounting plugin AssetManagerEditor
LogPluginManager: Mounting plugin CurveEditorTools
LogPluginManager: Mounting plugin DataValidation
LogPluginManager: Mounting plugin GeometryMode
LogPluginManager: Mounting plugin GameplayTagsEditor
LogPluginManager: Mounting plugin FacialAnimation
LogPluginManager: Mounting plugin MaterialAnalyzer
LogPluginManager: Mounting plugin AndroidMedia
LogPluginManager: Mounting plugin MotoSynth
LogPluginManager: Mounting plugin MobileLauncherProfileWizard
LogPluginManager: Mounting plugin OpenImageDenoise
LogPluginManager: Mounting plugin SpeedTreeImporter
LogPluginManager: Mounting plugin PlanarCut
LogPluginManager: Mounting plugin PlatformCrypto
LogPluginManager: Mounting plugin ProxyLODPlugin
LogPluginManager: Mounting plugin PythonScriptPlugin
LogPluginManager: Mounting plugin PluginBrowser
LogPluginManager: Mounting plugin LuminPlatformFeatures
LogPluginManager: Mounting plugin DatasmithContent
LogPluginManager: Mounting plugin MagicLeap
LogPluginManager: Mounting plugin VariantManagerContent
LogPluginManager: Mounting plugin AvfMedia
LogPluginManager: Mounting plugin SkeletalReduction
LogPluginManager: Mounting plugin MacGraphicsSwitching
LogPluginManager: Mounting plugin ImgMedia
LogPluginManager: Mounting plugin MediaCompositing
LogPluginManager: Mounting plugin WebMMedia
LogPluginManager: Mounting plugin WmfMedia
LogPluginManager: Mounting plugin Niagara
LogPluginManager: Mounting plugin MagicLeapLightEstimation
LogPluginManager: Mounting plugin MagicLeapMedia
LogPluginManager: Mounting plugin MLSDK
LogPluginManager: Mounting plugin TcpMessaging
LogPluginManager: Mounting plugin UdpMessaging
LogPluginManager: Mounting plugin ActorSequence
LogPluginManager: Mounting plugin LevelSequenceEditor
LogPluginManager: Mounting plugin MatineeToLevelSequence
LogPluginManager: Mounting plugin MediaPlayerEditor
LogPluginManager: Mounting plugin CryptoKeys
LogPluginManager: Mounting plugin TemplateSequence
LogPluginManager: Mounting plugin MagicLeapPassableWorld
LogPluginManager: Mounting plugin OnlineSubsystem
LogPluginManager: Mounting plugin OnlineSubsystemSteam
LogPluginManager: Mounting plugin OnlineSubsystemUtils
LogPluginManager: Mounting plugin LauncherChunkInstaller
LogPluginManager: Mounting plugin AndroidDeviceProfileSelector
LogPluginManager: Mounting plugin AndroidMoviePlayer
LogPluginManager: Mounting plugin AppleImageUtils
LogPluginManager: Mounting plugin AppleMoviePlayer
LogPluginManager: Mounting plugin AndroidPermission
LogPluginManager: Mounting plugin AssetTags
LogPluginManager: Mounting plugin ArchVisCharacter
LogPluginManager: Mounting plugin AudioCapture
LogPluginManager: Mounting plugin AudioSynesthesia
LogPluginManager: Mounting plugin CustomMeshComponent
LogPluginManager: Mounting plugin ChunkDownloader
LogPluginManager: Mounting plugin EditableMesh
LogPluginManager: Mounting plugin ExampleDeviceProfileSelector
LogPluginManager: Mounting plugin OnlineSubsystemNull
LogPluginManager: Mounting plugin CableComponent
LogPluginManager: Mounting plugin GooglePAD
LogPluginManager: Mounting plugin GoogleCloudMessaging
LogPluginManager: Mounting plugin IOSDeviceProfileSelector
LogPluginManager: Mounting plugin LinuxDeviceProfileSelector
LogPluginManager: Mounting plugin ActorLayerUtilities
LogPluginManager: Mounting plugin MobilePatchingUtils
LogPluginManager: Mounting plugin OpenXREyeTracker
LogPluginManager: Mounting plugin PhysXVehicles
LogPluginManager: Mounting plugin OpenXRHandTracking
LogPluginManager: Mounting plugin LocationServicesBPLibrary
LogPluginManager: Mounting plugin PostSplashScreen
LogPluginManager: Mounting plugin ProceduralMeshComponent
LogPluginManager: Mounting plugin PropertyAccessEditor
LogPluginManager: Mounting plugin SignificanceManager
LogPluginManager: Mounting plugin SoundFields
LogPluginManager: Mounting plugin RuntimePhysXCooking
LogPluginManager: Mounting plugin Synthesis
LogPluginManager: Mounting plugin ScreenshotTools
LogPluginManager: Mounting plugin WebMMoviePlayer
LogPluginManager: Mounting plugin WindowsMoviePlayer
LogPluginManager: Mounting plugin Takes
LogPluginManager: Mounting plugin OpenXR
LogPluginManager: Mounting plugin ContentBrowserAssetDataSource
LogPluginManager: Mounting plugin ContentBrowserClassDataSource
LogPluginManager: Mounting plugin ContentBrowserFileDataSource
LogPluginManager: Mounting plugin OnlineSubsystemGooglePlay
LogPluginManager: Mounting plugin OnlineSubsystemIOS
LogPluginManager: Mounting plugin OculusVR
LogPluginManager: Mounting plugin SteamAudio
LogPluginManager: Mounting plugin SteamShared
LogPluginManager: Mounting plugin SteamVR
PixWinPlugin: PIX capture plugin failed to initialize! Check that the process is launched from PIX.
LogInit: Using libcurl 7.55.1-DEV
LogInit:  - built for x86_64-pc-win32
LogInit:  - supports SSL with OpenSSL/1.1.1
LogInit:  - supports HTTP deflate (compression) using libz 1.2.8
LogInit:  - other features:
LogInit:      CURL_VERSION_SSL
LogInit:      CURL_VERSION_LIBZ
LogInit:      CURL_VERSION_IPV6
LogInit:      CURL_VERSION_ASYNCHDNS
LogInit:      CURL_VERSION_LARGEFILE
LogInit:      CURL_VERSION_IDN
LogInit:  CurlRequestOptions (configurable via config and command line):
LogInit:  - bVerifyPeer = true  - Libcurl will verify peer certificate
LogInit:  - bUseHttpProxy = false  - Libcurl will NOT use HTTP proxy
LogInit:  - bDontReuseConnections = false  - Libcurl will reuse connections
LogInit:  - MaxHostConnections = 16  - Libcurl will limit the number of connections to a host
LogInit:  - LocalHostAddr = Default
LogInit:  - BufferSize = 65536
LogSteamShared: Display: Loading Steam SDK 1.51
LogSteamShared: Steam SDK Loaded!
LogOnline: OSS: Creating online subsystem instance for: Steam
LogSteamShared: Warning: SteamAPI failed to initialize, conditions not met.
LogOnline: Warning: STEAM: Steamworks: SteamUtils() failed!
LogOnline: Warning: STEAM: Steamworks: SteamUser() failed!
LogOnline: Warning: STEAM: Steamworks: SteamFriends() failed!
LogOnline: Warning: STEAM: Steamworks: SteamRemoteStorage() failed!
LogOnline: Warning: STEAM: Steamworks: SteamUserStats() failed!
LogOnline: Warning: STEAM: Steamworks: SteamMatchmakingServers() failed!
LogOnline: Warning: STEAM: Steamworks: SteamApps() failed!
LogOnline: Warning: STEAM: Steamworks: SteamNetworking() failed!
LogOnline: Warning: STEAM: Steamworks: SteamMatchmaking() failed!
LogOnline: STEAM: [AppId: 0] Client API initialized 0
LogOnline: Display: STEAM: OnlineSubsystemSteam::Shutdown()
LogOnline: Warning: STEAM: Steam API failed to initialize!
LogOnline: Display: STEAM: OnlineSubsystemSteam::Shutdown()
LogOnline: OSS: Unable to create OnlineSubsystem module Steam
LogOnline: OSS: Creating online subsystem instance for: NULL
LogInit: WinSock: version 1.1 (2.2), MaxSocks=32767, MaxUdp=65467
LogOnline: OSS: TryLoadSubsystemAndSetDefault: Loaded subsystem for module [NULL]
LogOculusPluginWrapper: OculusPlugin initialized successfully
LogHMD: Failed initializing OVRPlugin 1.59.0
LogInit: Build: ++UE4+Release-4.27-CL-18319896
LogInit: Engine Version: 4.27.2-18319896+++UE4+Release-4.27
LogInit: Compatible Engine Version: 4.27.0-17155196+++UE4+Release-4.27
LogInit: Net CL: 17155196
LogInit: OS: Windows 10 (Release 2009) (), CPU: Intel(R) Core(TM) i7-9700K CPU @ 3.60GHz, GPU: NVIDIA GeForce GTX 1060 6GB
LogInit: Compiled (64-bit): Nov 30 2021 07:12:08
LogInit: Compiled with Visual C++: 19.24.28315.00
LogInit: Build Configuration: Development
LogInit: Branch Name: ++UE4+Release-4.27
LogInit: Command Line:  127.0.0.1:17777 -game -PIEVIACONSOLE -Multiprocess "GameUserSettingsINI=D:/Polytech Work/Year-3/Game dev/Space-Porject/Station11Game/Station_11_BIT/Saved/Config/Windows/PIEGameUserSettings1.ini" -MultiprocessSaveConfig -forcepassthrough -messaging -SessionName="Play in Standalone Game" -windowed -WinX=0 -WinY=24 SAVEWINPOS=1 -ResX=640 -ResY=480
LogInit: Base Directory: D:/Unreal Engine/UE_4.27/Engine/Binaries/Win64/
LogInit: Allocator: TBB
LogInit: Installed Engine Build: 1
LogDevObjectVersion: Number of dev versions registered: 29
LogDevObjectVersion:   Dev-Blueprints (B0D832E4-1F89-4F0D-ACCF-7EB736FD4AA2): 10
LogDevObjectVersion:   Dev-Build (E1C64328-A22C-4D53-A36C-8E866417BD8C): 0
LogDevObjectVersion:   Dev-Core (375EC13C-06E4-48FB-B500-84F0262A717E): 4
LogDevObjectVersion:   Dev-Editor (E4B068ED-F494-42E9-A231-DA0B2E46BB41): 40
LogDevObjectVersion:   Dev-Framework (CFFC743F-43B0-4480-9391-14DF171D2073): 37
LogDevObjectVersion:   Dev-Mobile (B02B49B5-BB20-44E9-A304-32B752E40360): 3
LogDevObjectVersion:   Dev-Networking (A4E4105C-59A1-49B5-A7C5-40C4547EDFEE): 0
LogDevObjectVersion:   Dev-Online (39C831C9-5AE6-47DC-9A44-9C173E1C8E7C): 0
LogDevObjectVersion:   Dev-Physics (78F01B33-EBEA-4F98-B9B4-84EACCB95AA2): 14
LogDevObjectVersion:   Dev-Platform (6631380F-2D4D-43E0-8009-CF276956A95A): 0
LogDevObjectVersion:   Dev-Rendering (12F88B9F-8875-4AFC-A67C-D90C383ABD29): 45
LogDevObjectVersion:   Dev-Sequencer (7B5AE74C-D270-4C10-A958-57980B212A5A): 13
LogDevObjectVersion:   Dev-VR (D7296918-1DD6-4BDD-9DE2-64A83CC13884): 3
LogDevObjectVersion:   Dev-LoadTimes (C2A15278-BFE7-4AFE-6C17-90FF531DF755): 1
LogDevObjectVersion:   Private-Geometry (6EACA3D4-40EC-4CC1-B786-8BED09428FC5): 3
LogDevObjectVersion:   Dev-AnimPhys (29E575DD-E0A3-4627-9D10-D276232CDCEA): 17
LogDevObjectVersion:   Dev-Anim (AF43A65D-7FD3-4947-9873-3E8ED9C1BB05): 15
LogDevObjectVersion:   Dev-ReflectionCapture (6B266CEC-1EC7-4B8F-A30B-E4D90942FC07): 1
LogDevObjectVersion:   Dev-Automation (0DF73D61-A23F-47EA-B727-89E90C41499A): 1
LogDevObjectVersion:   FortniteMain (601D1886-AC64-4F84-AA16-D3DE0DEAC7D6): 47
LogDevObjectVersion:   FortniteRelease (E7086368-6B23-4C58-8439-1B7016265E91): 1
LogDevObjectVersion:   Dev-Enterprise (9DFFBCD6-494F-0158-E221-12823C92A888): 10
LogDevObjectVersion:   Dev-Niagara (F2AED0AC-9AFE-416F-8664-AA7FFA26D6FC): 1
LogDevObjectVersion:   Dev-Destruction (174F1F0B-B4C6-45A5-B13F-2EE8D0FB917D): 10
LogDevObjectVersion:   Dev-Physics-Ext (35F94A83-E258-406C-A318-09F59610247C): 41
LogDevObjectVersion:   Dev-PhysicsMaterial-Chaos (B68FC16E-8B1B-42E2-B453-215C058844FE): 1
LogDevObjectVersion:   Dev-CineCamera (B2E18506-4273-CFC2-A54E-F4BB758BBA07): 1
LogDevObjectVersion:   Dev-VirtualProduction (64F58936-FD1B-42BA-BA96-7289D5D0FA4E): 1
LogDevObjectVersion:   Dev-MediaFramework (6F0ED827-A609-4895-9C91-998D90180EA4): 2
LogInit: Presizing for max 25165824 objects, including 0 objects not considered by GC, pre-allocating 0 bytes for permanent pool.
LogConfig: Applying CVar settings from Section [/Script/Engine.StreamingSettings] File [D:/Polytech Work/Year-3/Game dev/Space-Porject/Station11Game/Station_11_BIT/Saved/Config/Windows/Engine.ini]
LogConfig: Setting CVar [[s.MinBulkDataSizeForAsyncLoading:131072]]
LogConfig: Setting CVar [[s.AsyncLoadingThreadEnabled:0]]
LogConfig: Setting CVar [[s.EventDrivenLoaderEnabled:1]]
LogConfig: Setting CVar [[s.WarnIfTimeLimitExceeded:0]]
LogConfig: Setting CVar [[s.TimeLimitExceededMultiplier:1.5]]
LogConfig: Setting CVar [[s.TimeLimitExceededMinTime:0.005]]
LogConfig: Setting CVar [[s.UseBackgroundLevelStreaming:1]]
LogConfig: Setting CVar [[s.PriorityAsyncLoadingExtraTime:15.0]]
LogConfig: Setting CVar [[s.LevelStreamingActorsUpdateTimeLimit:5.0]]
LogConfig: Setting CVar [[s.PriorityLevelStreamingActorsUpdateExtraTime:5.0]]
LogConfig: Setting CVar [[s.LevelStreamingComponentsRegistrationGranularity:10]]
LogConfig: Setting CVar [[s.UnregisterComponentsTimeLimit:1.0]]
LogConfig: Setting CVar [[s.LevelStreamingComponentsUnregistrationGranularity:5]]
LogConfig: Setting CVar [[s.FlushStreamingOnExit:1]]
LogInit: Object subsystem initialized
LogConfig: Setting CVar [[con.DebugEarlyDefault:1]]
LogConfig: Setting CVar [[r.setres:1280x720]]
[2022.05.20-00.15.04:700][  0]LogConfig: Setting CVar [[con.DebugEarlyDefault:1]]
[2022.05.20-00.15.04:700][  0]LogConfig: Setting CVar [[r.setres:1280x720]]
[2022.05.20-00.15.04:700][  0]LogConfig: Applying CVar settings from Section [/Script/Engine.RendererSettings] File [D:/Polytech Work/Year-3/Game dev/Space-Porject/Station11Game/Station_11_BIT/Saved/Config/Windows/Engine.ini]
[2022.05.20-00.15.04:700][  0]LogConfig: Setting CVar [[r.GPUCrashDebugging:0]]
[2022.05.20-00.15.04:700][  0]LogConfig: Applying CVar settings from Section [/Script/Engine.RendererOverrideSettings] File [D:/Polytech Work/Year-3/Game dev/Space-Porject/Station11Game/Station_11_BIT/Saved/Config/Windows/Engine.ini]
[2022.05.20-00.15.04:700][  0]LogConfig: Applying CVar settings from Section [/Script/Engine.StreamingSettings] File [D:/Polytech Work/Year-3/Game dev/Space-Porject/Station11Game/Station_11_BIT/Saved/Config/Windows/Engine.ini]
[2022.05.20-00.15.04:700][  0]LogConfig: Setting CVar [[s.MinBulkDataSizeForAsyncLoading:131072]]
[2022.05.20-00.15.04:700][  0]LogConfig: Setting CVar [[s.AsyncLoadingThreadEnabled:0]]
[2022.05.20-00.15.04:700][  0]LogConfig: Setting CVar [[s.EventDrivenLoaderEnabled:1]]
[2022.05.20-00.15.04:700][  0]LogConfig: Setting CVar [[s.WarnIfTimeLimitExceeded:0]]
[2022.05.20-00.15.04:700][  0]LogConfig: Setting CVar [[s.TimeLimitExceededMultiplier:1.5]]
[2022.05.20-00.15.04:700][  0]LogConfig: Setting CVar [[s.TimeLimitExceededMinTime:0.005]]
[2022.05.20-00.15.04:700][  0]LogConfig: Setting CVar [[s.UseBackgroundLevelStreaming:1]]
[2022.05.20-00.15.04:700][  0]LogConfig: Setting CVar [[s.PriorityAsyncLoadingExtraTime:15.0]]
[2022.05.20-00.15.04:700][  0]LogConfig: Setting CVar [[s.LevelStreamingActorsUpdateTimeLimit:5.0]]
[2022.05.20-00.15.04:700][  0]LogConfig: Setting CVar [[s.PriorityLevelStreamingActorsUpdateExtraTime:5.0]]
[2022.05.20-00.15.04:700][  0]LogConfig: Setting CVar [[s.LevelStreamingComponentsRegistrationGranularity:10]]
[2022.05.20-00.15.04:700][  0]LogConfig: Setting CVar [[s.UnregisterComponentsTimeLimit:1.0]]
[2022.05.20-00.15.04:700][  0]LogConfig: Setting CVar [[s.LevelStreamingComponentsUnregistrationGranularity:5]]
[2022.05.20-00.15.04:700][  0]LogConfig: Setting CVar [[s.FlushStreamingOnExit:1]]
[2022.05.20-00.15.04:700][  0]LogConfig: Applying CVar settings from Section [/Script/Engine.GarbageCollectionSettings] File [D:/Polytech Work/Year-3/Game dev/Space-Porject/Station11Game/Station_11_BIT/Saved/Config/Windows/Engine.ini]
[2022.05.20-00.15.04:700][  0]LogConfig: Setting CVar [[gc.MaxObjectsNotConsideredByGC:1]]
[2022.05.20-00.15.04:700][  0]LogConfig: Setting CVar [[gc.SizeOfPermanentObjectPool:0]]
[2022.05.20-00.15.04:700][  0]LogConfig: Setting CVar [[gc.FlushStreamingOnGC:0]]
[2022.05.20-00.15.04:700][  0]LogConfig: Setting CVar [[gc.NumRetriesBeforeForcingGC:10]]
[2022.05.20-00.15.04:700][  0]LogConfig: Setting CVar [[gc.AllowParallelGC:1]]
[2022.05.20-00.15.04:700][  0]LogConfig: Setting CVar [[gc.TimeBetweenPurgingPendingKillObjects:61.1]]
[2022.05.20-00.15.04:700][  0]LogConfig: Setting CVar [[gc.MaxObjectsInEditor:25165824]]
[2022.05.20-00.15.04:700][  0]LogConfig: Setting CVar [[gc.IncrementalBeginDestroyEnabled:1]]
[2022.05.20-00.15.04:700][  0]LogConfig: Setting CVar [[gc.CreateGCClusters:1]]
[2022.05.20-00.15.04:700][  0]LogConfig: Setting CVar [[gc.MinGCClusterSize:5]]
[2022.05.20-00.15.04:700][  0]LogConfig: Setting CVar [[gc.ActorClusteringEnabled:0]]
[2022.05.20-00.15.04:700][  0]LogConfig: Setting CVar [[gc.BlueprintClusteringEnabled:0]]
[2022.05.20-00.15.04:700][  0]LogConfig: Setting CVar [[gc.UseDisregardForGCOnDedicatedServers:0]]
[2022.05.20-00.15.04:700][  0]LogConfig: Setting CVar [[gc.MultithreadedDestructionEnabled:1]]
[2022.05.20-00.15.04:700][  0]LogConfig: Applying CVar settings from Section [/Script/Engine.NetworkSettings] File [D:/Polytech Work/Year-3/Game dev/Space-Porject/Station11Game/Station_11_BIT/Saved/Config/Windows/Engine.ini]
[2022.05.20-00.15.04:700][  0]LogConfig: Applying CVar settings from Section [/Script/UnrealEd.CookerSettings] File [D:/Polytech Work/Year-3/Game dev/Space-Porject/Station11Game/Station_11_BIT/Saved/Config/Windows/Engine.ini]
[2022.05.20-00.15.04:721][  0]LogConfig: Applying CVar settings from Section [ViewDistanceQuality@3] File [D:/Polytech Work/Year-3/Game dev/Space-Porject/Station11Game/Station_11_BIT/Saved/Config/Windows/Scalability.ini]
[2022.05.20-00.15.04:721][  0]LogConfig: Setting CVar [[r.SkeletalMeshLODBias:0]]
[2022.05.20-00.15.04:721][  0]LogConfig: Setting CVar [[r.ViewDistanceScale:1.0]]
[2022.05.20-00.15.04:721][  0]LogConfig: Applying CVar settings from Section [AntiAliasingQuality@3] File [D:/Polytech Work/Year-3/Game dev/Space-Porject/Station11Game/Station_11_BIT/Saved/Config/Windows/Scalability.ini]
[2022.05.20-00.15.04:721][  0]LogConfig: Setting CVar [[r.PostProcessAAQuality:4]]
[2022.05.20-00.15.04:721][  0]LogConfig: Applying CVar settings from Section [ShadowQuality@3] File [D:/Polytech Work/Year-3/Game dev/Space-Porject/Station11Game/Station_11_BIT/Saved/Config/Windows/Scalability.ini]
[2022.05.20-00.15.04:721][  0]LogConfig: Setting CVar [[r.LightFunctionQuality:1]]
[2022.05.20-00.15.04:721][  0]LogConfig: Setting CVar [[r.ShadowQuality:5]]
[2022.05.20-00.15.04:721][  0]LogConfig: Setting CVar [[r.Shadow.CSM.MaxCascades:10]]
[2022.05.20-00.15.04:721][  0]LogConfig: Setting CVar [[r.Shadow.MaxResolution:2048]]
[2022.05.20-00.15.04:721][  0]LogConfig: Setting CVar [[r.Shadow.MaxCSMResolution:2048]]
[2022.05.20-00.15.04:721][  0]LogConfig: Setting CVar [[r.Shadow.RadiusThreshold:0.01]]
[2022.05.20-00.15.04:721][  0]LogConfig: Setting CVar [[r.Shadow.DistanceScale:1.0]]
[2022.05.20-00.15.04:721][  0]LogConfig: Setting CVar [[r.Shadow.CSM.TransitionScale:1.0]]
[2022.05.20-00.15.04:721][  0]LogConfig: Setting CVar [[r.Shadow.PreShadowResolutionFactor:1.0]]
[2022.05.20-00.15.04:721][  0]LogConfig: Setting CVar [[r.DistanceFieldShadowing:1]]
[2022.05.20-00.15.04:721][  0]LogConfig: Setting CVar [[r.DistanceFieldAO:1]]
[2022.05.20-00.15.04:721][  0]LogConfig: Setting CVar [[r.AOQuality:2]]
[2022.05.20-00.15.04:721][  0]LogConfig: Setting CVar [[r.VolumetricFog:1]]
[2022.05.20-00.15.04:721][  0]LogConfig: Setting CVar [[r.VolumetricFog.GridPixelSize:8]]
[2022.05.20-00.15.04:721][  0]LogConfig: Setting CVar [[r.VolumetricFog.GridSizeZ:128]]
[2022.05.20-00.15.04:721][  0]LogConfig: Setting CVar [[r.VolumetricFog.HistoryMissSupersampleCount:4]]
[2022.05.20-00.15.04:721][  0]LogConfig: Setting CVar [[r.LightMaxDrawDistanceScale:1]]
[2022.05.20-00.15.04:721][  0]LogConfig: Setting CVar [[r.CapsuleShadows:1]]
[2022.05.20-00.15.04:721][  0]LogConfig: Applying CVar settings from Section [PostProcessQuality@3] File [D:/Polytech Work/Year-3/Game dev/Space-Porject/Station11Game/Station_11_BIT/Saved/Config/Windows/Scalability.ini]
[2022.05.20-00.15.04:721][  0]LogConfig: Setting CVar [[r.MotionBlurQuality:4]]
[2022.05.20-00.15.04:721][  0]LogConfig: Setting CVar [[r.AmbientOcclusionMipLevelFactor:0.4]]
[2022.05.20-00.15.04:721][  0]LogConfig: Setting CVar [[r.AmbientOcclusionMaxQuality:100]]
[2022.05.20-00.15.04:721][  0]LogConfig: Setting CVar [[r.AmbientOcclusionLevels:-1]]
[2022.05.20-00.15.04:721][  0]LogConfig: Setting CVar [[r.AmbientOcclusionRadiusScale:1.0]]
[2022.05.20-00.15.04:721][  0]LogConfig: Setting CVar [[r.DepthOfFieldQuality:2]]
[2022.05.20-00.15.04:721][  0]LogConfig: Setting CVar [[r.RenderTargetPoolMin:400]]
[2022.05.20-00.15.04:721][  0]LogConfig: Setting CVar [[r.LensFlareQuality:2]]
[2022.05.20-00.15.04:721][  0]LogConfig: Setting CVar [[r.SceneColorFringeQuality:1]]
[2022.05.20-00.15.04:721][  0]LogConfig: Setting CVar [[r.EyeAdaptationQuality:2]]
[2022.05.20-00.15.04:721][  0]LogConfig: Setting CVar [[r.BloomQuality:5]]
[2022.05.20-00.15.04:721][  0]LogConfig: Setting CVar [[r.FastBlurThreshold:100]]
[2022.05.20-00.15.04:721][  0]LogConfig: Setting CVar [[r.Upscale.Quality:3]]
[2022.05.20-00.15.04:721][  0]LogConfig: Setting CVar [[r.Tonemapper.GrainQuantization:1]]
[2022.05.20-00.15.04:721][  0]LogConfig: Setting CVar [[r.LightShaftQuality:1]]
[2022.05.20-00.15.04:721][  0]LogConfig: Setting CVar [[r.Filter.SizeScale:1]]
[2022.05.20-00.15.04:721][  0]LogConfig: Setting CVar [[r.Tonemapper.Quality:5]]
[2022.05.20-00.15.04:721][  0]LogConfig: Setting CVar [[r.DOF.Gather.AccumulatorQuality:1        ; higher gathering accumulator quality]]
[2022.05.20-00.15.04:721][  0]LogConfig: Setting CVar [[r.DOF.Gather.PostfilterMethod:1          ; Median3x3 postfilering method]]
[2022.05.20-00.15.04:721][  0]LogConfig: Setting CVar [[r.DOF.Gather.EnableBokehSettings:0       ; no bokeh simulation when gathering]]
[2022.05.20-00.15.04:721][  0]LogConfig: Setting CVar [[r.DOF.Gather.RingCount:4                 ; medium number of samples when gathering]]
[2022.05.20-00.15.04:721][  0]LogConfig: Setting CVar [[r.DOF.Scatter.ForegroundCompositing:1    ; additive foreground scattering]]
[2022.05.20-00.15.04:721][  0]LogConfig: Setting CVar [[r.DOF.Scatter.BackgroundCompositing:2    ; additive background scattering]]
[2022.05.20-00.15.04:721][  0]LogConfig: Setting CVar [[r.DOF.Scatter.EnableBokehSettings:1      ; bokeh simulation when scattering]]
[2022.05.20-00.15.04:721][  0]LogConfig: Setting CVar [[r.DOF.Scatter.MaxSpriteRatio:0.1         ; only a maximum of 10% of scattered bokeh]]
[2022.05.20-00.15.04:721][  0]LogConfig: Setting CVar [[r.DOF.Recombine.Quality:1                ; cheap slight out of focus]]
[2022.05.20-00.15.04:721][  0]LogConfig: Setting CVar [[r.DOF.Recombine.EnableBokehSettings:0    ; no bokeh simulation on slight out of focus]]
[2022.05.20-00.15.04:721][  0]LogConfig: Setting CVar [[r.DOF.TemporalAAQuality:1                ; more stable temporal accumulation]]
[2022.05.20-00.15.04:721][  0]LogConfig: Setting CVar [[r.DOF.Kernel.MaxForegroundRadius:0.025]]
[2022.05.20-00.15.04:721][  0]LogConfig: Setting CVar [[r.DOF.Kernel.MaxBackgroundRadius:0.025]]
[2022.05.20-00.15.04:721][  0]LogConfig: Applying CVar settings from Section [TextureQuality@3] File [D:/Polytech Work/Year-3/Game dev/Space-Porject/Station11Game/Station_11_BIT/Saved/Config/Windows/Scalability.ini]
[2022.05.20-00.15.04:721][  0]LogConfig: Setting CVar [[r.Streaming.MipBias:0]]
[2022.05.20-00.15.04:721][  0]LogConfig: Setting CVar [[r.Streaming.AmortizeCPUToGPUCopy:0]]
[2022.05.20-00.15.04:721][  0]LogConfig: Setting CVar [[r.Streaming.MaxNumTexturesToStreamPerFrame:0]]
[2022.05.20-00.15.04:721][  0]LogConfig: Setting CVar [[r.Streaming.Boost:1]]
[2022.05.20-00.15.04:721][  0]LogConfig: Setting CVar [[r.MaxAnisotropy:8]]
[2022.05.20-00.15.04:721][  0]LogConfig: Setting CVar [[r.VT.MaxAnisotropy:8]]
[2022.05.20-00.15.04:721][  0]LogConfig: Setting CVar [[r.Streaming.LimitPoolSizeToVRAM:0]]
[2022.05.20-00.15.04:721][  0]LogConfig: Setting CVar [[r.Streaming.PoolSize:1000]]
[2022.05.20-00.15.04:721][  0]LogConfig: Setting CVar [[r.Streaming.MaxEffectiveScreenSize:0]]
[2022.05.20-00.15.04:721][  0]LogConfig: Applying CVar settings from Section [EffectsQuality@3] File [D:/Polytech Work/Year-3/Game dev/Space-Porject/Station11Game/Station_11_BIT/Saved/Config/Windows/Scalability.ini]
[2022.05.20-00.15.04:721][  0]LogConfig: Setting CVar [[r.TranslucencyLightingVolumeDim:64]]
[2022.05.20-00.15.04:721][  0]LogConfig: Setting CVar [[r.RefractionQuality:2]]
[2022.05.20-00.15.04:721][  0]LogConfig: Setting CVar [[r.SSR.Quality:3]]
[2022.05.20-00.15.04:722][  0]LogConfig: Setting CVar [[r.SSR.HalfResSceneColor:0]]
[2022.05.20-00.15.04:722][  0]LogConfig: Setting CVar [[r.SceneColorFormat:4]]
[2022.05.20-00.15.04:722][  0]LogConfig: Setting CVar [[r.DetailMode:2]]
[2022.05.20-00.15.04:722][  0]LogConfig: Setting CVar [[r.TranslucencyVolumeBlur:1]]
[2022.05.20-00.15.04:722][  0]LogConfig: Setting CVar [[r.MaterialQualityLevel:1 ; High quality]]
[2022.05.20-00.15.04:722][  0]LogConfig: Setting CVar [[r.AnisotropicMaterials:1]]
[2022.05.20-00.15.04:722][  0]LogConfig: Setting CVar [[r.SSS.Scale:1]]
[2022.05.20-00.15.04:722][  0]LogConfig: Setting CVar [[r.SSS.SampleSet:2]]
[2022.05.20-00.15.04:722][  0]LogConfig: Setting CVar [[r.SSS.Quality:1]]
[2022.05.20-00.15.04:722][  0]LogConfig: Setting CVar [[r.SSS.HalfRes:0]]
[2022.05.20-00.15.04:722][  0]LogConfig: Setting CVar [[r.SSGI.Quality:3]]
[2022.05.20-00.15.04:722][  0]LogConfig: Setting CVar [[r.EmitterSpawnRateScale:1.0]]
[2022.05.20-00.15.04:722][  0]LogConfig: Setting CVar [[r.ParticleLightQuality:2]]
[2022.05.20-00.15.04:722][  0]LogConfig: Setting CVar [[r.SkyAtmosphere.AerialPerspectiveLUT.FastApplyOnOpaque:1 ; Always have FastSkyLUT 1 in this case to avoid wrong sky]]
[2022.05.20-00.15.04:722][  0]LogConfig: Setting CVar [[r.SkyAtmosphere.AerialPerspectiveLUT.SampleCountMaxPerSlice:4]]
[2022.05.20-00.15.04:722][  0]LogConfig: Setting CVar [[r.SkyAtmosphere.AerialPerspectiveLUT.DepthResolution:16.0]]
[2022.05.20-00.15.04:722][  0]LogConfig: Setting CVar [[r.SkyAtmosphere.FastSkyLUT:1]]
[2022.05.20-00.15.04:722][  0]LogConfig: Setting CVar [[r.SkyAtmosphere.FastSkyLUT.SampleCountMin:4.0]]
[2022.05.20-00.15.04:722][  0]LogConfig: Setting CVar [[r.SkyAtmosphere.FastSkyLUT.SampleCountMax:128.0]]
[2022.05.20-00.15.04:722][  0]LogConfig: Setting CVar [[r.SkyAtmosphere.SampleCountMin:4.0]]
[2022.05.20-00.15.04:722][  0]LogConfig: Setting CVar [[r.SkyAtmosphere.SampleCountMax:128.0]]
[2022.05.20-00.15.04:722][  0]LogConfig: Setting CVar [[r.SkyAtmosphere.TransmittanceLUT.UseSmallFormat:0]]
[2022.05.20-00.15.04:722][  0]LogConfig: Setting CVar [[r.SkyAtmosphere.TransmittanceLUT.SampleCount:10.0]]
[2022.05.20-00.15.04:722][  0]LogConfig: Setting CVar [[r.SkyAtmosphere.MultiScatteringLUT.SampleCount:15.0]]
[2022.05.20-00.15.04:722][  0]LogConfig: Setting CVar [[r.SkyLight.RealTimeReflectionCapture:1]]
[2022.05.20-00.15.04:722][  0]LogConfig: Applying CVar settings from Section [FoliageQuality@3] File [D:/Polytech Work/Year-3/Game dev/Space-Porject/Station11Game/Station_11_BIT/Saved/Config/Windows/Scalability.ini]
[2022.05.20-00.15.04:722][  0]LogConfig: Setting CVar [[foliage.DensityScale:1.0]]
[2022.05.20-00.15.04:722][  0]LogConfig: Setting CVar [[grass.DensityScale:1.0]]
[2022.05.20-00.15.04:722][  0]LogConfig: Applying CVar settings from Section [ShadingQuality@3] File [D:/Polytech Work/Year-3/Game dev/Space-Porject/Station11Game/Station_11_BIT/Saved/Config/Windows/Scalability.ini]
[2022.05.20-00.15.04:722][  0]LogConfig: Setting CVar [[r.HairStrands.SkyLighting.IntegrationType:2]]
[2022.05.20-00.15.04:722][  0]LogConfig: Setting CVar [[r.HairStrands.SkyAO.SampleCount:4]]
[2022.05.20-00.15.04:722][  0]LogConfig: Setting CVar [[r.HairStrands.Visibility.MSAA.SamplePerPixel:4]]
[2022.05.20-00.15.04:722][  0]LogInit: Selected Device Profile: [Windows]
[2022.05.20-00.15.04:722][  0]LogInit: Applying CVar settings loaded from the selected device profile: [Windows]
[2022.05.20-00.15.04:722][  0]LogHAL: Display: Platform has ~ 16 GB [17087238144 / 17179869184 / 16], which maps to Larger [LargestMinGB=32, LargerMinGB=12, DefaultMinGB=8, SmallerMinGB=6, SmallestMinGB=0)
[2022.05.20-00.15.04:722][  0]LogInit: Going up to parent DeviceProfile []
[2022.05.20-00.15.04:722][  0]LogConfig: Applying CVar settings from Section [ViewDistanceQuality@3] File [D:/Polytech Work/Year-3/Game dev/Space-Porject/Station11Game/Station_11_BIT/Saved/Config/Windows/Scalability.ini]
[2022.05.20-00.15.04:722][  0]LogConfig: Setting CVar [[r.SkeletalMeshLODBias:0]]
[2022.05.20-00.15.04:722][  0]LogConfig: Setting CVar [[r.ViewDistanceScale:1.0]]
[2022.05.20-00.15.04:722][  0]LogConfig: Applying CVar settings from Section [AntiAliasingQuality@3] File [D:/Polytech Work/Year-3/Game dev/Space-Porject/Station11Game/Station_11_BIT/Saved/Config/Windows/Scalability.ini]
[2022.05.20-00.15.04:722][  0]LogConfig: Setting CVar [[r.PostProcessAAQuality:4]]
[2022.05.20-00.15.04:722][  0]LogConfig: Applying CVar settings from Section [ShadowQuality@3] File [D:/Polytech Work/Year-3/Game dev/Space-Porject/Station11Game/Station_11_BIT/Saved/Config/Windows/Scalability.ini]
[2022.05.20-00.15.04:722][  0]LogConfig: Setting CVar [[r.LightFunctionQuality:1]]
[2022.05.20-00.15.04:722][  0]LogConfig: Setting CVar [[r.ShadowQuality:5]]
[2022.05.20-00.15.04:722][  0]LogConfig: Setting CVar [[r.Shadow.CSM.MaxCascades:10]]
[2022.05.20-00.15.04:722][  0]LogConfig: Setting CVar [[r.Shadow.MaxResolution:2048]]
[2022.05.20-00.15.04:722][  0]LogConfig: Setting CVar [[r.Shadow.MaxCSMResolution:2048]]
[2022.05.20-00.15.04:722][  0]LogConfig: Setting CVar [[r.Shadow.RadiusThreshold:0.01]]
[2022.05.20-00.15.04:722][  0]LogConfig: Setting CVar [[r.Shadow.DistanceScale:1.0]]
[2022.05.20-00.15.04:722][  0]LogConfig: Setting CVar [[r.Shadow.CSM.TransitionScale:1.0]]
[2022.05.20-00.15.04:722][  0]LogConfig: Setting CVar [[r.Shadow.PreShadowResolutionFactor:1.0]]
[2022.05.20-00.15.04:722][  0]LogConfig: Setting CVar [[r.DistanceFieldShadowing:1]]
[2022.05.20-00.15.04:722][  0]LogConfig: Setting CVar [[r.DistanceFieldAO:1]]
[2022.05.20-00.15.04:722][  0]LogConfig: Setting CVar [[r.AOQuality:2]]
[2022.05.20-00.15.04:722][  0]LogConfig: Setting CVar [[r.VolumetricFog:1]]
[2022.05.20-00.15.04:722][  0]LogConfig: Setting CVar [[r.VolumetricFog.GridPixelSize:8]]
[2022.05.20-00.15.04:722][  0]LogConfig: Setting CVar [[r.VolumetricFog.GridSizeZ:128]]
[2022.05.20-00.15.04:722][  0]LogConfig: Setting CVar [[r.VolumetricFog.HistoryMissSupersampleCount:4]]
[2022.05.20-00.15.04:722][  0]LogConfig: Setting CVar [[r.LightMaxDrawDistanceScale:1]]
[2022.05.20-00.15.04:722][  0]LogConfig: Setting CVar [[r.CapsuleShadows:1]]
[2022.05.20-00.15.04:722][  0]LogConfig: Applying CVar settings from Section [PostProcessQuality@3] File [D:/Polytech Work/Year-3/Game dev/Space-Porject/Station11Game/Station_11_BIT/Saved/Config/Windows/Scalability.ini]
[2022.05.20-00.15.04:722][  0]LogConfig: Setting CVar [[r.MotionBlurQuality:4]]
[2022.05.20-00.15.04:722][  0]LogConfig: Setting CVar [[r.AmbientOcclusionMipLevelFactor:0.4]]
[2022.05.20-00.15.04:722][  0]LogConfig: Setting CVar [[r.AmbientOcclusionMaxQuality:100]]
[2022.05.20-00.15.04:722][  0]LogConfig: Setting CVar [[r.AmbientOcclusionLevels:-1]]
[2022.05.20-00.15.04:722][  0]LogConfig: Setting CVar [[r.AmbientOcclusionRadiusScale:1.0]]
[2022.05.20-00.15.04:722][  0]LogConfig: Setting CVar [[r.DepthOfFieldQuality:2]]
[2022.05.20-00.15.04:722][  0]LogConfig: Setting CVar [[r.RenderTargetPoolMin:400]]
[2022.05.20-00.15.04:722][  0]LogConfig: Setting CVar [[r.LensFlareQuality:2]]
[2022.05.20-00.15.04:722][  0]LogConfig: Setting CVar [[r.SceneColorFringeQuality:1]]
[2022.05.20-00.15.04:722][  0]LogConfig: Setting CVar [[r.EyeAdaptationQuality:2]]
[2022.05.20-00.15.04:722][  0]LogConfig: Setting CVar [[r.BloomQuality:5]]
[2022.05.20-00.15.04:722][  0]LogConfig: Setting CVar [[r.FastBlurThreshold:100]]
[2022.05.20-00.15.04:722][  0]LogConfig: Setting CVar [[r.Upscale.Quality:3]]
[2022.05.20-00.15.04:722][  0]LogConfig: Setting CVar [[r.Tonemapper.GrainQuantization:1]]
[2022.05.20-00.15.04:722][  0]LogConfig: Setting CVar [[r.LightShaftQuality:1]]
[2022.05.20-00.15.04:722][  0]LogConfig: Setting CVar [[r.Filter.SizeScale:1]]
[2022.05.20-00.15.04:722][  0]LogConfig: Setting CVar [[r.Tonemapper.Quality:5]]
[2022.05.20-00.15.04:722][  0]LogConfig: Setting CVar [[r.DOF.Gather.AccumulatorQuality:1        ; higher gathering accumulator quality]]
[2022.05.20-00.15.04:722][  0]LogConfig: Setting CVar [[r.DOF.Gather.PostfilterMethod:1          ; Median3x3 postfilering method]]
[2022.05.20-00.15.04:722][  0]LogConfig: Setting CVar [[r.DOF.Gather.EnableBokehSettings:0       ; no bokeh simulation when gathering]]
[2022.05.20-00.15.04:722][  0]LogConfig: Setting CVar [[r.DOF.Gather.RingCount:4                 ; medium number of samples when gathering]]
[2022.05.20-00.15.04:722][  0]LogConfig: Setting CVar [[r.DOF.Scatter.ForegroundCompositing:1    ; additive foreground scattering]]
[2022.05.20-00.15.04:722][  0]LogConfig: Setting CVar [[r.DOF.Scatter.BackgroundCompositing:2    ; additive background scattering]]
[2022.05.20-00.15.04:722][  0]LogConfig: Setting CVar [[r.DOF.Scatter.EnableBokehSettings:1      ; bokeh simulation when scattering]]
[2022.05.20-00.15.04:722][  0]LogConfig: Setting CVar [[r.DOF.Scatter.MaxSpriteRatio:0.1         ; only a maximum of 10% of scattered bokeh]]
[2022.05.20-00.15.04:722][  0]LogConfig: Setting CVar [[r.DOF.Recombine.Quality:1                ; cheap slight out of focus]]
[2022.05.20-00.15.04:722][  0]LogConfig: Setting CVar [[r.DOF.Recombine.EnableBokehSettings:0    ; no bokeh simulation on slight out of focus]]
[2022.05.20-00.15.04:722][  0]LogConfig: Setting CVar [[r.DOF.TemporalAAQuality:1                ; more stable temporal accumulation]]
[2022.05.20-00.15.04:722][  0]LogConfig: Setting CVar [[r.DOF.Kernel.MaxForegroundRadius:0.025]]
[2022.05.20-00.15.04:722][  0]LogConfig: Setting CVar [[r.DOF.Kernel.MaxBackgroundRadius:0.025]]
[2022.05.20-00.15.04:722][  0]LogConfig: Applying CVar settings from Section [TextureQuality@3] File [D:/Polytech Work/Year-3/Game dev/Space-Porject/Station11Game/Station_11_BIT/Saved/Config/Windows/Scalability.ini]
[2022.05.20-00.15.04:722][  0]LogConfig: Setting CVar [[r.Streaming.MipBias:0]]
[2022.05.20-00.15.04:723][  0]LogConfig: Setting CVar [[r.Streaming.AmortizeCPUToGPUCopy:0]]
[2022.05.20-00.15.04:723][  0]LogConfig: Setting CVar [[r.Streaming.MaxNumTexturesToStreamPerFrame:0]]
[2022.05.20-00.15.04:723][  0]LogConfig: Setting CVar [[r.Streaming.Boost:1]]
[2022.05.20-00.15.04:723][  0]LogConfig: Setting CVar [[r.MaxAnisotropy:8]]
[2022.05.20-00.15.04:723][  0]LogConfig: Setting CVar [[r.VT.MaxAnisotropy:8]]
[2022.05.20-00.15.04:723][  0]LogConfig: Setting CVar [[r.Streaming.LimitPoolSizeToVRAM:0]]
[2022.05.20-00.15.04:723][  0]LogConfig: Setting CVar [[r.Streaming.PoolSize:1000]]
[2022.05.20-00.15.04:723][  0]LogConfig: Setting CVar [[r.Streaming.MaxEffectiveScreenSize:0]]
[2022.05.20-00.15.04:723][  0]LogConfig: Applying CVar settings from Section [EffectsQuality@3] File [D:/Polytech Work/Year-3/Game dev/Space-Porject/Station11Game/Station_11_BIT/Saved/Config/Windows/Scalability.ini]
[2022.05.20-00.15.04:723][  0]LogConfig: Setting CVar [[r.TranslucencyLightingVolumeDim:64]]
[2022.05.20-00.15.04:723][  0]LogConfig: Setting CVar [[r.RefractionQuality:2]]
[2022.05.20-00.15.04:723][  0]LogConfig: Setting CVar [[r.SSR.Quality:3]]
[2022.05.20-00.15.04:723][  0]LogConfig: Setting CVar [[r.SSR.HalfResSceneColor:0]]
[2022.05.20-00.15.04:723][  0]LogConfig: Setting CVar [[r.SceneColorFormat:4]]
[2022.05.20-00.15.04:723][  0]LogConfig: Setting CVar [[r.DetailMode:2]]
[2022.05.20-00.15.04:723][  0]LogConfig: Setting CVar [[r.TranslucencyVolumeBlur:1]]
[2022.05.20-00.15.04:723][  0]LogConfig: Setting CVar [[r.MaterialQualityLevel:1 ; High quality]]
[2022.05.20-00.15.04:723][  0]LogConfig: Setting CVar [[r.AnisotropicMaterials:1]]
[2022.05.20-00.15.04:723][  0]LogConfig: Setting CVar [[r.SSS.Scale:1]]
[2022.05.20-00.15.04:723][  0]LogConfig: Setting CVar [[r.SSS.SampleSet:2]]
[2022.05.20-00.15.04:723][  0]LogConfig: Setting CVar [[r.SSS.Quality:1]]
[2022.05.20-00.15.04:723][  0]LogConfig: Setting CVar [[r.SSS.HalfRes:0]]
[2022.05.20-00.15.04:723][  0]LogConfig: Setting CVar [[r.SSGI.Quality:3]]
[2022.05.20-00.15.04:723][  0]LogConfig: Setting CVar [[r.EmitterSpawnRateScale:1.0]]
[2022.05.20-00.15.04:723][  0]LogConfig: Setting CVar [[r.ParticleLightQuality:2]]
[2022.05.20-00.15.04:723][  0]LogConfig: Setting CVar [[r.SkyAtmosphere.AerialPerspectiveLUT.FastApplyOnOpaque:1 ; Always have FastSkyLUT 1 in this case to avoid wrong sky]]
[2022.05.20-00.15.04:723][  0]LogConfig: Setting CVar [[r.SkyAtmosphere.AerialPerspectiveLUT.SampleCountMaxPerSlice:4]]
[2022.05.20-00.15.04:723][  0]LogConfig: Setting CVar [[r.SkyAtmosphere.AerialPerspectiveLUT.DepthResolution:16.0]]
[2022.05.20-00.15.04:723][  0]LogConfig: Setting CVar [[r.SkyAtmosphere.FastSkyLUT:1]]
[2022.05.20-00.15.04:723][  0]LogConfig: Setting CVar [[r.SkyAtmosphere.FastSkyLUT.SampleCountMin:4.0]]
[2022.05.20-00.15.04:723][  0]LogConfig: Setting CVar [[r.SkyAtmosphere.FastSkyLUT.SampleCountMax:128.0]]
[2022.05.20-00.15.04:723][  0]LogConfig: Setting CVar [[r.SkyAtmosphere.SampleCountMin:4.0]]
[2022.05.20-00.15.04:723][  0]LogConfig: Setting CVar [[r.SkyAtmosphere.SampleCountMax:128.0]]
[2022.05.20-00.15.04:723][  0]LogConfig: Setting CVar [[r.SkyAtmosphere.TransmittanceLUT.UseSmallFormat:0]]
[2022.05.20-00.15.04:723][  0]LogConfig: Setting CVar [[r.SkyAtmosphere.TransmittanceLUT.SampleCount:10.0]]
[2022.05.20-00.15.04:723][  0]LogConfig: Setting CVar [[r.SkyAtmosphere.MultiScatteringLUT.SampleCount:15.0]]
[2022.05.20-00.15.04:723][  0]LogConfig: Setting CVar [[r.SkyLight.RealTimeReflectionCapture:1]]
[2022.05.20-00.15.04:723][  0]LogConfig: Applying CVar settings from Section [FoliageQuality@3] File [D:/Polytech Work/Year-3/Game dev/Space-Porject/Station11Game/Station_11_BIT/Saved/Config/Windows/Scalability.ini]
[2022.05.20-00.15.04:723][  0]LogConfig: Setting CVar [[foliage.DensityScale:1.0]]
[2022.05.20-00.15.04:723][  0]LogConfig: Setting CVar [[grass.DensityScale:1.0]]
[2022.05.20-00.15.04:723][  0]LogConfig: Applying CVar settings from Section [ShadingQuality@3] File [D:/Polytech Work/Year-3/Game dev/Space-Porject/Station11Game/Station_11_BIT/Saved/Config/Windows/Scalability.ini]
[2022.05.20-00.15.04:723][  0]LogConfig: Setting CVar [[r.HairStrands.SkyLighting.IntegrationType:2]]
[2022.05.20-00.15.04:723][  0]LogConfig: Setting CVar [[r.HairStrands.SkyAO.SampleCount:4]]
[2022.05.20-00.15.04:723][  0]LogConfig: Setting CVar [[r.HairStrands.Visibility.MSAA.SamplePerPixel:4]]
[2022.05.20-00.15.04:723][  0]LogConfig: Applying CVar settings from Section [Startup] File [../../../Engine/Config/ConsoleVariables.ini]
[2022.05.20-00.15.04:723][  0]LogConfig: Setting CVar [[net.UseAdaptiveNetUpdateFrequency:0]]
[2022.05.20-00.15.04:723][  0]LogConfig: Setting CVar [[p.chaos.AllowCreatePhysxBodies:1]]
[2022.05.20-00.15.04:723][  0]LogConfig: Setting CVar [[fx.SkipVectorVMBackendOptimizations:1]]
[2022.05.20-00.15.04:723][  0]LogConfig: Applying CVar settings from Section [ConsoleVariables] File [D:/Polytech Work/Year-3/Game dev/Space-Porject/Station11Game/Station_11_BIT/Saved/Config/Windows/Engine.ini]
[2022.05.20-00.15.04:723][  0]LogConfig: Applying CVar settings from Section [ConsoleVariables] File [D:/Polytech Work/Year-3/Game dev/Space-Porject/Station11Game/Station_11_BIT/Saved/Config/Windows/Editor.ini]
[2022.05.20-00.15.04:723][  0]LogInit: Computer: HAYDEN-PC
[2022.05.20-00.15.04:723][  0]LogInit: User: Hayden
[2022.05.20-00.15.04:723][  0]LogInit: CPU Page size=4096, Cores=8
[2022.05.20-00.15.04:723][  0]LogInit: High frequency timer resolution =10.000000 MHz
[2022.05.20-00.15.04:723][  0]LogMemory: Memory total: Physical=15.9GB (16GB approx)
[2022.05.20-00.15.04:723][  0]LogMemory: Platform Memory Stats for Windows
[2022.05.20-00.15.04:723][  0]LogMemory: Process Physical Memory: 144.85 MB used, 144.85 MB peak
[2022.05.20-00.15.04:723][  0]LogMemory: Process Virtual Memory: 129.57 MB used, 129.57 MB peak
[2022.05.20-00.15.04:723][  0]LogMemory: Physical Memory: 9130.73 MB used,  7164.93 MB free, 16295.66 MB total
[2022.05.20-00.15.04:723][  0]LogMemory: Virtual Memory: 134202176.00 MB used,  15552.62 MB free, 134217728.00 MB total
[2022.05.20-00.15.04:943][  0]LogWindows: WindowsPlatformFeatures enabled
[2022.05.20-00.15.04:969][  0]LogInit: Physics initialised using underlying interface: PhysX
[2022.05.20-00.15.04:969][  0]LogInit: Using OS detected language (en-US).
[2022.05.20-00.15.04:969][  0]LogInit: Using OS detected locale (en-NZ).
[2022.05.20-00.15.04:971][  0]LogTextLocalizationManager: No specific localization for 'en-US' exists, so the 'en' localization will be used.
[2022.05.20-00.15.05:165][  0]LogWindowsTextInputMethodSystem: Display: IME system deactivated.
[2022.05.20-00.15.05:184][  0]LogSlate: New Slate User Created.  User Index 0, Is Virtual User: 0
[2022.05.20-00.15.05:184][  0]LogSlate: Slate User Registered.  User Index 0, Is Virtual User: 0
[2022.05.20-00.15.05:197][  0]LogD3D11RHI: Loaded GFSDK_Aftermath_Lib.x64.dll
[2022.05.20-00.15.05:199][  0]LogHMD: Failed to initialize OpenVR with code 110
[2022.05.20-00.15.05:199][  0]LogD3D11RHI: D3D11 min allowed feature level: 11_0
[2022.05.20-00.15.05:199][  0]LogD3D11RHI: D3D11 max allowed feature level: 11_0
[2022.05.20-00.15.05:199][  0]LogD3D11RHI: D3D11 adapters:
[2022.05.20-00.15.05:282][  0]LogD3D11RHI:    0. 'NVIDIA GeForce GTX 1060 6GB' (Feature Level 11_0)
[2022.05.20-00.15.05:282][  0]LogD3D11RHI:       6052/0/8147 MB DedicatedVideo/DedicatedSystem/SharedSystem, Outputs:2, VendorId:0x10de
[2022.05.20-00.15.05:284][  0]LogD3D11RHI:    1. 'Microsoft Basic Render Driver' (Feature Level 11_0)
[2022.05.20-00.15.05:284][  0]LogD3D11RHI:       0/0/8147 MB DedicatedVideo/DedicatedSystem/SharedSystem, Outputs:0, VendorId:0x1414
[2022.05.20-00.15.05:284][  0]LogD3D11RHI: Chosen D3D11 Adapter:
[2022.05.20-00.15.05:284][  0]LogD3D11RHI:     Description : NVIDIA GeForce GTX 1060 6GB
[2022.05.20-00.15.05:284][  0]LogD3D11RHI:     VendorId    : 10de
[2022.05.20-00.15.05:284][  0]LogD3D11RHI:     DeviceId    : 1c03
[2022.05.20-00.15.05:284][  0]LogD3D11RHI:     SubSysId    : 85ab1043
[2022.05.20-00.15.05:284][  0]LogD3D11RHI:     Revision    : 00a1
[2022.05.20-00.15.05:284][  0]LogD3D11RHI:     DedicatedVideoMemory : 6345981952 bytes
[2022.05.20-00.15.05:284][  0]LogD3D11RHI:     DedicatedSystemMemory : 0 bytes
[2022.05.20-00.15.05:284][  0]LogD3D11RHI:     SharedSystemMemory : 8543619072 bytes
[2022.05.20-00.15.05:285][  0]LogD3D11RHI:     AdapterLuid : 0 71807
[2022.05.20-00.15.05:291][  0]LogD3D11RHI: Creating new Direct3DDevice
[2022.05.20-00.15.05:291][  0]LogD3D11RHI:     GPU DeviceId: 0x1c03 (for the marketing name, search the web for "GPU Device Id")
[2022.05.20-00.15.05:291][  0]LogWindows: EnumDisplayDevices:
[2022.05.20-00.15.05:291][  0]LogWindows:    0. 'NVIDIA GeForce GTX 1060 6GB' (P:1 D:1)
[2022.05.20-00.15.05:291][  0]LogWindows:    1. 'NVIDIA GeForce GTX 1060 6GB' (P:0 D:1)
[2022.05.20-00.15.05:291][  0]LogWindows:    2. 'NVIDIA GeForce GTX 1060 6GB' (P:0 D:0)
[2022.05.20-00.15.05:291][  0]LogWindows:    3. 'NVIDIA GeForce GTX 1060 6GB' (P:0 D:0)
[2022.05.20-00.15.05:291][  0]LogWindows: DebugString: FoundDriverCount:4 
[2022.05.20-00.15.05:291][  0]LogD3D11RHI:     Adapter Name: NVIDIA GeForce GTX 1060 6GB
[2022.05.20-00.15.05:291][  0]LogD3D11RHI:   Driver Version: 472.12 (internal:30.0.14.7212, unified:472.12)
[2022.05.20-00.15.05:291][  0]LogD3D11RHI:      Driver Date: 9-13-2021
[2022.05.20-00.15.05:291][  0]LogRHI: Texture pool is 4236 MB (70% of 6052 MB)
[2022.05.20-00.15.05:291][  0]LogD3D11RHI: Creating D3DDevice using adapter:
[2022.05.20-00.15.05:291][  0]LogD3D11RHI:     Description : NVIDIA GeForce GTX 1060 6GB
[2022.05.20-00.15.05:291][  0]LogD3D11RHI:     VendorId    : 10de
[2022.05.20-00.15.05:291][  0]LogD3D11RHI:     DeviceId    : 1c03
[2022.05.20-00.15.05:291][  0]LogD3D11RHI:     SubSysId    : 85ab1043
[2022.05.20-00.15.05:292][  0]LogD3D11RHI:     Revision    : 00a1
[2022.05.20-00.15.05:292][  0]LogD3D11RHI:     DedicatedVideoMemory : 6345981952 bytes
[2022.05.20-00.15.05:292][  0]LogD3D11RHI:     DedicatedSystemMemory : 0 bytes
[2022.05.20-00.15.05:292][  0]LogD3D11RHI:     SharedSystemMemory : 8543619072 bytes
[2022.05.20-00.15.05:292][  0]LogD3D11RHI:     AdapterLuid : 0 71807
[2022.05.20-00.15.05:356][  0]LogD3D11RHI: RHI has support for 64 bit atomics
[2022.05.20-00.15.05:356][  0]LogD3D11RHI: Async texture creation enabled
[2022.05.20-00.15.05:356][  0]LogD3D11RHI: Array index from any shader is supported
[2022.05.20-00.15.05:383][  0]LogD3D11RHI: GPU Timing Frequency: 1000.000000 (Debug: 2 1)
[2022.05.20-00.15.05:414][  0]LogRHI: GeForceNow SDK initialized: 1
[2022.05.20-00.15.05:629][  0]LogTargetPlatformManager: Display: Loaded TargetPlatform 'WindowsNoEditor'
[2022.05.20-00.15.05:633][  0]LogTargetPlatformManager: Display: Loaded TargetPlatform 'Windows'
[2022.05.20-00.15.05:636][  0]LogTargetPlatformManager: Display: Loaded TargetPlatform 'WindowsClient'
[2022.05.20-00.15.05:640][  0]LogTargetPlatformManager: Display: Loaded TargetPlatform 'WindowsServer'
[2022.05.20-00.15.05:640][  0]LogTargetPlatformManager: Display: Building Assets For Windows
[2022.05.20-00.15.05:646][  0]LogAudioDebug: Display: Lib vorbis DLL was dynamically loaded.
[2022.05.20-00.15.05:667][  0]LogTextureFormatOodle: Display: Oodle Texture 2.9.0 init RDO Off
[2022.05.20-00.15.05:696][  0]LogRendererCore: Ray tracing is disabled. Reason: r.RayTracing=0.
[2022.05.20-00.15.05:696][  0]LogShaderCompilers: Guid format shader working directory is -41 characters bigger than the processId version (../../../../../Polytech Work/Year-3/Game dev/Space-Porject/Station11Game/Station_11_BIT/Intermediate/Shaders/WorkingDirectory/25492/).
[2022.05.20-00.15.05:696][  0]LogShaderCompilers: Cleaned the shader compiler working directory 'C:/Users/Hayden/AppData/Local/Temp/UnrealShaderWorkingDir/3BB8A82E4DEF3E68EE7F5F8658AB7344/'.
[2022.05.20-00.15.05:696][  0]LogXGEController: Cannot use XGE Controller as Incredibuild is not installed on this machine.
[2022.05.20-00.15.05:696][  0]LogShaderCompilers: Cannot use XGE Shader Compiler as Incredibuild is not installed on this machine.
[2022.05.20-00.15.05:696][  0]LogShaderCompilers: Display: Using Local Shader Compiler.
[2022.05.20-00.15.06:329][  0]LogDerivedDataCache: Display: Max Cache Size: 512 MB
[2022.05.20-00.15.06:388][  0]LogDerivedDataCache: Loaded boot cache 0.06s 94MB C:/Users/Hayden/AppData/Local/UnrealEngine/4.27/DerivedDataCache/Boot.ddc.
[2022.05.20-00.15.06:388][  0]LogDerivedDataCache: Display: Loaded Boot cache: C:/Users/Hayden/AppData/Local/UnrealEngine/4.27/DerivedDataCache/Boot.ddc
[2022.05.20-00.15.06:388][  0]LogDerivedDataCache: FDerivedDataBackendGraph:  Pak pak cache file ../../../../../Polytech Work/Year-3/Game dev/Space-Porject/Station11Game/Station_11_BIT/DerivedDataCache/DDC.ddp not found, will not use a pak cache.
[2022.05.20-00.15.06:388][  0]LogDerivedDataCache: Unable to find inner node Pak for hierarchical cache Hierarchy.
[2022.05.20-00.15.06:388][  0]LogDerivedDataCache: FDerivedDataBackendGraph:  CompressedPak pak cache file ../../../../../Polytech Work/Year-3/Game dev/Space-Porject/Station11Game/Station_11_BIT/DerivedDataCache/Compressed.ddp not found, will not use a pak cache.
[2022.05.20-00.15.06:388][  0]LogDerivedDataCache: Unable to find inner node CompressedPak for hierarchical cache Hierarchy.
[2022.05.20-00.15.06:402][  0]LogDerivedDataCache: Display: Pak cache opened for reading ../../../Engine/DerivedDataCache/Compressed.ddp.
[2022.05.20-00.15.06:402][  0]LogDerivedDataCache: FDerivedDataBackendGraph:  EnterprisePak pak cache file ../../../Enterprise/DerivedDataCache/Compressed.ddp not found, will not use a pak cache.
[2022.05.20-00.15.06:402][  0]LogDerivedDataCache: Unable to find inner node EnterprisePak for hierarchical cache Hierarchy.
[2022.05.20-00.15.06:408][  0]LogDerivedDataCache: Speed tests for C:/Users/Hayden/AppData/Local/UnrealEngine/Common/DerivedDataCache took 0.01 seconds
[2022.05.20-00.15.06:408][  0]LogDerivedDataCache: Display: Performance to C:/Users/Hayden/AppData/Local/UnrealEngine/Common/DerivedDataCache: Latency=0.02ms. RandomReadSpeed=1539.22MBs, RandomWriteSpeed=193.52MBs. Assigned SpeedClass 'Local'
[2022.05.20-00.15.06:408][  0]LogDerivedDataCache: Using Local data cache path C:/Users/Hayden/AppData/Local/UnrealEngine/Common/DerivedDataCache: Writable
[2022.05.20-00.15.06:408][  0]LogDerivedDataCache: Shared data cache path not found in *engine.ini, will not use an Shared cache.
[2022.05.20-00.15.06:408][  0]LogDerivedDataCache: Unable to find inner node Shared for hierarchical cache Hierarchy.
[2022.05.20-00.15.06:437][  0]LogSlate: Using FreeType 2.10.0
[2022.05.20-00.15.06:438][  0]LogSlate: SlateFontServices - WITH_FREETYPE: 1, WITH_HARFBUZZ: 1
[2022.05.20-00.15.06:503][  0]LogInit: Using OS detected language (en-US).
[2022.05.20-00.15.06:503][  0]LogInit: Using OS detected locale (en-NZ).
[2022.05.20-00.15.06:504][  0]LogTextLocalizationManager: No localization for 'en-US' exists, so 'en' will be used for the language.
[2022.05.20-00.15.06:504][  0]LogTextLocalizationManager: No localization for 'en-NZ' exists, so 'en' will be used for the locale.
[2022.05.20-00.15.06:504][  0]LogSlate: FontCache flush requested. Reason: Culture for localization was changed
[2022.05.20-00.15.06:504][  0]LogSlate: FontCache flush requested. Reason: Culture for localization was changed
[2022.05.20-00.15.06:506][  0]LogTextLocalizationManager: Compacting localization data took   0.00ms
[2022.05.20-00.15.06:506][  0]LogAssetRegistry: FAssetRegistry took 0.0013 seconds to start up
[2022.05.20-00.15.06:632][  0]LogPackageLocalizationCache: Processed 28 localized package path(s) for 1 prioritized culture(s) in 0.001091 seconds
[2022.05.20-00.15.06:683][  0]LogInit: Selected Device Profile: [Windows]
[2022.05.20-00.15.06:683][  0]LogInit: Active device profile: [000002032DD65100][00000203275C0F80 49] Windows
[2022.05.20-00.15.06:683][  0]LogInit: Profiles: [000002032DD65100][00000203275C0F80 49] Windows, [000002032DD42700][000002032445B240 49] WindowsNoEditor, [000002032DD66200][000002032445F500 49] WindowsServer, [000002032DD41900][00000203244637C0 49] WindowsClient, [000002032DD65700][0000020324467A80 49] IOS, [000002032DD42900][0000020324456180 49] iPadAir, [000002032DD67C00][00000203242DC440 49] iPadAir2, [000002032DCED400][00000203242F0980 49] IPadPro, [000002032DCED500][00000203242E09C0 49] iPadAir3, [000002032DD43A00][00000203242E8C80 49] iPadAir4, [000002032DCEE300][00000203242E4F40 49] iPadMini2, [000002032DD43100][00000203242ED200 49] iPadMini3, [000002032DCEEF00][00000203242F54C0 49] iPadMini4, [000002032DD41D00][00000203242F9780 49] iPadMini5, [000002032DD15000][000002032430C140 49] iPhone6, [000002032DD15100][00000203242FC180 49] iPodTouch6, [000002032DD67900][0000020324314680 49] iPhone7, [000002032DD66900][000002032446A6C0 49] iPodTouch7, [000002032DCED000][0000020324308980 49] iPhone5S, [000002032DD66F00][0000020324300C40 49] iPhone6Plus, [000002032DCEF600][0000020324310F00 49] iPhone6S, [000002032DD64C00][00000203243191C0 49] iPhone6SPlus, [000002032DD65D00][000002032431D480 49] iPhone7Plus, [000002032DD14800][0000020324321740 49] iPhoneSE, [000002032DD64400][0000020324325A00 49] iPhone8, [000002032DD14900][000002032CB78140 49] iPhone8Plus, [000002032DD16E00][00000203243043C0 49] iPhoneX, [000002032DCEDD00][000002032CB7C640 49] iPhoneXS, [000002032DD16700][000002032CB84900 49] iPhoneXSMax, [000002032DCEDC00][000002032CB88BC0 49] iPhoneXR, [000002032DD16800][000002032CB8CE80 49] iPhone11, [000002032DCECF00][000002032CB91140 49] iPhone11Pro, [000002032DD14B00][000002032CB95400 49] iPhone11ProMax, [000002032DCECC00][000002032CB996C0 49] iPhoneSE2, [000002032DD14E00][000002032CB9D980 49] iPhone12Mini, [000002032DD67800][000002032CBA00C0 49] iPhone12, [000002032DD17100][000002032CBA4380 49] iPhone12Pro, [000002032DD67700][000002032CB80600 49] iPhone12ProMax, [000002032DD15E00][000002032CBA8880 49] iPadPro105, [000002032DD65400][000002032CBB0B40 49] iPadPro129, [000002032DD17E00][000002032CBB4E00 49] iPadPro97, [000002032DD66800][000002032CBB90C0 49] iPadPro2_129, [000002032DD16000][000002032CBBD380 49] iPad5, [000002032DD66300][000002032CBC1640 49] iPad6, [000002032DD17B00][000002032CBC5900 49] iPad7, [000002032DD65E00][000002032CBC9BC0 49] iPad8, [000002032DD16500][000002032CBCC300 49] iPadPro11, [000002032DD67E00][000002032CBD05C0 49] iPadPro2_11, [000002032DD15800][000002032CBAC840 49] iPadPro3_129, [000002032DD67500][000002032CBD4AC0 49] iPadPro4_129, [000002032DD14100][000002032CBDCD80 49] AppleTV, [000002032DD67F00][000002032CBE1040 49] AppleTV4K, [000002032DD16600][000002032CBE5300 49] TVOS, [000002032DD64E00][000002032CBE95C0 49] Mac, [000002032DD15D00][000002032CBED880 49] MacClient, [000002032DD67A00][000002032CBF1B40 49] MacNoEditor, [000002032DD17A00][000002032CBF4280 49] MacServer, [000002032DD67100][000002032CBF8540 49] Linux, [000002032DD15600][000002032CBFC800 49] LinuxAArch64, [000002032DD64800][000002032CBD8A80 49] LinuxNoEditor, [000002032DD14C00][000002032CC00D00 49] LinuxAArch64NoEditor, [000002032DD67B00][000002032CC08FC0 49] LinuxClient, [000002032DD17400][000002032CC0D280 49] LinuxAArch64Client, [000002032DD65A00][000002032CC11540 49] LinuxServer, [000002032DD14700][000002032CC15800 49] LinuxAArch64Server, [000002032DD67300][000002032CC19AC0 49] Android, [000002032DD16A00][000002032CC1C200 49] Android_Low, [000002032DD66E00][00000203273D04C0 49] Android_Mid, [000002032DD15F00][00000203273D4780 49] Android_High, [000002032DD66A00][00000203273D8A40 49] Android_Default, [000002032DD17C00][000002032CC04CC0 49] Android_Adreno4xx, [000002032DD64600][00000203273DCF40 49] Android_Adreno5xx_Low, [000002032DD14300][00000203273E5200 49] Android_Adreno5xx, [000002032DD65000][00000203273E94C0 49] Android_Adreno6xx, [000002032DD16900][00000203273ED780 49] Android_Adreno6xx_Vulkan, [000002032DD66000][00000203273F1A40 49] Android_Mali_T6xx, [000002032DD16300][00000203273F4180 49] Android_Mali_T7xx, [000002032DD65F00][00000203273F8440 49] Android_Mali_T8xx, [000002032DD16D00][00000203273FC700 49] Android_Mali_G71, [000002032DCEF100][00000203274009C0 49] Android_Mali_G72, [000002032DD42F00][0000020327404C80 49] Android_Mali_G72_Vulkan, [000002032DCEEB00][00000203273E0F00 49] Android_Mali_G76, [000002032DD40500][0000020327409180 49] Android_Mali_G76_Vulkan, [000002032DCEE600][0000020327411440 49] Android_Mali_G77, [000002032DD43E00][0000020327415700 49] Android_Mali_G77_Vulkan, [000002032DCEE400][00000203274199C0 49] Android_Mali_G78, [000002032DD40D00][000002032741C100 49] Android_Mali_G78_Vulkan, [000002032DCEF500][00000203274203C0 49] Android_Mali_G710, [000002032DD42B00][0000020327424680 49] Android_Mali_G710_Vulkan, [000002032DCEFE00][0000020327428940 49] Android_Vulkan_SM5, [000002032DD41A00][000002032742CC00 49] Android_PowerVR_G6xxx, [000002032DCEC500][0000020327430EC0 49] Android_PowerVR_GT7xxx, [000002032DD40200][000002032740D140 49] Android_PowerVR_GE8xxx, [000002032DCEFB00][00000203274353C0 49] Android_PowerVR_GM9xxx, [000002032DD42100][000002032743D680 49] Android_PowerVR_GM9xxx_Vulkan, [000002032DCEDF00][0000020327441940 49] Android_TegraK1, [000002032DD40A00][0000020327445C00 49] Android_Unknown_Vulkan, [000002032DCEF900][0000020327448340 49] Lumin, [000002032DD41200][000002032744C600 49] Lumin_Desktop, [000002032DCEDE00][00000203274508C0 49] HoloLens, 
[2022.05.20-00.15.06:714][  0]LogMeshReduction: Using QuadricMeshReduction for automatic static mesh reduction
[2022.05.20-00.15.06:714][  0]LogMeshReduction: Using SimplygonMeshReduction for automatic skeletal mesh reduction
[2022.05.20-00.15.06:714][  0]LogMeshReduction: Using ProxyLODMeshReduction for automatic mesh merging
[2022.05.20-00.15.06:714][  0]LogMeshReduction: No distributed automatic mesh merging module available
[2022.05.20-00.15.06:714][  0]LogMeshMerging: No distributed automatic mesh merging module available
[2022.05.20-00.15.06:803][  0]LogNetVersion: Station_11 1.0.0, NetCL: 17155196, EngineNetVer: 17, GameNetVer: 0 (Checksum: 2456927474)
[2022.05.20-00.15.06:993][  0]LogTexture: Default maximum texture size for cubemaps generated from long-lat sources has been changed from 512 to unlimited. In order to preserve old behaiour for '/Engine/MapTemplates/Sky/DaylightAmbientCubemap.DaylightAmbientCubemap', its maximum texture size has been explicitly set to 512.
[2022.05.20-00.15.07:046][  0]LogHMD: PokeAHoleMaterial loaded successfully
[2022.05.20-00.15.07:124][  0]LogMoviePlayer: Initializing movie player
[2022.05.20-00.15.07:212][  0]LogPython: Using Python 3.7.7
[2022.05.20-00.15.07:628][  0]LogNiagaraDebuggerClient: Niagara Debugger Client Initialized | Session: 2D6FFAA74813BAD1E02EF89A7D4DEAC6 | Instance: 07CCC94044093B317D9FE680DA3A300B (HAYDEN-PC-25492).
[2022.05.20-00.15.07:643][  0]LogCollectionManager: Loaded 0 collections in 0.000487 seconds
[2022.05.20-00.15.07:645][  0]LogFileCache: Scanning file cache for directory 'D:/Polytech Work/Year-3/Game dev/Space-Porject/Station11Game/Station_11_BIT/Saved/Collections/' took 0.00s
[2022.05.20-00.15.07:645][  0]LogFileCache: Scanning file cache for directory 'D:/Polytech Work/Year-3/Game dev/Space-Porject/Station11Game/Station_11_BIT/Content/Developers/Hayden/Collections/' took 0.00s
[2022.05.20-00.15.07:645][  0]LogFileCache: Scanning file cache for directory 'D:/Polytech Work/Year-3/Game dev/Space-Porject/Station11Game/Station_11_BIT/Content/Collections/' took 0.00s
[2022.05.20-00.15.07:645][  0]LogCollectionManager: Fixed up redirectors for 0 collections in 0.000001 seconds (updated 0 objects)
[2022.05.20-00.15.07:667][  0]LogTcpMessaging: Initializing TcpMessaging bridge
[2022.05.20-00.15.07:671][  0]LogUdpMessaging: Initializing bridge on interface 0.0.0.0:0 to multicast group 230.0.0.1:6666.
[2022.05.20-00.15.07:707][  0]LogSteamAudio: FSteamAudioModule Startup
[2022.05.20-00.15.07:707][  0]LogSteamAudio: Display: Attempting to load ../../../Engine/Binaries/ThirdParty/Phonon/Win64/phonon.dll
[2022.05.20-00.15.07:708][  0]LogSteamAudio: Display: Loaded ../../../Engine/Binaries/ThirdParty/Phonon/Win64/phonon.dll.
[2022.05.20-00.15.07:742][  0]SourceControl: Source control is disabled
[2022.05.20-00.15.07:742][  0]SourceControl: Source control is disabled
[2022.05.20-00.15.07:749][  0]LogUProjectInfo: Found projects:
[2022.05.20-00.15.07:751][  0]SourceControl: Source control is disabled
[2022.05.20-00.15.07:813][  0]LogOpenImageDenoise: OIDN starting up
[2022.05.20-00.15.07:840][  0]LogAndroidPermission: UAndroidPermissionCallbackProxy::GetInstance
[2022.05.20-00.15.07:851][  0]LogAudioCaptureCore: Display: No Audio Capture implementations found. Audio input will be silent.
[2022.05.20-00.15.07:851][  0]LogAudioCaptureCore: Display: No Audio Capture implementations found. Audio input will be silent.
[2022.05.20-00.15.07:904][  0]LogOcInput: OculusInput pre-init called
[2022.05.20-00.15.07:911][  0]LogUObjectArray: 22167 objects as part of root set at end of initial load.
[2022.05.20-00.15.07:911][  0]LogUObjectAllocator: 6001584 out of 0 bytes used by permanent object pool.
[2022.05.20-00.15.07:911][  0]LogUObjectArray: CloseDisregardForGC: 0/0 objects in disregard for GC pool
[2022.05.20-00.15.07:948][  0]LogClass: Display: IntProperty FBakedDataInfo::Size is not initialized properly. Module:SteamAudio File:Private/PhononProbeVolume.h
[2022.05.20-00.15.07:948][  0]LogClass: Display: 1 Uninitialized script struct members found including 0 object properties
[2022.05.20-00.15.07:949][  0]LogEngine: Initializing Engine...
[2022.05.20-00.15.07:951][  0]LogHMD: Failed to enumerate extensions. Please check that you have a valid OpenXR runtime installed.
[2022.05.20-00.15.07:951][  0]LogHMD: Failed to initialize OpenVR with code 110
[2022.05.20-00.15.07:951][  0]LogMagicLeap: Warning: VR disabled because ZI is not enabled.  To enable, in the editor, Edit -> Project Settings -> Plugins -> Magic Leap Plugin -> Enable Zero Iteration
[2022.05.20-00.15.07:952][  0]LogStats: UGameplayTagsManager::InitializeManager -  0.000 s
[2022.05.20-00.15.08:036][  0]LogInit: Initializing FReadOnlyCVARCache
[2022.05.20-00.15.08:036][  0]LogAudio: Display: Initializing Audio Device Manager...
[2022.05.20-00.15.08:040][  0]LogAudio: Display: Loading Default Audio Settings Objects...
[2022.05.20-00.15.08:040][  0]LogAudio: Display: No default SoundConcurrencyObject specified (or failed to load).
[2022.05.20-00.15.08:040][  0]LogAudio: Display: Audio Device Manager Initialized
[2022.05.20-00.15.08:040][  0]LogAudio: Display: Creating Audio Device:                 Id: 1, Scope: Shared, Realtime: True
[2022.05.20-00.15.08:040][  0]LogAudioMixer: Display: Audio Mixer Platform Settings:
[2022.05.20-00.15.08:040][  0]LogAudioMixer: Display: 	Sample Rate:						  48000
[2022.05.20-00.15.08:040][  0]LogAudioMixer: Display: 	Callback Buffer Frame Size Requested: 1024
[2022.05.20-00.15.08:041][  0]LogAudioMixer: Display: 	Callback Buffer Frame Size To Use:	  1024
[2022.05.20-00.15.08:041][  0]LogAudioMixer: Display: 	Number of buffers to queue:			  2
[2022.05.20-00.15.08:041][  0]LogAudioMixer: Display: 	Max Channels (voices):				  32
[2022.05.20-00.15.08:041][  0]LogAudioMixer: Display: 	Number of Async Source Workers:		  0
[2022.05.20-00.15.08:041][  0]LogAudio: Display: AudioDevice MaxSources: 32
[2022.05.20-00.15.08:041][  0]LogAudio: Display: Audio Spatialization Plugin: None (built-in).
[2022.05.20-00.15.08:041][  0]LogAudio: Display: Audio Reverb Plugin: None (built-in).
[2022.05.20-00.15.08:041][  0]LogAudio: Display: Audio Occlusion Plugin: None (built-in).
[2022.05.20-00.15.08:041][  0]LogAudioMixer: Display: Initializing audio mixer.
[2022.05.20-00.15.08:720][  0]LogAudioMixer: Display: 0: FrontLeft
[2022.05.20-00.15.08:720][  0]LogAudioMixer: Display: 1: FrontRight
[2022.05.20-00.15.08:720][  0]LogAudioMixer: Display: 2: FrontCenter
[2022.05.20-00.15.08:720][  0]LogAudioMixer: Display: 3: LowFrequency
[2022.05.20-00.15.08:720][  0]LogAudioMixer: Display: 4: BackLeft
[2022.05.20-00.15.08:720][  0]LogAudioMixer: Display: 5: BackRight
[2022.05.20-00.15.08:720][  0]LogAudioMixer: Display: 6: SideLeft
[2022.05.20-00.15.08:720][  0]LogAudioMixer: Display: 7: SideRight
[2022.05.20-00.15.08:994][  0]LogAudioMixer: Display: Using Audio Device Speakers (Realtek(R) Audio)
[2022.05.20-00.15.08:999][  0]LogAudioMixer: Display: Initializing Sound Submixes...
[2022.05.20-00.15.09:000][  0]LogAudioMixer: Display: Creating Master Submix 'MasterSubmixDefault'
[2022.05.20-00.15.09:000][  0]LogAudioMixer: Display: Creating Master Submix 'MasterReverbSubmixDefault'
[2022.05.20-00.15.09:001][  0]LogAudioMixer: Display: Creating Master Submix 'MasterEQSubmixDefault'
[2022.05.20-00.15.09:001][  0]LogAudioMixer: FMixerPlatformXAudio2::StartAudioStream() called
[2022.05.20-00.15.09:001][  0]LogAudioMixer: Display: Output buffers initialized: Frames=1024, Channels=8, Samples=8192
[2022.05.20-00.15.09:002][  0]LogAudioMixer: Display: Starting AudioMixerPlatformInterface::RunInternal()
[2022.05.20-00.15.09:002][  0]LogAudioMixer: Display: FMixerPlatformXAudio2::SubmitBuffer() called for the first time
[2022.05.20-00.15.09:002][  0]LogInit: FAudioDevice initialized.
[2022.05.20-00.15.09:003][  0]LogNetVersion: Set ProjectVersion to 1.0.0.0. Version Checksum will be recalculated on next use.
[2022.05.20-00.15.09:004][  0]LogInit: Texture streaming: Enabled
[2022.05.20-00.15.09:159][  0]LogAudio: Display: Audio Device (ID: 1) registered with world 'Untitled'.
[2022.05.20-00.15.09:160][  0]LogSlate: Updating window title bar state: overlay mode, drag disabled, window buttons hidden, title bar hidden
[2022.05.20-00.15.09:160][  0]LogInit: Display: Game Engine Initialized.
[2022.05.20-00.15.09:160][  0]LogNiagaraEditor: GEditor isn't valid! Particle reset commands will not work for Niagara components!
[2022.05.20-00.15.09:262][  0]LogInit: Display: Starting Game.
[2022.05.20-00.15.09:262][  0]LogNet: Browse: 127.0.0.1:17777/Game/Maps/S11_MainMenu?Name=Player
[2022.05.20-00.15.09:262][  0]LogOnline: OSS: Creating online subsystem instance for: STEAM
[2022.05.20-00.15.09:273][  0]LogSteamShared: Warning: SteamAPI failed to initialize, conditions not met.
[2022.05.20-00.15.09:273][  0]LogOnline: Warning: STEAM: Steamworks: SteamUtils() failed!
[2022.05.20-00.15.09:273][  0]LogOnline: Warning: STEAM: Steamworks: SteamUser() failed!
[2022.05.20-00.15.09:273][  0]LogOnline: Warning: STEAM: Steamworks: SteamFriends() failed!
[2022.05.20-00.15.09:273][  0]LogOnline: Warning: STEAM: Steamworks: SteamRemoteStorage() failed!
[2022.05.20-00.15.09:273][  0]LogOnline: Warning: STEAM: Steamworks: SteamUserStats() failed!
[2022.05.20-00.15.09:273][  0]LogOnline: Warning: STEAM: Steamworks: SteamMatchmakingServers() failed!
[2022.05.20-00.15.09:273][  0]LogOnline: Warning: STEAM: Steamworks: SteamApps() failed!
[2022.05.20-00.15.09:273][  0]LogOnline: Warning: STEAM: Steamworks: SteamNetworking() failed!
[2022.05.20-00.15.09:273][  0]LogOnline: Warning: STEAM: Steamworks: SteamMatchmaking() failed!
[2022.05.20-00.15.09:273][  0]LogOnline: STEAM: [AppId: 0] Client API initialized 0
[2022.05.20-00.15.09:273][  0]LogOnline: Display: STEAM: OnlineSubsystemSteam::Shutdown()
[2022.05.20-00.15.09:274][  0]LogOnline: Warning: STEAM: Steam API failed to initialize!
[2022.05.20-00.15.09:274][  0]LogOnline: Display: STEAM: OnlineSubsystemSteam::Shutdown()
[2022.05.20-00.15.09:274][  0]LogInit: WinSock: Socket queue. Rx: 32768 (config 32768) Tx: 32768 (config 32768)
[2022.05.20-00.15.09:274][  0]LogNet: Created socket for bind address: 0.0.0.0 on port 0
[2022.05.20-00.15.09:319][  0]PacketHandlerLog: Loaded PacketHandler component: Engine.EngineHandlerComponentFactory (StatelessConnectHandlerComponent)
[2022.05.20-00.15.09:423][  0]LogNet: Game client on port 17777, rate 100000
[2022.05.20-00.15.09:628][  0]LogInit: Display: Engine is initialized. Leaving FEngineLoop::Init()
[2022.05.20-00.15.09:628][  0]LogLoad: (Engine Initialization) Total time: 6.12 seconds
[2022.05.20-00.15.09:628][  0]LogLoad: (Engine Initialization) Total Blueprint compile time: 0.00 seconds
[2022.05.20-00.15.09:811][  0]LogContentStreaming: Texture pool size now 1000 MB
[2022.05.20-00.15.09:813][  0]LogSlate: InvalidateAllWidgets triggered.  All widgets were invalidated
[2022.05.20-00.15.29:816][244]LogNet: Warning: UNetConnection::Tick: Connection TIMED OUT. Closing connection.. Elapsed: 20.19, Real: 20.01, Good: 20.01, DriverTime: 20.19, Threshold: 20.00, [UNetConnection] RemoteAddr: 127.0.0.1:17777, Name: IpConnection_0, Driver: PendingNetDriver IpNetDriver_0, IsServer: NO, PC: NULL, Owner: NULL, UniqueId: INVALID
[2022.05.20-00.15.29:816][244]LogNet: Error: UEngine::BroadcastNetworkFailure: FailureType = ConnectionTimeout, ErrorString = UNetConnection::Tick: Connection TIMED OUT. Closing connection.. Elapsed: 20.19, Real: 20.01, Good: 20.01, DriverTime: 20.19, Threshold: 20.00, [UNetConnection] RemoteAddr: 127.0.0.1:17777, Name: IpConnection_0, Driver: PendingNetDriver IpNetDriver_0, IsServer: NO, PC: NULL, Owner: NULL, UniqueId: INVALID, Driver = PendingNetDriver IpNetDriver_0
[2022.05.20-00.15.29:816][244]LogNet: Warning: Network Failure: PendingNetDriver[ConnectionTimeout]: UNetConnection::Tick: Connection TIMED OUT. Closing connection.. Elapsed: 20.19, Real: 20.01, Good: 20.01, DriverTime: 20.19, Threshold: 20.00, [UNetConnection] RemoteAddr: 127.0.0.1:17777, Name: IpConnection_0, Driver: PendingNetDriver IpNetDriver_0, IsServer: NO, PC: NULL, Owner: NULL, UniqueId: INVALID
[2022.05.20-00.15.29:836][244]LogNet: NetworkFailure: ConnectionTimeout, Error: 'UNetConnection::Tick: Connection TIMED OUT. Closing connection.. Elapsed: 20.19, Real: 20.01, Good: 20.01, DriverTime: 20.19, Threshold: 20.00, [UNetConnection] RemoteAddr: 127.0.0.1:17777, Name: IpConnection_0, Driver: PendingNetDriver IpNetDriver_0, IsServer: NO, PC: NULL, Owner: NULL, UniqueId: INVALID'
[2022.05.20-00.15.29:849][244]LogNet: UNetConnection::Close: [UNetConnection] RemoteAddr: 127.0.0.1:17777, Name: IpConnection_0, Driver: PendingNetDriver IpNetDriver_0, IsServer: NO, PC: NULL, Owner: NULL, UniqueId: INVALID, Channels: 2, Time: 2022.05.20-00.15.29
[2022.05.20-00.15.29:853][244]LogNet: UChannel::Close: Sending CloseBunch. ChIndex == 0. Name: [UChannel] ChIndex: 0, Closing: 0 [UNetConnection] RemoteAddr: 127.0.0.1:17777, Name: IpConnection_0, Driver: PendingNetDriver IpNetDriver_0, IsServer: NO, PC: NULL, Owner: NULL, UniqueId: INVALID
[2022.05.20-00.15.29:853][244]LogNet: DestroyNamedNetDriver IpNetDriver_0 [PendingNetDriver]
[2022.05.20-00.15.29:911][244]LogExit: PendingNetDriver IpNetDriver_0 shut down
[2022.05.20-00.15.29:912][245]LogNet: Browse: /Game/Maps/S11_MainMenu?closed
[2022.05.20-00.15.29:913][245]LogNet: Connection failed; returning to Entry
[2022.05.20-00.15.29:913][245]LogLoad: LoadMap: /Game/Maps/S11_MainMenu?closed
[2022.05.20-00.15.29:913][245]LogWorld: BeginTearingDown for /Temp/Untitled_0
[2022.05.20-00.15.29:935][245]LogWorld: UWorld::CleanupWorld for Untitled, bSessionEnded=true, bCleanupResources=true
[2022.05.20-00.15.29:935][245]LogSlate: InvalidateAllWidgets triggered.  All widgets were invalidated
[2022.05.20-00.15.29:941][245]LogAudio: Display: Audio Device unregistered from world 'None'.
[2022.05.20-00.15.29:942][245]LogNet: UChannel::CleanUp: ChIndex == 0. Closing connection. [UChannel] ChIndex: 0, Closing: 0 [UNetConnection] RemoteAddr: 127.0.0.1:17777, Name: None, Driver: PendingNetDriver None, IsServer: NO, PC: NULL, Owner: NULL, UniqueId: INVALID
[2022.05.20-00.15.29:974][245]LogNet: UNetConnection::PendingConnectionLost. [UNetConnection] RemoteAddr: 127.0.0.1:17777, Name: None, Driver: PendingNetDriver None, IsServer: YES, PC: NULL, Owner: NULL, UniqueId: INVALID bPendingDestroy=0 
[2022.05.20-00.15.29:975][245]LogUObjectHash: Compacting FUObjectHashTables data took   0.66ms
[2022.05.20-00.15.29:980][245]LogAudio: Display: Audio Device (ID: 1) registered with world 'S11_MainMenu'.
[2022.05.20-00.15.29:986][245]LogAIModule: Creating AISystem for world S11_MainMenu
[2022.05.20-00.15.29:986][245]LogLoad: Game class is 'GameMode'
[2022.05.20-00.15.29:987][245]LogWorld: Bringing World /Game/Maps/S11_MainMenu.S11_MainMenu up for play (max tick rate 0) at 2022.05.20-12.15.29
[2022.05.20-00.15.29:987][245]LogWorld: Bringing up level for play took: 0.000247
[2022.05.20-00.15.29:987][245]LogGameMode: FindPlayerStart: PATHS NOT DEFINED or NO PLAYERSTART with positive rating
[2022.05.20-00.15.29:988][245]LogGameMode: Display: Match State Changed from EnteringMap to WaitingToStart
[2022.05.20-00.15.29:988][245]LogGameState: Match State Changed from EnteringMap to WaitingToStart
[2022.05.20-00.15.29:988][245]LogGameMode: Display: Match State Changed from WaitingToStart to InProgress
[2022.05.20-00.15.30:064][245]PIE: Warning: The widget 'S11_MainMenu_Widget_C' was already added to the screen.
[2022.05.20-00.15.30:065][245]PIE: Warning: The widget 'S11_MainMenu_Widget_C' was already added to the screen.
[2022.05.20-00.15.30:065][245]LogBlueprintUserMessages: [S11_GameInstance_C_0] Save file exists
[2022.05.20-00.15.30:065][245]LogGameState: Match State Changed from WaitingToStart to InProgress
[2022.05.20-00.15.30:065][245]LogSlate: Took 0.000221 seconds to synchronously load lazily loaded font '../../../Engine/Content/Slate/Fonts/Roboto-Regular.ttf' (155K)
[2022.05.20-00.15.30:066][245]LogRenderer: Reallocating scene render targets to support 640x480 Format 10 NumSamples 1 (Frame:1).
[2022.05.20-00.15.30:066][245]LogLoad: Took 0.153011 seconds to LoadMap(/Game/Maps/S11_MainMenu)
[2022.05.20-00.15.30:080][245]LogUObjectHash: Compacting FUObjectHashTables data took   0.66ms
[2022.05.20-00.15.39:397][ 22]LogSlate: Window 'Station_11 (64-bit Development PCD3D_SM5) ' being destroyed
[2022.05.20-00.15.39:397][ 22]LogWindowsTextInputMethodSystem: Display: IME system deactivated.
[2022.05.20-00.15.39:402][ 22]LogSlate: Updating window title bar state: overlay mode, drag disabled, window buttons hidden, title bar hidden
[2022.05.20-00.15.39:402][ 22]LogEngine: All Windows Closed
[2022.05.20-00.15.39:402][ 22]LogWindows: FPlatformMisc::RequestExit(0)
[2022.05.20-00.15.39:402][ 22]LogWindows: FPlatformMisc::RequestExitWithStatus(0, 0)
[2022.05.20-00.15.39:402][ 22]LogCore: Engine exit requested (reason: Win RequestExit)
[2022.05.20-00.15.39:403][ 23]LogCore: Engine exit requested (reason: EngineExit() was called; note: exit was already requested)
[2022.05.20-00.15.39:403][ 23]LogInit: Display: PreExit Game.
[2022.05.20-00.15.39:404][ 23]LogWorld: BeginTearingDown for /Game/Maps/S11_MainMenu
[2022.05.20-00.15.39:404][ 23]LogWorld: UWorld::CleanupWorld for S11_MainMenu, bSessionEnded=true, bCleanupResources=true
[2022.05.20-00.15.39:404][ 23]LogSlate: InvalidateAllWidgets triggered.  All widgets were invalidated
[2022.05.20-00.15.39:969][ 23]LogAudio: Display: Beginning Audio Device Manager Shutdown (Module: AudioMixerXAudio2)...
[2022.05.20-00.15.39:969][ 23]LogAudio: Display: Destroying 1 Remaining Audio Device(s)...
[2022.05.20-00.15.39:969][ 23]LogAudio: Display: Audio Device unregistered from world 'S11_MainMenu'.
[2022.05.20-00.15.40:003][ 23]LogAudioMixer: FMixerPlatformXAudio2::StopAudioStream() called
[2022.05.20-00.15.40:004][ 23]LogAudioMixer: FMixerPlatformXAudio2::StopAudioStream() called
[2022.05.20-00.15.40:027][ 23]LogAudio: Display: Audio Device Manager Shutdown
[2022.05.20-00.15.40:029][ 23]LogExit: Preparing to exit.
