Log file open, 05/20/22 12:20:29
LogWindows: Failed to load 'aqProf.dll' (GetLastError=126)
LogWindows: File 'aqProf.dll' does not exist
LogWindows: Failed to load 'VtuneApi.dll' (GetLastError=126)
LogWindows: File 'VtuneApi.dll' does not exist
LogWindows: Failed to load 'VtuneApi32e.dll' (GetLastError=126)
LogWindows: File 'VtuneApi32e.dll' does not exist
LogConsoleResponse: Display: Failed to find resolution value strings in scalability ini. Falling back to default.
LogConsoleResponse: Display: Failed to find resolution value strings in scalability ini. Falling back to default.
LogInit: Display: Running engine for game: Station_11
LogPlatformFile: Not using cached read wrapper
LogTaskGraph: Started task graph with 5 named threads and 17 total threads with 3 sets of task threads.
LogStats: Stats thread started at 0.264811
LogICUInternationalization: ICU TimeZone Detection - Raw Offset: +12:00, Platform Override: ''
LogInit: Display: Loading text-based GConfig....
LogPluginManager: Mounting plugin MeshPainting
LogPluginManager: Mounting plugin XGEController
LogPluginManager: Mounting plugin Paper2D
LogPluginManager: Mounting plugin AISupport
LogPluginManager: Mounting plugin EnvironmentQueryEditor
LogPluginManager: Mounting plugin LiveLink
LogPluginManager: Mounting plugin LightPropagationVolume
LogPluginManager: Mounting plugin CameraShakePreviewer
LogPluginManager: Mounting plugin GameplayCameras
LogPluginManager: Mounting plugin OodleData
LogPluginManager: Mounting plugin OodleNetwork
LogPluginManager: Mounting plugin AnimationSharing
LogPluginManager: Mounting plugin CLionSourceCodeAccess
LogPluginManager: Mounting plugin CodeLiteSourceCodeAccess
LogPluginManager: Mounting plugin GitSourceControl
LogPluginManager: Mounting plugin KDevelopSourceCodeAccess
LogPluginManager: Mounting plugin NullSourceCodeAccess
LogPluginManager: Mounting plugin PerforceSourceControl
LogPluginManager: Mounting plugin PixWinPlugin
LogPluginManager: Mounting plugin PlasticSourceControl
LogPluginManager: Mounting plugin PluginUtils
LogPluginManager: Mounting plugin PropertyAccessNode
LogPluginManager: Mounting plugin RiderSourceCodeAccess
LogPluginManager: Mounting plugin SubversionSourceControl
LogPluginManager: Mounting plugin TextureFormatOodle
LogPluginManager: Mounting plugin UObjectPlugin
LogPluginManager: Mounting plugin VisualStudioCodeSourceCodeAccess
LogPluginManager: Mounting plugin VisualStudioSourceCodeAccess
LogPluginManager: Mounting plugin XCodeSourceCodeAccess
LogPluginManager: Mounting plugin AssetManagerEditor
LogPluginManager: Mounting plugin CryptoKeys
LogPluginManager: Mounting plugin CurveEditorTools
LogPluginManager: Mounting plugin DataValidation
LogPluginManager: Mounting plugin FacialAnimation
LogPluginManager: Mounting plugin GameplayTagsEditor
LogPluginManager: Mounting plugin GeometryMode
LogPluginManager: Mounting plugin MacGraphicsSwitching
LogPluginManager: Mounting plugin MaterialAnalyzer
LogPluginManager: Mounting plugin MobileLauncherProfileWizard
LogPluginManager: Mounting plugin PluginBrowser
LogPluginManager: Mounting plugin SpeedTreeImporter
LogPluginManager: Mounting plugin DatasmithContent
LogPluginManager: Mounting plugin VariantManagerContent
LogPluginManager: Mounting plugin AlembicImporter
LogPluginManager: Mounting plugin AutomationUtils
LogPluginManager: Mounting plugin BackChannel
LogPluginManager: Mounting plugin ChaosCloth
LogPluginManager: Mounting plugin ChaosClothEditor
LogPluginManager: Mounting plugin ChaosEditor
LogPluginManager: Mounting plugin ChaosNiagara
LogPluginManager: Mounting plugin ChaosSolverPlugin
LogPluginManager: Mounting plugin CharacterAI
LogPluginManager: Mounting plugin GeometryCache
LogPluginManager: Mounting plugin GeometryCollectionPlugin
LogPluginManager: Mounting plugin GeometryProcessing
LogPluginManager: Mounting plugin MotoSynth
LogPluginManager: Mounting plugin OpenImageDenoise
LogPluginManager: Mounting plugin PlanarCut
LogPluginManager: Mounting plugin PlatformCrypto
LogPluginManager: Mounting plugin ProxyLODPlugin
LogPluginManager: Mounting plugin PythonScriptPlugin
LogPluginManager: Mounting plugin SkeletalReduction
LogPluginManager: Mounting plugin Niagara
LogPluginManager: Mounting plugin LuminPlatformFeatures
LogPluginManager: Mounting plugin MagicLeap
LogPluginManager: Mounting plugin MagicLeapLightEstimation
LogPluginManager: Mounting plugin MagicLeapMedia
LogPluginManager: Mounting plugin MagicLeapPassableWorld
LogPluginManager: Mounting plugin MLSDK
LogPluginManager: Mounting plugin AndroidMedia
LogPluginManager: Mounting plugin AvfMedia
LogPluginManager: Mounting plugin ImgMedia
LogPluginManager: Mounting plugin MediaCompositing
LogPluginManager: Mounting plugin MediaPlayerEditor
LogPluginManager: Mounting plugin WebMMedia
LogPluginManager: Mounting plugin WmfMedia
LogPluginManager: Mounting plugin TcpMessaging
LogPluginManager: Mounting plugin UdpMessaging
LogPluginManager: Mounting plugin ActorSequence
LogPluginManager: Mounting plugin LevelSequenceEditor
LogPluginManager: Mounting plugin MatineeToLevelSequence
LogPluginManager: Mounting plugin TemplateSequence
LogPluginManager: Mounting plugin OnlineSubsystem
LogPluginManager: Mounting plugin OnlineSubsystemNull
LogPluginManager: Mounting plugin OnlineSubsystemSteam
LogPluginManager: Mounting plugin OnlineSubsystemUtils
LogPluginManager: Mounting plugin LauncherChunkInstaller
LogPluginManager: Mounting plugin ActorLayerUtilities
LogPluginManager: Mounting plugin AndroidDeviceProfileSelector
LogPluginManager: Mounting plugin AndroidMoviePlayer
LogPluginManager: Mounting plugin AndroidPermission
LogPluginManager: Mounting plugin AppleImageUtils
LogPluginManager: Mounting plugin AppleMoviePlayer
LogPluginManager: Mounting plugin ArchVisCharacter
LogPluginManager: Mounting plugin AssetTags
LogPluginManager: Mounting plugin AudioCapture
LogPluginManager: Mounting plugin AudioSynesthesia
LogPluginManager: Mounting plugin CableComponent
LogPluginManager: Mounting plugin ChunkDownloader
LogPluginManager: Mounting plugin CustomMeshComponent
LogPluginManager: Mounting plugin EditableMesh
LogPluginManager: Mounting plugin ExampleDeviceProfileSelector
LogPluginManager: Mounting plugin GoogleCloudMessaging
LogPluginManager: Mounting plugin GooglePAD
LogPluginManager: Mounting plugin IOSDeviceProfileSelector
LogPluginManager: Mounting plugin LinuxDeviceProfileSelector
LogPluginManager: Mounting plugin LocationServicesBPLibrary
LogPluginManager: Mounting plugin MobilePatchingUtils
LogPluginManager: Mounting plugin OpenXR
LogPluginManager: Mounting plugin OpenXREyeTracker
LogPluginManager: Mounting plugin OpenXRHandTracking
LogPluginManager: Mounting plugin PhysXVehicles
LogPluginManager: Mounting plugin PostSplashScreen
LogPluginManager: Mounting plugin ProceduralMeshComponent
LogPluginManager: Mounting plugin PropertyAccessEditor
LogPluginManager: Mounting plugin RuntimePhysXCooking
LogPluginManager: Mounting plugin SignificanceManager
LogPluginManager: Mounting plugin SoundFields
LogPluginManager: Mounting plugin Synthesis
LogPluginManager: Mounting plugin WebMMoviePlayer
LogPluginManager: Mounting plugin WindowsMoviePlayer
LogPluginManager: Mounting plugin ScreenshotTools
LogPluginManager: Mounting plugin Takes
LogPluginManager: Mounting plugin ContentBrowserAssetDataSource
LogPluginManager: Mounting plugin ContentBrowserClassDataSource
LogPluginManager: Mounting plugin ContentBrowserFileDataSource
LogPluginManager: Mounting plugin OnlineSubsystemGooglePlay
LogPluginManager: Mounting plugin OnlineSubsystemIOS
LogPluginManager: Mounting plugin OculusVR
LogPluginManager: Mounting plugin SteamAudio
LogPluginManager: Mounting plugin SteamShared
LogPluginManager: Mounting plugin SteamVR
PixWinPlugin: PIX capture plugin failed to initialize! Check that the process is launched from PIX.
LogInit: Using libcurl 7.55.1-DEV
LogInit:  - built for x86_64-pc-win32
LogInit:  - supports SSL with OpenSSL/1.1.1
LogInit:  - supports HTTP deflate (compression) using libz 1.2.8
LogInit:  - other features:
LogInit:      CURL_VERSION_SSL
LogInit:      CURL_VERSION_LIBZ
LogInit:      CURL_VERSION_IPV6
LogInit:      CURL_VERSION_ASYNCHDNS
LogInit:      CURL_VERSION_LARGEFILE
LogInit:      CURL_VERSION_IDN
LogInit:  CurlRequestOptions (configurable via config and command line):
LogInit:  - bVerifyPeer = true  - Libcurl will verify peer certificate
LogInit:  - bUseHttpProxy = false  - Libcurl will NOT use HTTP proxy
LogInit:  - bDontReuseConnections = false  - Libcurl will reuse connections
LogInit:  - MaxHostConnections = 16  - Libcurl will limit the number of connections to a host
LogInit:  - LocalHostAddr = Default
LogInit:  - BufferSize = 65536
LogSteamShared: Display: Loading Steam SDK 1.51
LogSteamShared: Steam SDK Loaded!
LogOnline: OSS: Creating online subsystem instance for: Steam
LogOnline: STEAM: [AppId: 480] Game Server API initialized 1
LogOnline: STEAM: Initializing SteamNetworking Layer
LogOnline: STEAM: Missing P2PCleanupTimeout key in OnlineSubsystemSteam of DefaultEngine.ini, using default
LogInit: WinSock: version 1.1 (2.2), MaxSocks=32767, MaxUdp=65467
LogOnline: OSS: TryLoadSubsystemAndSetDefault: Loaded subsystem for module [Steam]
LogInit: Build: ++UE4+Release-4.27-CL-18319896
LogInit: Engine Version: 4.27.2-18319896+++UE4+Release-4.27
LogInit: Compatible Engine Version: 4.27.0-17155196+++UE4+Release-4.27
LogInit: Net CL: 17155196
LogInit: OS: Windows 10 (Release 2009) (), CPU: Intel(R) Core(TM) i7-9700K CPU @ 3.60GHz, GPU: NVIDIA GeForce GTX 1060 6GB
LogInit: Compiled (64-bit): Nov 30 2021 07:12:08
LogInit: Compiled with Visual C++: 19.24.28315.00
LogInit: Build Configuration: Development
LogInit: Branch Name: ++UE4+Release-4.27
LogInit: Command Line:  /Game/ThirdPersonBP/Maps/ThirdPersonExampleMap -game -PIEVIACONSOLE -Multiprocess -server -log "GameUserSettingsINI=D:/Polytech Work/Year-3/Game dev/Space-Porject/Station11Game/Station_11_BIT/Saved/Config/Windows/PIEGameUserSettings0.ini" -MultiprocessSaveConfig -forcepassthrough -messaging -SessionName="Play in Standalone Game" -port=17777 -PktLagMin=0 -PktLagMax=0 -PktLoss=0 -PktIncomingLagMin=0 -PktIncomingLagMax=0 -PktIncomingLoss=0 -windowed
LogInit: Base Directory: D:/Unreal Engine/UE_4.27/Engine/Binaries/Win64/
LogInit: Allocator: TBB
LogInit: Installed Engine Build: 1
LogDevObjectVersion: Number of dev versions registered: 29
LogDevObjectVersion:   Dev-Blueprints (B0D832E4-1F89-4F0D-ACCF-7EB736FD4AA2): 10
LogDevObjectVersion:   Dev-Build (E1C64328-A22C-4D53-A36C-8E866417BD8C): 0
LogDevObjectVersion:   Dev-Core (375EC13C-06E4-48FB-B500-84F0262A717E): 4
LogDevObjectVersion:   Dev-Editor (E4B068ED-F494-42E9-A231-DA0B2E46BB41): 40
LogDevObjectVersion:   Dev-Framework (CFFC743F-43B0-4480-9391-14DF171D2073): 37
LogDevObjectVersion:   Dev-Mobile (B02B49B5-BB20-44E9-A304-32B752E40360): 3
LogDevObjectVersion:   Dev-Networking (A4E4105C-59A1-49B5-A7C5-40C4547EDFEE): 0
LogDevObjectVersion:   Dev-Online (39C831C9-5AE6-47DC-9A44-9C173E1C8E7C): 0
LogDevObjectVersion:   Dev-Physics (78F01B33-EBEA-4F98-B9B4-84EACCB95AA2): 14
LogDevObjectVersion:   Dev-Platform (6631380F-2D4D-43E0-8009-CF276956A95A): 0
LogDevObjectVersion:   Dev-Rendering (12F88B9F-8875-4AFC-A67C-D90C383ABD29): 45
LogDevObjectVersion:   Dev-Sequencer (7B5AE74C-D270-4C10-A958-57980B212A5A): 13
LogDevObjectVersion:   Dev-VR (D7296918-1DD6-4BDD-9DE2-64A83CC13884): 3
LogDevObjectVersion:   Dev-LoadTimes (C2A15278-BFE7-4AFE-6C17-90FF531DF755): 1
LogDevObjectVersion:   Private-Geometry (6EACA3D4-40EC-4CC1-B786-8BED09428FC5): 3
LogDevObjectVersion:   Dev-AnimPhys (29E575DD-E0A3-4627-9D10-D276232CDCEA): 17
LogDevObjectVersion:   Dev-Anim (AF43A65D-7FD3-4947-9873-3E8ED9C1BB05): 15
LogDevObjectVersion:   Dev-ReflectionCapture (6B266CEC-1EC7-4B8F-A30B-E4D90942FC07): 1
LogDevObjectVersion:   Dev-Automation (0DF73D61-A23F-47EA-B727-89E90C41499A): 1
LogDevObjectVersion:   FortniteMain (601D1886-AC64-4F84-AA16-D3DE0DEAC7D6): 47
LogDevObjectVersion:   FortniteRelease (E7086368-6B23-4C58-8439-1B7016265E91): 1
LogDevObjectVersion:   Dev-Enterprise (9DFFBCD6-494F-0158-E221-12823C92A888): 10
LogDevObjectVersion:   Dev-Niagara (F2AED0AC-9AFE-416F-8664-AA7FFA26D6FC): 1
LogDevObjectVersion:   Dev-Destruction (174F1F0B-B4C6-45A5-B13F-2EE8D0FB917D): 10
LogDevObjectVersion:   Dev-Physics-Ext (35F94A83-E258-406C-A318-09F59610247C): 41
LogDevObjectVersion:   Dev-PhysicsMaterial-Chaos (B68FC16E-8B1B-42E2-B453-215C058844FE): 1
LogDevObjectVersion:   Dev-CineCamera (B2E18506-4273-CFC2-A54E-F4BB758BBA07): 1
LogDevObjectVersion:   Dev-VirtualProduction (64F58936-FD1B-42BA-BA96-7289D5D0FA4E): 1
LogDevObjectVersion:   Dev-MediaFramework (6F0ED827-A609-4895-9C91-998D90180EA4): 2
LogInit: Presizing for max 25165824 objects, including 0 objects not considered by GC, pre-allocating 0 bytes for permanent pool.
LogConfig: Applying CVar settings from Section [/Script/Engine.StreamingSettings] File [D:/Polytech Work/Year-3/Game dev/Space-Porject/Station11Game/Station_11_BIT/Saved/Config/Windows/Engine.ini]
LogConfig: Setting CVar [[s.MinBulkDataSizeForAsyncLoading:131072]]
LogConfig: Setting CVar [[s.AsyncLoadingThreadEnabled:0]]
LogConfig: Setting CVar [[s.EventDrivenLoaderEnabled:1]]
LogConfig: Setting CVar [[s.WarnIfTimeLimitExceeded:0]]
LogConfig: Setting CVar [[s.TimeLimitExceededMultiplier:1.5]]
LogConfig: Setting CVar [[s.TimeLimitExceededMinTime:0.005]]
LogConfig: Setting CVar [[s.UseBackgroundLevelStreaming:1]]
LogConfig: Setting CVar [[s.PriorityAsyncLoadingExtraTime:15.0]]
LogConfig: Setting CVar [[s.LevelStreamingActorsUpdateTimeLimit:5.0]]
LogConfig: Setting CVar [[s.PriorityLevelStreamingActorsUpdateExtraTime:5.0]]
LogConfig: Setting CVar [[s.LevelStreamingComponentsRegistrationGranularity:10]]
LogConfig: Setting CVar [[s.UnregisterComponentsTimeLimit:1.0]]
LogConfig: Setting CVar [[s.LevelStreamingComponentsUnregistrationGranularity:5]]
LogConfig: Setting CVar [[s.FlushStreamingOnExit:1]]
LogInit: Object subsystem initialized
LogConfig: Setting CVar [[con.DebugEarlyDefault:1]]
LogConfig: Setting CVar [[r.setres:1280x720]]
[2022.05.20-00.20.35:348][  0]LogConfig: Setting CVar [[con.DebugEarlyDefault:1]]
[2022.05.20-00.20.35:348][  0]LogConfig: Setting CVar [[r.setres:1280x720]]
[2022.05.20-00.20.35:348][  0]LogConfig: Applying CVar settings from Section [/Script/Engine.RendererSettings] File [D:/Polytech Work/Year-3/Game dev/Space-Porject/Station11Game/Station_11_BIT/Saved/Config/Windows/Engine.ini]
[2022.05.20-00.20.35:349][  0]LogConfig: Setting CVar [[r.GPUCrashDebugging:0]]
[2022.05.20-00.20.35:349][  0]LogConfig: Applying CVar settings from Section [/Script/Engine.RendererOverrideSettings] File [D:/Polytech Work/Year-3/Game dev/Space-Porject/Station11Game/Station_11_BIT/Saved/Config/Windows/Engine.ini]
[2022.05.20-00.20.35:349][  0]LogConfig: Applying CVar settings from Section [/Script/Engine.StreamingSettings] File [D:/Polytech Work/Year-3/Game dev/Space-Porject/Station11Game/Station_11_BIT/Saved/Config/Windows/Engine.ini]
[2022.05.20-00.20.35:349][  0]LogConfig: Setting CVar [[s.MinBulkDataSizeForAsyncLoading:131072]]
[2022.05.20-00.20.35:350][  0]LogConfig: Setting CVar [[s.AsyncLoadingThreadEnabled:0]]
[2022.05.20-00.20.35:350][  0]LogConfig: Setting CVar [[s.EventDrivenLoaderEnabled:1]]
[2022.05.20-00.20.35:350][  0]LogConfig: Setting CVar [[s.WarnIfTimeLimitExceeded:0]]
[2022.05.20-00.20.35:350][  0]LogConfig: Setting CVar [[s.TimeLimitExceededMultiplier:1.5]]
[2022.05.20-00.20.35:351][  0]LogConfig: Setting CVar [[s.TimeLimitExceededMinTime:0.005]]
[2022.05.20-00.20.35:351][  0]LogConfig: Setting CVar [[s.UseBackgroundLevelStreaming:1]]
[2022.05.20-00.20.35:351][  0]LogConfig: Setting CVar [[s.PriorityAsyncLoadingExtraTime:15.0]]
[2022.05.20-00.20.35:351][  0]LogConfig: Setting CVar [[s.LevelStreamingActorsUpdateTimeLimit:5.0]]
[2022.05.20-00.20.35:352][  0]LogConfig: Setting CVar [[s.PriorityLevelStreamingActorsUpdateExtraTime:5.0]]
[2022.05.20-00.20.35:352][  0]LogConfig: Setting CVar [[s.LevelStreamingComponentsRegistrationGranularity:10]]
[2022.05.20-00.20.35:352][  0]LogConfig: Setting CVar [[s.UnregisterComponentsTimeLimit:1.0]]
[2022.05.20-00.20.35:352][  0]LogConfig: Setting CVar [[s.LevelStreamingComponentsUnregistrationGranularity:5]]
[2022.05.20-00.20.35:352][  0]LogConfig: Setting CVar [[s.FlushStreamingOnExit:1]]
[2022.05.20-00.20.35:353][  0]LogConfig: Applying CVar settings from Section [/Script/Engine.GarbageCollectionSettings] File [D:/Polytech Work/Year-3/Game dev/Space-Porject/Station11Game/Station_11_BIT/Saved/Config/Windows/Engine.ini]
[2022.05.20-00.20.35:353][  0]LogConfig: Setting CVar [[gc.MaxObjectsNotConsideredByGC:1]]
[2022.05.20-00.20.35:353][  0]LogConfig: Setting CVar [[gc.SizeOfPermanentObjectPool:0]]
[2022.05.20-00.20.35:353][  0]LogConfig: Setting CVar [[gc.FlushStreamingOnGC:0]]
[2022.05.20-00.20.35:353][  0]LogConfig: Setting CVar [[gc.NumRetriesBeforeForcingGC:10]]
[2022.05.20-00.20.35:354][  0]LogConfig: Setting CVar [[gc.AllowParallelGC:1]]
[2022.05.20-00.20.35:354][  0]LogConfig: Setting CVar [[gc.TimeBetweenPurgingPendingKillObjects:61.1]]
[2022.05.20-00.20.35:354][  0]LogConfig: Setting CVar [[gc.MaxObjectsInEditor:25165824]]
[2022.05.20-00.20.35:354][  0]LogConfig: Setting CVar [[gc.IncrementalBeginDestroyEnabled:1]]
[2022.05.20-00.20.35:355][  0]LogConfig: Setting CVar [[gc.CreateGCClusters:1]]
[2022.05.20-00.20.35:355][  0]LogConfig: Setting CVar [[gc.MinGCClusterSize:5]]
[2022.05.20-00.20.35:355][  0]LogConfig: Setting CVar [[gc.ActorClusteringEnabled:0]]
[2022.05.20-00.20.35:355][  0]LogConfig: Setting CVar [[gc.BlueprintClusteringEnabled:0]]
[2022.05.20-00.20.35:356][  0]LogConfig: Setting CVar [[gc.UseDisregardForGCOnDedicatedServers:0]]
[2022.05.20-00.20.35:358][  0]LogConfig: Setting CVar [[gc.MultithreadedDestructionEnabled:1]]
[2022.05.20-00.20.35:358][  0]LogConfig: Applying CVar settings from Section [/Script/Engine.NetworkSettings] File [D:/Polytech Work/Year-3/Game dev/Space-Porject/Station11Game/Station_11_BIT/Saved/Config/Windows/Engine.ini]
[2022.05.20-00.20.35:359][  0]LogConfig: Applying CVar settings from Section [/Script/UnrealEd.CookerSettings] File [D:/Polytech Work/Year-3/Game dev/Space-Porject/Station11Game/Station_11_BIT/Saved/Config/Windows/Engine.ini]
[2022.05.20-00.20.35:359][  0]LogConfig: Applying CVar settings from Section [ViewDistanceQuality@3] File [D:/Polytech Work/Year-3/Game dev/Space-Porject/Station11Game/Station_11_BIT/Saved/Config/Windows/Scalability.ini]
[2022.05.20-00.20.35:359][  0]LogConfig: Setting CVar [[r.SkeletalMeshLODBias:0]]
[2022.05.20-00.20.35:359][  0]LogConfig: Setting CVar [[r.ViewDistanceScale:1.0]]
[2022.05.20-00.20.35:360][  0]LogConfig: Applying CVar settings from Section [AntiAliasingQuality@3] File [D:/Polytech Work/Year-3/Game dev/Space-Porject/Station11Game/Station_11_BIT/Saved/Config/Windows/Scalability.ini]
[2022.05.20-00.20.35:360][  0]LogConfig: Setting CVar [[r.PostProcessAAQuality:4]]
[2022.05.20-00.20.35:360][  0]LogConfig: Applying CVar settings from Section [ShadowQuality@3] File [D:/Polytech Work/Year-3/Game dev/Space-Porject/Station11Game/Station_11_BIT/Saved/Config/Windows/Scalability.ini]
[2022.05.20-00.20.35:361][  0]LogConfig: Setting CVar [[r.LightFunctionQuality:1]]
[2022.05.20-00.20.35:361][  0]LogConfig: Setting CVar [[r.ShadowQuality:5]]
[2022.05.20-00.20.35:361][  0]LogConfig: Setting CVar [[r.Shadow.CSM.MaxCascades:10]]
[2022.05.20-00.20.35:361][  0]LogConfig: Setting CVar [[r.Shadow.MaxResolution:2048]]
[2022.05.20-00.20.35:361][  0]LogConfig: Setting CVar [[r.Shadow.MaxCSMResolution:2048]]
[2022.05.20-00.20.35:362][  0]LogConfig: Setting CVar [[r.Shadow.RadiusThreshold:0.01]]
[2022.05.20-00.20.35:362][  0]LogConfig: Setting CVar [[r.Shadow.DistanceScale:1.0]]
[2022.05.20-00.20.35:362][  0]LogConfig: Setting CVar [[r.Shadow.CSM.TransitionScale:1.0]]
[2022.05.20-00.20.35:362][  0]LogConfig: Setting CVar [[r.Shadow.PreShadowResolutionFactor:1.0]]
[2022.05.20-00.20.35:363][  0]LogConfig: Setting CVar [[r.DistanceFieldShadowing:1]]
[2022.05.20-00.20.35:363][  0]LogConfig: Setting CVar [[r.DistanceFieldAO:1]]
[2022.05.20-00.20.35:363][  0]LogConfig: Setting CVar [[r.AOQuality:2]]
[2022.05.20-00.20.35:364][  0]LogConfig: Setting CVar [[r.VolumetricFog:1]]
[2022.05.20-00.20.35:364][  0]LogConfig: Setting CVar [[r.VolumetricFog.GridPixelSize:8]]
[2022.05.20-00.20.35:364][  0]LogConfig: Setting CVar [[r.VolumetricFog.GridSizeZ:128]]
[2022.05.20-00.20.35:364][  0]LogConfig: Setting CVar [[r.VolumetricFog.HistoryMissSupersampleCount:4]]
[2022.05.20-00.20.35:365][  0]LogConfig: Setting CVar [[r.LightMaxDrawDistanceScale:1]]
[2022.05.20-00.20.35:365][  0]LogConfig: Setting CVar [[r.CapsuleShadows:1]]
[2022.05.20-00.20.35:365][  0]LogConfig: Applying CVar settings from Section [PostProcessQuality@3] File [D:/Polytech Work/Year-3/Game dev/Space-Porject/Station11Game/Station_11_BIT/Saved/Config/Windows/Scalability.ini]
[2022.05.20-00.20.35:365][  0]LogConfig: Setting CVar [[r.MotionBlurQuality:4]]
[2022.05.20-00.20.35:366][  0]LogConfig: Setting CVar [[r.AmbientOcclusionMipLevelFactor:0.4]]
[2022.05.20-00.20.35:366][  0]LogConfig: Setting CVar [[r.AmbientOcclusionMaxQuality:100]]
[2022.05.20-00.20.35:366][  0]LogConfig: Setting CVar [[r.AmbientOcclusionLevels:-1]]
[2022.05.20-00.20.35:366][  0]LogConfig: Setting CVar [[r.AmbientOcclusionRadiusScale:1.0]]
[2022.05.20-00.20.35:367][  0]LogConfig: Setting CVar [[r.DepthOfFieldQuality:2]]
[2022.05.20-00.20.35:369][  0]LogConfig: Setting CVar [[r.RenderTargetPoolMin:400]]
[2022.05.20-00.20.35:369][  0]LogConfig: Setting CVar [[r.LensFlareQuality:2]]
[2022.05.20-00.20.35:370][  0]LogConfig: Setting CVar [[r.SceneColorFringeQuality:1]]
[2022.05.20-00.20.35:370][  0]LogConfig: Setting CVar [[r.EyeAdaptationQuality:2]]
[2022.05.20-00.20.35:370][  0]LogConfig: Setting CVar [[r.BloomQuality:5]]
[2022.05.20-00.20.35:370][  0]LogConfig: Setting CVar [[r.FastBlurThreshold:100]]
[2022.05.20-00.20.35:370][  0]LogConfig: Setting CVar [[r.Upscale.Quality:3]]
[2022.05.20-00.20.35:371][  0]LogConfig: Setting CVar [[r.Tonemapper.GrainQuantization:1]]
[2022.05.20-00.20.35:371][  0]LogConfig: Setting CVar [[r.LightShaftQuality:1]]
[2022.05.20-00.20.35:371][  0]LogConfig: Setting CVar [[r.Filter.SizeScale:1]]
[2022.05.20-00.20.35:371][  0]LogConfig: Setting CVar [[r.Tonemapper.Quality:5]]
[2022.05.20-00.20.35:371][  0]LogConfig: Setting CVar [[r.DOF.Gather.AccumulatorQuality:1        ; higher gathering accumulator quality]]
[2022.05.20-00.20.35:372][  0]LogConfig: Setting CVar [[r.DOF.Gather.PostfilterMethod:1          ; Median3x3 postfilering method]]
[2022.05.20-00.20.35:372][  0]LogConfig: Setting CVar [[r.DOF.Gather.EnableBokehSettings:0       ; no bokeh simulation when gathering]]
[2022.05.20-00.20.35:372][  0]LogConfig: Setting CVar [[r.DOF.Gather.RingCount:4                 ; medium number of samples when gathering]]
[2022.05.20-00.20.35:372][  0]LogConfig: Setting CVar [[r.DOF.Scatter.ForegroundCompositing:1    ; additive foreground scattering]]
[2022.05.20-00.20.35:372][  0]LogConfig: Setting CVar [[r.DOF.Scatter.BackgroundCompositing:2    ; additive background scattering]]
[2022.05.20-00.20.35:372][  0]LogConfig: Setting CVar [[r.DOF.Scatter.EnableBokehSettings:1      ; bokeh simulation when scattering]]
[2022.05.20-00.20.35:373][  0]LogConfig: Setting CVar [[r.DOF.Scatter.MaxSpriteRatio:0.1         ; only a maximum of 10% of scattered bokeh]]
[2022.05.20-00.20.35:373][  0]LogConfig: Setting CVar [[r.DOF.Recombine.Quality:1                ; cheap slight out of focus]]
[2022.05.20-00.20.35:373][  0]LogConfig: Setting CVar [[r.DOF.Recombine.EnableBokehSettings:0    ; no bokeh simulation on slight out of focus]]
[2022.05.20-00.20.35:374][  0]LogConfig: Setting CVar [[r.DOF.TemporalAAQuality:1                ; more stable temporal accumulation]]
[2022.05.20-00.20.35:374][  0]LogConfig: Setting CVar [[r.DOF.Kernel.MaxForegroundRadius:0.025]]
[2022.05.20-00.20.35:374][  0]LogConfig: Setting CVar [[r.DOF.Kernel.MaxBackgroundRadius:0.025]]
[2022.05.20-00.20.35:374][  0]LogConfig: Applying CVar settings from Section [TextureQuality@3] File [D:/Polytech Work/Year-3/Game dev/Space-Porject/Station11Game/Station_11_BIT/Saved/Config/Windows/Scalability.ini]
[2022.05.20-00.20.35:374][  0]LogConfig: Setting CVar [[r.Streaming.MipBias:0]]
[2022.05.20-00.20.35:374][  0]LogConfig: Setting CVar [[r.Streaming.AmortizeCPUToGPUCopy:0]]
[2022.05.20-00.20.35:375][  0]LogConfig: Setting CVar [[r.Streaming.MaxNumTexturesToStreamPerFrame:0]]
[2022.05.20-00.20.35:375][  0]LogConfig: Setting CVar [[r.Streaming.Boost:1]]
[2022.05.20-00.20.35:375][  0]LogConfig: Setting CVar [[r.MaxAnisotropy:8]]
[2022.05.20-00.20.35:375][  0]LogConfig: Setting CVar [[r.VT.MaxAnisotropy:8]]
[2022.05.20-00.20.35:375][  0]LogConfig: Setting CVar [[r.Streaming.LimitPoolSizeToVRAM:0]]
[2022.05.20-00.20.35:376][  0]LogConfig: Setting CVar [[r.Streaming.PoolSize:1000]]
[2022.05.20-00.20.35:376][  0]LogConfig: Setting CVar [[r.Streaming.MaxEffectiveScreenSize:0]]
[2022.05.20-00.20.35:376][  0]LogConfig: Applying CVar settings from Section [EffectsQuality@3] File [D:/Polytech Work/Year-3/Game dev/Space-Porject/Station11Game/Station_11_BIT/Saved/Config/Windows/Scalability.ini]
[2022.05.20-00.20.35:376][  0]LogConfig: Setting CVar [[r.TranslucencyLightingVolumeDim:64]]
[2022.05.20-00.20.35:377][  0]LogConfig: Setting CVar [[r.RefractionQuality:2]]
[2022.05.20-00.20.35:377][  0]LogConfig: Setting CVar [[r.SSR.Quality:3]]
[2022.05.20-00.20.35:377][  0]LogConfig: Setting CVar [[r.SSR.HalfResSceneColor:0]]
[2022.05.20-00.20.35:378][  0]LogConfig: Setting CVar [[r.SceneColorFormat:4]]
[2022.05.20-00.20.35:380][  0]LogConfig: Setting CVar [[r.DetailMode:2]]
[2022.05.20-00.20.35:381][  0]LogConfig: Setting CVar [[r.TranslucencyVolumeBlur:1]]
[2022.05.20-00.20.35:381][  0]LogConfig: Setting CVar [[r.MaterialQualityLevel:1 ; High quality]]
[2022.05.20-00.20.35:381][  0]LogConfig: Setting CVar [[r.AnisotropicMaterials:1]]
[2022.05.20-00.20.35:381][  0]LogConfig: Setting CVar [[r.SSS.Scale:1]]
[2022.05.20-00.20.35:382][  0]LogConfig: Setting CVar [[r.SSS.SampleSet:2]]
[2022.05.20-00.20.35:382][  0]LogConfig: Setting CVar [[r.SSS.Quality:1]]
[2022.05.20-00.20.35:382][  0]LogConfig: Setting CVar [[r.SSS.HalfRes:0]]
[2022.05.20-00.20.35:382][  0]LogConfig: Setting CVar [[r.SSGI.Quality:3]]
[2022.05.20-00.20.35:383][  0]LogConfig: Setting CVar [[r.EmitterSpawnRateScale:1.0]]
[2022.05.20-00.20.35:383][  0]LogConfig: Setting CVar [[r.ParticleLightQuality:2]]
[2022.05.20-00.20.35:383][  0]LogConfig: Setting CVar [[r.SkyAtmosphere.AerialPerspectiveLUT.FastApplyOnOpaque:1 ; Always have FastSkyLUT 1 in this case to avoid wrong sky]]
[2022.05.20-00.20.35:384][  0]LogConfig: Setting CVar [[r.SkyAtmosphere.AerialPerspectiveLUT.SampleCountMaxPerSlice:4]]
[2022.05.20-00.20.35:384][  0]LogConfig: Setting CVar [[r.SkyAtmosphere.AerialPerspectiveLUT.DepthResolution:16.0]]
[2022.05.20-00.20.35:384][  0]LogConfig: Setting CVar [[r.SkyAtmosphere.FastSkyLUT:1]]
[2022.05.20-00.20.35:384][  0]LogConfig: Setting CVar [[r.SkyAtmosphere.FastSkyLUT.SampleCountMin:4.0]]
[2022.05.20-00.20.35:385][  0]LogConfig: Setting CVar [[r.SkyAtmosphere.FastSkyLUT.SampleCountMax:128.0]]
[2022.05.20-00.20.35:385][  0]LogConfig: Setting CVar [[r.SkyAtmosphere.SampleCountMin:4.0]]
[2022.05.20-00.20.35:385][  0]LogConfig: Setting CVar [[r.SkyAtmosphere.SampleCountMax:128.0]]
[2022.05.20-00.20.35:385][  0]LogConfig: Setting CVar [[r.SkyAtmosphere.TransmittanceLUT.UseSmallFormat:0]]
[2022.05.20-00.20.35:386][  0]LogConfig: Setting CVar [[r.SkyAtmosphere.TransmittanceLUT.SampleCount:10.0]]
[2022.05.20-00.20.35:386][  0]LogConfig: Setting CVar [[r.SkyAtmosphere.MultiScatteringLUT.SampleCount:15.0]]
[2022.05.20-00.20.35:386][  0]LogConfig: Setting CVar [[r.SkyLight.RealTimeReflectionCapture:1]]
[2022.05.20-00.20.35:386][  0]LogConfig: Applying CVar settings from Section [FoliageQuality@3] File [D:/Polytech Work/Year-3/Game dev/Space-Porject/Station11Game/Station_11_BIT/Saved/Config/Windows/Scalability.ini]
[2022.05.20-00.20.35:387][  0]LogConfig: Setting CVar [[foliage.DensityScale:1.0]]
[2022.05.20-00.20.35:387][  0]LogConfig: Setting CVar [[grass.DensityScale:1.0]]
[2022.05.20-00.20.35:387][  0]LogConfig: Applying CVar settings from Section [ShadingQuality@3] File [D:/Polytech Work/Year-3/Game dev/Space-Porject/Station11Game/Station_11_BIT/Saved/Config/Windows/Scalability.ini]
[2022.05.20-00.20.35:387][  0]LogConfig: Setting CVar [[r.HairStrands.SkyLighting.IntegrationType:2]]
[2022.05.20-00.20.35:388][  0]LogConfig: Setting CVar [[r.HairStrands.SkyAO.SampleCount:4]]
[2022.05.20-00.20.35:388][  0]LogConfig: Setting CVar [[r.HairStrands.Visibility.MSAA.SamplePerPixel:4]]
[2022.05.20-00.20.35:388][  0]LogInit: Selected Device Profile: [Windows]
[2022.05.20-00.20.35:389][  0]LogInit: Applying CVar settings loaded from the selected device profile: [Windows]
[2022.05.20-00.20.35:391][  0]LogHAL: Display: Platform has ~ 16 GB [17087238144 / 17179869184 / 16], which maps to Larger [LargestMinGB=32, LargerMinGB=12, DefaultMinGB=8, SmallerMinGB=6, SmallestMinGB=0)
[2022.05.20-00.20.35:391][  0]LogInit: Going up to parent DeviceProfile []
[2022.05.20-00.20.35:392][  0]LogConfig: Applying CVar settings from Section [ViewDistanceQuality@3] File [D:/Polytech Work/Year-3/Game dev/Space-Porject/Station11Game/Station_11_BIT/Saved/Config/Windows/Scalability.ini]
[2022.05.20-00.20.35:392][  0]LogConfig: Setting CVar [[r.SkeletalMeshLODBias:0]]
[2022.05.20-00.20.35:392][  0]LogConfig: Setting CVar [[r.ViewDistanceScale:1.0]]
[2022.05.20-00.20.35:392][  0]LogConfig: Applying CVar settings from Section [AntiAliasingQuality@3] File [D:/Polytech Work/Year-3/Game dev/Space-Porject/Station11Game/Station_11_BIT/Saved/Config/Windows/Scalability.ini]
[2022.05.20-00.20.35:392][  0]LogConfig: Setting CVar [[r.PostProcessAAQuality:4]]
[2022.05.20-00.20.35:393][  0]LogConfig: Applying CVar settings from Section [ShadowQuality@3] File [D:/Polytech Work/Year-3/Game dev/Space-Porject/Station11Game/Station_11_BIT/Saved/Config/Windows/Scalability.ini]
[2022.05.20-00.20.35:393][  0]LogConfig: Setting CVar [[r.LightFunctionQuality:1]]
[2022.05.20-00.20.35:393][  0]LogConfig: Setting CVar [[r.ShadowQuality:5]]
[2022.05.20-00.20.35:393][  0]LogConfig: Setting CVar [[r.Shadow.CSM.MaxCascades:10]]
[2022.05.20-00.20.35:393][  0]LogConfig: Setting CVar [[r.Shadow.MaxResolution:2048]]
[2022.05.20-00.20.35:394][  0]LogConfig: Setting CVar [[r.Shadow.MaxCSMResolution:2048]]
[2022.05.20-00.20.35:394][  0]LogConfig: Setting CVar [[r.Shadow.RadiusThreshold:0.01]]
[2022.05.20-00.20.35:394][  0]LogConfig: Setting CVar [[r.Shadow.DistanceScale:1.0]]
[2022.05.20-00.20.35:394][  0]LogConfig: Setting CVar [[r.Shadow.CSM.TransitionScale:1.0]]
[2022.05.20-00.20.35:394][  0]LogConfig: Setting CVar [[r.Shadow.PreShadowResolutionFactor:1.0]]
[2022.05.20-00.20.35:394][  0]LogConfig: Setting CVar [[r.DistanceFieldShadowing:1]]
[2022.05.20-00.20.35:395][  0]LogConfig: Setting CVar [[r.DistanceFieldAO:1]]
[2022.05.20-00.20.35:395][  0]LogConfig: Setting CVar [[r.AOQuality:2]]
[2022.05.20-00.20.35:395][  0]LogConfig: Setting CVar [[r.VolumetricFog:1]]
[2022.05.20-00.20.35:395][  0]LogConfig: Setting CVar [[r.VolumetricFog.GridPixelSize:8]]
[2022.05.20-00.20.35:395][  0]LogConfig: Setting CVar [[r.VolumetricFog.GridSizeZ:128]]
[2022.05.20-00.20.35:396][  0]LogConfig: Setting CVar [[r.VolumetricFog.HistoryMissSupersampleCount:4]]
[2022.05.20-00.20.35:396][  0]LogConfig: Setting CVar [[r.LightMaxDrawDistanceScale:1]]
[2022.05.20-00.20.35:397][  0]LogConfig: Setting CVar [[r.CapsuleShadows:1]]
[2022.05.20-00.20.35:397][  0]LogConfig: Applying CVar settings from Section [PostProcessQuality@3] File [D:/Polytech Work/Year-3/Game dev/Space-Porject/Station11Game/Station_11_BIT/Saved/Config/Windows/Scalability.ini]
[2022.05.20-00.20.35:397][  0]LogConfig: Setting CVar [[r.MotionBlurQuality:4]]
[2022.05.20-00.20.35:397][  0]LogConfig: Setting CVar [[r.AmbientOcclusionMipLevelFactor:0.4]]
[2022.05.20-00.20.35:397][  0]LogConfig: Setting CVar [[r.AmbientOcclusionMaxQuality:100]]
[2022.05.20-00.20.35:398][  0]LogConfig: Setting CVar [[r.AmbientOcclusionLevels:-1]]
[2022.05.20-00.20.35:398][  0]LogConfig: Setting CVar [[r.AmbientOcclusionRadiusScale:1.0]]
[2022.05.20-00.20.35:398][  0]LogConfig: Setting CVar [[r.DepthOfFieldQuality:2]]
[2022.05.20-00.20.35:398][  0]LogConfig: Setting CVar [[r.RenderTargetPoolMin:400]]
[2022.05.20-00.20.35:399][  0]LogConfig: Setting CVar [[r.LensFlareQuality:2]]
[2022.05.20-00.20.35:399][  0]LogConfig: Setting CVar [[r.SceneColorFringeQuality:1]]
[2022.05.20-00.20.35:399][  0]LogConfig: Setting CVar [[r.EyeAdaptationQuality:2]]
[2022.05.20-00.20.35:399][  0]LogConfig: Setting CVar [[r.BloomQuality:5]]
[2022.05.20-00.20.35:399][  0]LogConfig: Setting CVar [[r.FastBlurThreshold:100]]
[2022.05.20-00.20.35:400][  0]LogConfig: Setting CVar [[r.Upscale.Quality:3]]
[2022.05.20-00.20.35:403][  0]LogConfig: Setting CVar [[r.Tonemapper.GrainQuantization:1]]
[2022.05.20-00.20.35:403][  0]LogConfig: Setting CVar [[r.LightShaftQuality:1]]
[2022.05.20-00.20.35:403][  0]LogConfig: Setting CVar [[r.Filter.SizeScale:1]]
[2022.05.20-00.20.35:404][  0]LogConfig: Setting CVar [[r.Tonemapper.Quality:5]]
[2022.05.20-00.20.35:404][  0]LogConfig: Setting CVar [[r.DOF.Gather.AccumulatorQuality:1        ; higher gathering accumulator quality]]
[2022.05.20-00.20.35:405][  0]LogConfig: Setting CVar [[r.DOF.Gather.PostfilterMethod:1          ; Median3x3 postfilering method]]
[2022.05.20-00.20.35:405][  0]LogConfig: Setting CVar [[r.DOF.Gather.EnableBokehSettings:0       ; no bokeh simulation when gathering]]
[2022.05.20-00.20.35:405][  0]LogConfig: Setting CVar [[r.DOF.Gather.RingCount:4                 ; medium number of samples when gathering]]
[2022.05.20-00.20.35:406][  0]LogConfig: Setting CVar [[r.DOF.Scatter.ForegroundCompositing:1    ; additive foreground scattering]]
[2022.05.20-00.20.35:406][  0]LogConfig: Setting CVar [[r.DOF.Scatter.BackgroundCompositing:2    ; additive background scattering]]
[2022.05.20-00.20.35:407][  0]LogConfig: Setting CVar [[r.DOF.Scatter.EnableBokehSettings:1      ; bokeh simulation when scattering]]
[2022.05.20-00.20.35:407][  0]LogConfig: Setting CVar [[r.DOF.Scatter.MaxSpriteRatio:0.1         ; only a maximum of 10% of scattered bokeh]]
[2022.05.20-00.20.35:408][  0]LogConfig: Setting CVar [[r.DOF.Recombine.Quality:1                ; cheap slight out of focus]]
[2022.05.20-00.20.35:408][  0]LogConfig: Setting CVar [[r.DOF.Recombine.EnableBokehSettings:0    ; no bokeh simulation on slight out of focus]]
[2022.05.20-00.20.35:408][  0]LogConfig: Setting CVar [[r.DOF.TemporalAAQuality:1                ; more stable temporal accumulation]]
[2022.05.20-00.20.35:408][  0]LogConfig: Setting CVar [[r.DOF.Kernel.MaxForegroundRadius:0.025]]
[2022.05.20-00.20.35:408][  0]LogConfig: Setting CVar [[r.DOF.Kernel.MaxBackgroundRadius:0.025]]
[2022.05.20-00.20.35:409][  0]LogConfig: Applying CVar settings from Section [TextureQuality@3] File [D:/Polytech Work/Year-3/Game dev/Space-Porject/Station11Game/Station_11_BIT/Saved/Config/Windows/Scalability.ini]
[2022.05.20-00.20.35:409][  0]LogConfig: Setting CVar [[r.Streaming.MipBias:0]]
[2022.05.20-00.20.35:409][  0]LogConfig: Setting CVar [[r.Streaming.AmortizeCPUToGPUCopy:0]]
[2022.05.20-00.20.35:409][  0]LogConfig: Setting CVar [[r.Streaming.MaxNumTexturesToStreamPerFrame:0]]
[2022.05.20-00.20.35:410][  0]LogConfig: Setting CVar [[r.Streaming.Boost:1]]
[2022.05.20-00.20.35:410][  0]LogConfig: Setting CVar [[r.MaxAnisotropy:8]]
[2022.05.20-00.20.35:410][  0]LogConfig: Setting CVar [[r.VT.MaxAnisotropy:8]]
[2022.05.20-00.20.35:410][  0]LogConfig: Setting CVar [[r.Streaming.LimitPoolSizeToVRAM:0]]
[2022.05.20-00.20.35:410][  0]LogConfig: Setting CVar [[r.Streaming.PoolSize:1000]]
[2022.05.20-00.20.35:410][  0]LogConfig: Setting CVar [[r.Streaming.MaxEffectiveScreenSize:0]]
[2022.05.20-00.20.35:410][  0]LogConfig: Applying CVar settings from Section [EffectsQuality@3] File [D:/Polytech Work/Year-3/Game dev/Space-Porject/Station11Game/Station_11_BIT/Saved/Config/Windows/Scalability.ini]
[2022.05.20-00.20.35:411][  0]LogConfig: Setting CVar [[r.TranslucencyLightingVolumeDim:64]]
[2022.05.20-00.20.35:414][  0]LogConfig: Setting CVar [[r.RefractionQuality:2]]
[2022.05.20-00.20.35:414][  0]LogConfig: Setting CVar [[r.SSR.Quality:3]]
[2022.05.20-00.20.35:414][  0]LogConfig: Setting CVar [[r.SSR.HalfResSceneColor:0]]
[2022.05.20-00.20.35:414][  0]LogConfig: Setting CVar [[r.SceneColorFormat:4]]
[2022.05.20-00.20.35:414][  0]LogConfig: Setting CVar [[r.DetailMode:2]]
[2022.05.20-00.20.35:415][  0]LogConfig: Setting CVar [[r.TranslucencyVolumeBlur:1]]
[2022.05.20-00.20.35:415][  0]LogConfig: Setting CVar [[r.MaterialQualityLevel:1 ; High quality]]
[2022.05.20-00.20.35:415][  0]LogConfig: Setting CVar [[r.AnisotropicMaterials:1]]
[2022.05.20-00.20.35:415][  0]LogConfig: Setting CVar [[r.SSS.Scale:1]]
[2022.05.20-00.20.35:416][  0]LogConfig: Setting CVar [[r.SSS.SampleSet:2]]
[2022.05.20-00.20.35:416][  0]LogConfig: Setting CVar [[r.SSS.Quality:1]]
[2022.05.20-00.20.35:416][  0]LogConfig: Setting CVar [[r.SSS.HalfRes:0]]
[2022.05.20-00.20.35:417][  0]LogConfig: Setting CVar [[r.SSGI.Quality:3]]
[2022.05.20-00.20.35:417][  0]LogConfig: Setting CVar [[r.EmitterSpawnRateScale:1.0]]
[2022.05.20-00.20.35:417][  0]LogConfig: Setting CVar [[r.ParticleLightQuality:2]]
[2022.05.20-00.20.35:418][  0]LogConfig: Setting CVar [[r.SkyAtmosphere.AerialPerspectiveLUT.FastApplyOnOpaque:1 ; Always have FastSkyLUT 1 in this case to avoid wrong sky]]
[2022.05.20-00.20.35:418][  0]LogConfig: Setting CVar [[r.SkyAtmosphere.AerialPerspectiveLUT.SampleCountMaxPerSlice:4]]
[2022.05.20-00.20.35:418][  0]LogConfig: Setting CVar [[r.SkyAtmosphere.AerialPerspectiveLUT.DepthResolution:16.0]]
[2022.05.20-00.20.35:418][  0]LogConfig: Setting CVar [[r.SkyAtmosphere.FastSkyLUT:1]]
[2022.05.20-00.20.35:419][  0]LogConfig: Setting CVar [[r.SkyAtmosphere.FastSkyLUT.SampleCountMin:4.0]]
[2022.05.20-00.20.35:419][  0]LogConfig: Setting CVar [[r.SkyAtmosphere.FastSkyLUT.SampleCountMax:128.0]]
[2022.05.20-00.20.35:419][  0]LogConfig: Setting CVar [[r.SkyAtmosphere.SampleCountMin:4.0]]
[2022.05.20-00.20.35:419][  0]LogConfig: Setting CVar [[r.SkyAtmosphere.SampleCountMax:128.0]]
[2022.05.20-00.20.35:420][  0]LogConfig: Setting CVar [[r.SkyAtmosphere.TransmittanceLUT.UseSmallFormat:0]]
[2022.05.20-00.20.35:420][  0]LogConfig: Setting CVar [[r.SkyAtmosphere.TransmittanceLUT.SampleCount:10.0]]
[2022.05.20-00.20.35:420][  0]LogConfig: Setting CVar [[r.SkyAtmosphere.MultiScatteringLUT.SampleCount:15.0]]
[2022.05.20-00.20.35:420][  0]LogConfig: Setting CVar [[r.SkyLight.RealTimeReflectionCapture:1]]
[2022.05.20-00.20.35:421][  0]LogConfig: Applying CVar settings from Section [FoliageQuality@3] File [D:/Polytech Work/Year-3/Game dev/Space-Porject/Station11Game/Station_11_BIT/Saved/Config/Windows/Scalability.ini]
[2022.05.20-00.20.35:421][  0]LogConfig: Setting CVar [[foliage.DensityScale:1.0]]
[2022.05.20-00.20.35:421][  0]LogConfig: Setting CVar [[grass.DensityScale:1.0]]
[2022.05.20-00.20.35:421][  0]LogConfig: Applying CVar settings from Section [ShadingQuality@3] File [D:/Polytech Work/Year-3/Game dev/Space-Porject/Station11Game/Station_11_BIT/Saved/Config/Windows/Scalability.ini]
[2022.05.20-00.20.35:422][  0]LogConfig: Setting CVar [[r.HairStrands.SkyLighting.IntegrationType:2]]
[2022.05.20-00.20.35:425][  0]LogConfig: Setting CVar [[r.HairStrands.SkyAO.SampleCount:4]]
[2022.05.20-00.20.35:425][  0]LogConfig: Setting CVar [[r.HairStrands.Visibility.MSAA.SamplePerPixel:4]]
[2022.05.20-00.20.35:425][  0]LogConfig: Applying CVar settings from Section [Startup] File [../../../Engine/Config/ConsoleVariables.ini]
[2022.05.20-00.20.35:426][  0]LogConfig: Setting CVar [[net.UseAdaptiveNetUpdateFrequency:0]]
[2022.05.20-00.20.35:426][  0]LogConfig: Setting CVar [[p.chaos.AllowCreatePhysxBodies:1]]
[2022.05.20-00.20.35:426][  0]LogConfig: Setting CVar [[fx.SkipVectorVMBackendOptimizations:1]]
[2022.05.20-00.20.35:426][  0]LogConfig: Applying CVar settings from Section [ConsoleVariables] File [D:/Polytech Work/Year-3/Game dev/Space-Porject/Station11Game/Station_11_BIT/Saved/Config/Windows/Engine.ini]
[2022.05.20-00.20.35:426][  0]LogConfig: Applying CVar settings from Section [ConsoleVariables] File [D:/Polytech Work/Year-3/Game dev/Space-Porject/Station11Game/Station_11_BIT/Saved/Config/Windows/Editor.ini]
[2022.05.20-00.20.35:427][  0]LogInit: Computer: HAYDEN-PC
[2022.05.20-00.20.35:427][  0]LogInit: User: Hayden
[2022.05.20-00.20.35:427][  0]LogInit: CPU Page size=4096, Cores=8
[2022.05.20-00.20.35:428][  0]LogInit: High frequency timer resolution =10.000000 MHz
[2022.05.20-00.20.35:428][  0]LogMemory: Memory total: Physical=15.9GB (16GB approx)
[2022.05.20-00.20.35:428][  0]LogMemory: Platform Memory Stats for Windows
[2022.05.20-00.20.35:428][  0]LogMemory: Process Physical Memory: 154.62 MB used, 154.62 MB peak
[2022.05.20-00.20.35:429][  0]LogMemory: Process Virtual Memory: 135.05 MB used, 135.05 MB peak
[2022.05.20-00.20.35:429][  0]LogMemory: Physical Memory: 9890.63 MB used,  6405.03 MB free, 16295.66 MB total
[2022.05.20-00.20.35:429][  0]LogMemory: Virtual Memory: 134203736.00 MB used,  13988.91 MB free, 134217728.00 MB total
[2022.05.20-00.20.35:716][  0]LogWindows: WindowsPlatformFeatures disabled or dedicated server build
[2022.05.20-00.20.35:728][  0]LogInit: Physics initialised using underlying interface: PhysX
[2022.05.20-00.20.35:728][  0]LogInit: Using OS detected language (en-US).
[2022.05.20-00.20.35:728][  0]LogInit: Using OS detected locale (en-NZ).
[2022.05.20-00.20.35:730][  0]LogTextLocalizationManager: No specific localization for 'en-US' exists, so the 'en' localization will be used.
[2022.05.20-00.20.36:208][  0]LogTargetPlatformManager: Display: Loaded TargetPlatform 'WindowsNoEditor'
[2022.05.20-00.20.36:211][  0]LogTargetPlatformManager: Display: Loaded TargetPlatform 'Windows'
[2022.05.20-00.20.36:214][  0]LogTargetPlatformManager: Display: Loaded TargetPlatform 'WindowsClient'
[2022.05.20-00.20.36:216][  0]LogTargetPlatformManager: Display: Loaded TargetPlatform 'WindowsServer'
[2022.05.20-00.20.36:216][  0]LogTargetPlatformManager: Display: Building Assets For Windows
[2022.05.20-00.20.36:220][  0]LogAudioDebug: Display: Lib vorbis DLL was dynamically loaded.
[2022.05.20-00.20.36:234][  0]LogTextureFormatOodle: Display: Oodle Texture 2.9.0 init RDO Off
[2022.05.20-00.20.36:250][  0]LogRendererCore: Ray tracing is disabled. Reason: r.RayTracing=0.
[2022.05.20-00.20.36:250][  0]LogShaderCompilers: Guid format shader working directory is -40 characters bigger than the processId version (../../../../../Polytech Work/Year-3/Game dev/Space-Porject/Station11Game/Station_11_BIT/Intermediate/Shaders/WorkingDirectory/4604/).
[2022.05.20-00.20.36:251][  0]LogShaderCompilers: Cleaned the shader compiler working directory 'C:/Users/Hayden/AppData/Local/Temp/UnrealShaderWorkingDir/8AA48BBE43F5A2042372B790B33E5176/'.
[2022.05.20-00.20.36:251][  0]LogXGEController: Cannot use XGE Controller as Incredibuild is not installed on this machine.
[2022.05.20-00.20.36:252][  0]LogShaderCompilers: Cannot use XGE Shader Compiler as Incredibuild is not installed on this machine.
[2022.05.20-00.20.36:252][  0]LogShaderCompilers: Display: Using Local Shader Compiler.
[2022.05.20-00.20.36:762][  0]LogDerivedDataCache: Display: Max Cache Size: 512 MB
[2022.05.20-00.20.36:830][  0]LogDerivedDataCache: Loaded boot cache 0.07s 94MB C:/Users/Hayden/AppData/Local/UnrealEngine/4.27/DerivedDataCache/Boot.ddc.
[2022.05.20-00.20.36:830][  0]LogDerivedDataCache: Display: Loaded Boot cache: C:/Users/Hayden/AppData/Local/UnrealEngine/4.27/DerivedDataCache/Boot.ddc
[2022.05.20-00.20.36:831][  0]LogDerivedDataCache: FDerivedDataBackendGraph:  Pak pak cache file ../../../../../Polytech Work/Year-3/Game dev/Space-Porject/Station11Game/Station_11_BIT/DerivedDataCache/DDC.ddp not found, will not use a pak cache.
[2022.05.20-00.20.36:831][  0]LogDerivedDataCache: Unable to find inner node Pak for hierarchical cache Hierarchy.
[2022.05.20-00.20.36:831][  0]LogDerivedDataCache: FDerivedDataBackendGraph:  CompressedPak pak cache file ../../../../../Polytech Work/Year-3/Game dev/Space-Porject/Station11Game/Station_11_BIT/DerivedDataCache/Compressed.ddp not found, will not use a pak cache.
[2022.05.20-00.20.36:832][  0]LogDerivedDataCache: Unable to find inner node CompressedPak for hierarchical cache Hierarchy.
[2022.05.20-00.20.36:845][  0]LogDerivedDataCache: Display: Pak cache opened for reading ../../../Engine/DerivedDataCache/Compressed.ddp.
[2022.05.20-00.20.36:846][  0]LogDerivedDataCache: FDerivedDataBackendGraph:  EnterprisePak pak cache file ../../../Enterprise/DerivedDataCache/Compressed.ddp not found, will not use a pak cache.
[2022.05.20-00.20.36:846][  0]LogDerivedDataCache: Unable to find inner node EnterprisePak for hierarchical cache Hierarchy.
[2022.05.20-00.20.36:855][  0]LogDerivedDataCache: Speed tests for C:/Users/Hayden/AppData/Local/UnrealEngine/Common/DerivedDataCache took 0.01 seconds
[2022.05.20-00.20.36:856][  0]LogDerivedDataCache: Display: Performance to C:/Users/Hayden/AppData/Local/UnrealEngine/Common/DerivedDataCache: Latency=0.03ms. RandomReadSpeed=1702.10MBs, RandomWriteSpeed=115.47MBs. Assigned SpeedClass 'Local'
[2022.05.20-00.20.36:859][  0]LogDerivedDataCache: Using Local data cache path C:/Users/Hayden/AppData/Local/UnrealEngine/Common/DerivedDataCache: Writable
[2022.05.20-00.20.36:860][  0]LogDerivedDataCache: Shared data cache path not found in *engine.ini, will not use an Shared cache.
[2022.05.20-00.20.36:860][  0]LogDerivedDataCache: Unable to find inner node Shared for hierarchical cache Hierarchy.
[2022.05.20-00.20.36:862][  0]LogInit: Using OS detected language (en-US).
[2022.05.20-00.20.36:862][  0]LogInit: Using OS detected locale (en-NZ).
[2022.05.20-00.20.36:862][  0]LogTextLocalizationManager: No localization for 'en-US' exists, so 'en' will be used for the language.
[2022.05.20-00.20.36:863][  0]LogTextLocalizationManager: No localization for 'en-NZ' exists, so 'en' will be used for the locale.
[2022.05.20-00.20.36:867][  0]LogAssetRegistry: FAssetRegistry took 0.0019 seconds to start up
[2022.05.20-00.20.37:012][  0]LogTextLocalizationManager: Compacting localization data took   0.01ms
[2022.05.20-00.20.37:012][  0]LogPackageLocalizationCache: Processed 28 localized package path(s) for 1 prioritized culture(s) in 0.001132 seconds
[2022.05.20-00.20.37:089][  0]LogInit: Selected Device Profile: [Windows]
[2022.05.20-00.20.37:089][  0]LogInit: Active device profile: [000001D747704D00][000001D748391AC0 49] Windows
[2022.05.20-00.20.37:090][  0]LogInit: Profiles: [000001D747704D00][000001D748391AC0 49] Windows, [000001D7476FA300][000001D7483941C0 49] WindowsNoEditor, [000001D747705C00][000001D74839E440 49] WindowsServer, [000001D7476FB100][000001D7483A6700 49] WindowsClient, [000001D747706900][000001D7483AA9C0 49] IOS, [000001D7476F9800][000001D7483AEC80 49] iPadAir, [000001D747707E00][000001D7483B2F40 49] iPadAir2, [000001D747695100][000001D7483CD480 49] IPadPro, [000001D747695200][000001D7483B74C0 49] iPadAir3, [000001D7476F8C00][000001D7483C5780 49] iPadAir4, [000001D747695E00][000001D7483C1A40 49] iPadMini2, [000001D7476FB300][000001D7483C8180 49] iPadMini3, [000001D747697900][000001D7483A2400 49] iPadMini4, [000001D7476F9000][000001D7483D6680 49] iPadMini5, [000001D7476A8A00][000001D7483EEBC0 49] iPhone6, [000001D7476A8B00][000001D7483DEC00 49] iPodTouch6, [000001D747706D00][000001D7483F7140 49] iPhone7, [000001D747706E00][000001D7483E7180 49] iPodTouch7, [000001D747697A00][000001D7483EB440 49] iPhone5S, [000001D747694300][000001D7483E3700 49] iPhone6Plus, [000001D7476ABD00][000001D7483F39C0 49] iPhone6S, [000001D747697700][000001D7483FA100 49] iPhone6SPlus, [000001D7476AA600][000001D7483FE3C0 49] iPhone7Plus, [000001D747695700][000001D7483DA640 49] iPhoneSE, [000001D7476A8E00][000001D7484028C0 49] iPhone8, [000001D747695400][000001D74840AB80 49] iPhone8Plus, [000001D7476A9F00][000001D74840EE40 49] iPhoneX, [000001D747707500][000001D748413100 49] iPhoneXS, [000001D7476A9700][000001D7484173C0 49] iPhoneXSMax, [000001D747706F00][000001D74841B680 49] iPhoneXR, [000001D7476ABE00][000001D74841F940 49] iPhone11, [000001D747705100][000001D748423C00 49] iPhone11Pro, [000001D7476A9C00][000001D748426340 49] iPhone11ProMax, [000001D747705E00][000001D74842A600 49] iPhoneSE2, [000001D7476ABA00][000001D748406880 49] iPhone12Mini, [000001D747704700][000001D748440B00 49] iPhone12, [000001D7476A8100][000001D748448DC0 49] iPhone12Pro, [000001D747706400][000001D74844D080 49] iPhone12ProMax, [000001D7476A9800][000001D748451340 49] iPadPro105, [000001D747705600][000001D748455600 49] iPadPro129, [000001D7476A8800][000001D7484598C0 49] iPadPro97, [000001D747707200][000001D74845DB80 49] iPadPro2_129, [000001D7476AB200][000001D7484602C0 49] iPad5, [000001D747706100][000001D748464580 49] iPad6, [000001D7476AB000][000001D748468840 49] iPad7, [000001D747707600][000001D748444AC0 49] iPad8, [000001D7476AB900][000001D74846CD40 49] iPadPro11, [000001D747704400][000001D748475000 49] iPadPro2_11, [000001D7476AAD00][000001D7484792C0 49] iPadPro3_129, [000001D747707D00][000001D74847D580 49] iPadPro4_129, [000001D7476AA100][000001D748481840 49] AppleTV, [000001D747704A00][000001D748485B00 49] AppleTV4K, [000001D7476A9000][000001D748488240 49] TVOS, [000001D747704E00][000001D74848C500 49] Mac, [000001D7476AB700][000001D7484907C0 49] MacClient, [000001D747706C00][000001D748494A80 49] MacNoEditor, [000001D7476AA500][000001D748470D00 49] MacServer, [000001D747704F00][000001D748498F80 49] Linux, [000001D7476AB100][000001D7484A1240 49] LinuxAArch64, [000001D747705400][000001D7484A5500 49] LinuxNoEditor, [000001D7476A8200][000001D7484A97C0 49] LinuxAArch64NoEditor, [000001D747706000][000001D7484ADA80 49] LinuxClient, [000001D7476AAB00][000001D7484B01C0 49] LinuxAArch64Client, [000001D747707400][000001D7484B4480 49] LinuxServer, [000001D7476A9200][000001D7484B8740 49] LinuxAArch64Server, [000001D747704500][000001D7484BCA00 49] Android, [000001D7476A8D00][000001D7484C0CC0 49] Android_Low, [000001D747705B00][000001D74849CF40 49] Android_Mid, [000001D7476A8C00][000001D7484C51C0 49] Android_High, [000001D747704100][000001D7484CD480 49] Android_Default, [000001D7476A8F00][000001D7484D1740 49] Android_Adreno4xx, [000001D747707A00][000001D7484D5A00 49] Android_Adreno5xx_Low, [000001D747696900][000001D7484D8140 49] Android_Adreno5xx, [000001D7476F8500][000001D7484DC400 49] Android_Adreno6xx, [000001D747696A00][000001D7484E06C0 49] Android_Adreno6xx_Vulkan, [000001D7476FAC00][000001D7484E4980 49] Android_Mali_T6xx, [000001D747696C00][000001D7484E8C40 49] Android_Mali_T7xx, [000001D7476FBD00][000001D7484ECF00 49] Android_Mali_T8xx, [000001D747697D00][000001D7484C9180 49] Android_Mali_G71, [000001D7476FA900][000001D7484F1400 49] Android_Mali_G72, [000001D747697000][000001D7484F96C0 49] Android_Mali_G72_Vulkan, [000001D7476FA500][000001D7484FD980 49] Android_Mali_G76, [000001D747696800][000001D7485000C0 49] Android_Mali_G76_Vulkan, [000001D7476F9B00][000001D748504380 49] Android_Mali_G77, [000001D747697C00][000001D748508640 49] Android_Mali_G77_Vulkan, [000001D7476FB000][000001D74850C900 49] Android_Mali_G78, [000001D747697500][000001D748510BC0 49] Android_Mali_G78_Vulkan, [000001D7476F8300][000001D748514E80 49] Android_Mali_G710, [000001D747697100][000001D748519140 49] Android_Mali_G710_Vulkan, [000001D7476F9700][000001D7484F53C0 49] Android_Vulkan_SM5, [000001D747694F00][000001D74851D640 49] Android_PowerVR_G6xxx, [000001D7476F9F00][000001D748525900 49] Android_PowerVR_GT7xxx, [000001D747697E00][000001D748529BC0 49] Android_PowerVR_GE8xxx, [000001D7476FA200][000001D74852C300 49] Android_PowerVR_GM9xxx, [000001D747695D00][000001D7485305C0 49] Android_PowerVR_GM9xxx_Vulkan, [000001D7476F9E00][000001D748534880 49] Android_TegraK1, [000001D747696B00][000001D748538B40 49] Android_Unknown_Vulkan, [000001D7476FB400][000001D74853CE00 49] Lumin, [000001D747694E00][000001D7485410C0 49] Lumin_Desktop, [000001D7476A8300][000001D748545380 49] HoloLens, 
[2022.05.20-00.20.37:112][  0]LogMeshReduction: Using QuadricMeshReduction for automatic static mesh reduction
[2022.05.20-00.20.37:112][  0]LogMeshReduction: Using SimplygonMeshReduction for automatic skeletal mesh reduction
[2022.05.20-00.20.37:113][  0]LogMeshReduction: Using ProxyLODMeshReduction for automatic mesh merging
[2022.05.20-00.20.37:114][  0]LogMeshReduction: No distributed automatic mesh merging module available
[2022.05.20-00.20.37:114][  0]LogMeshMerging: No distributed automatic mesh merging module available
[2022.05.20-00.20.37:126][  0]LogNetVersion: Station_11 1.0.0, NetCL: 17155196, EngineNetVer: 17, GameNetVer: 0 (Checksum: 2456927474)
[2022.05.20-00.20.37:214][  0]LogTexture: Default maximum texture size for cubemaps generated from long-lat sources has been changed from 512 to unlimited. In order to preserve old behaiour for '/Engine/MapTemplates/Sky/DaylightAmbientCubemap.DaylightAmbientCubemap', its maximum texture size has been explicitly set to 512.
[2022.05.20-00.20.37:229][  0]LogHMD: PokeAHoleMaterial loaded successfully
[2022.05.20-00.20.37:302][  0]LogPython: Using Python 3.7.7
[2022.05.20-00.20.37:708][  0]LogNiagaraDebuggerClient: Niagara Debugger Client Initialized | Session: 8F2851DC40910A1BC69BE3A5FC569131 | Instance: B741866F433E44F18F6F58B9508834A5 (HAYDEN-PC-4604).
[2022.05.20-00.20.37:720][  0]LogCollectionManager: Loaded 0 collections in 0.000734 seconds
[2022.05.20-00.20.37:724][  0]LogFileCache: Scanning file cache for directory 'D:/Polytech Work/Year-3/Game dev/Space-Porject/Station11Game/Station_11_BIT/Saved/Collections/' took 0.00s
[2022.05.20-00.20.37:724][  0]LogFileCache: Scanning file cache for directory 'D:/Polytech Work/Year-3/Game dev/Space-Porject/Station11Game/Station_11_BIT/Content/Developers/Hayden/Collections/' took 0.00s
[2022.05.20-00.20.37:725][  0]LogFileCache: Scanning file cache for directory 'D:/Polytech Work/Year-3/Game dev/Space-Porject/Station11Game/Station_11_BIT/Content/Collections/' took 0.00s
[2022.05.20-00.20.37:725][  0]LogCollectionManager: Fixed up redirectors for 0 collections in 0.000002 seconds (updated 0 objects)
[2022.05.20-00.20.37:794][  0]LogTcpMessaging: Initializing TcpMessaging bridge
[2022.05.20-00.20.37:797][  0]LogUdpMessaging: Initializing bridge on interface 0.0.0.0:0 to multicast group 230.0.0.1:6666.
[2022.05.20-00.20.37:818][  0]LogSteamAudio: FSteamAudioModule Startup
[2022.05.20-00.20.37:819][  0]LogSteamAudio: Display: Attempting to load ../../../Engine/Binaries/ThirdParty/Phonon/Win64/phonon.dll
[2022.05.20-00.20.37:821][  0]LogSteamAudio: Display: Loaded ../../../Engine/Binaries/ThirdParty/Phonon/Win64/phonon.dll.
[2022.05.20-00.20.37:848][  0]SourceControl: Source control is disabled
[2022.05.20-00.20.37:849][  0]SourceControl: Source control is disabled
[2022.05.20-00.20.37:851][  0]SourceControl: Source control is disabled
[2022.05.20-00.20.37:854][  0]LogUProjectInfo: Found projects:
[2022.05.20-00.20.37:894][  0]LogOpenImageDenoise: OIDN starting up
[2022.05.20-00.20.37:914][  0]LogAndroidPermission: UAndroidPermissionCallbackProxy::GetInstance
[2022.05.20-00.20.37:924][  0]LogAudioCaptureCore: Display: No Audio Capture implementations found. Audio input will be silent.
[2022.05.20-00.20.37:924][  0]LogAudioCaptureCore: Display: No Audio Capture implementations found. Audio input will be silent.
[2022.05.20-00.20.37:970][  0]LogOcInput: OculusInput pre-init called
[2022.05.20-00.20.37:978][  0]LogUObjectArray: 21932 objects as part of root set at end of initial load.
[2022.05.20-00.20.37:978][  0]LogUObjectAllocator: 5919856 out of 0 bytes used by permanent object pool.
[2022.05.20-00.20.37:979][  0]LogUObjectArray: CloseDisregardForGC: 0/0 objects in disregard for GC pool
[2022.05.20-00.20.38:021][  0]LogClass: Display: IntProperty FBakedDataInfo::Size is not initialized properly. Module:SteamAudio File:Private/PhononProbeVolume.h
[2022.05.20-00.20.38:022][  0]LogClass: Display: 1 Uninitialized script struct members found including 0 object properties
[2022.05.20-00.20.38:023][  0]LogEngine: Initializing Engine...
[2022.05.20-00.20.38:025][  0]LogStats: UGameplayTagsManager::InitializeManager -  0.000 s
[2022.05.20-00.20.38:038][  0]LogInit: Initializing FReadOnlyCVARCache
[2022.05.20-00.20.38:038][  0]LogNetVersion: Set ProjectVersion to 1.0.0.0. Version Checksum will be recalculated on next use.
[2022.05.20-00.20.38:040][  0]LogInit: Texture streaming: Disabled
[2022.05.20-00.20.38:190][  0]LogInit: Display: Game Engine Initialized.
[2022.05.20-00.20.38:190][  0]LogNiagaraEditor: GEditor isn't valid! Particle reset commands will not work for Niagara components!
[2022.05.20-00.20.38:219][  0]LogInit: Display: Starting Game.
[2022.05.20-00.20.38:219][  0]LogNet: Browse: /Game/ThirdPersonBP/Maps/ThirdPersonExampleMap?Name=Player
[2022.05.20-00.20.38:220][  0]LogLoad: LoadMap: /Game/ThirdPersonBP/Maps/ThirdPersonExampleMap?Name=Player
[2022.05.20-00.20.38:220][  0]LogWorld: BeginTearingDown for /Temp/Untitled_0
[2022.05.20-00.20.38:222][  0]LogWorld: UWorld::CleanupWorld for Untitled, bSessionEnded=true, bCleanupResources=true
[2022.05.20-00.20.38:249][  0]LogUObjectHash: Compacting FUObjectHashTables data took   0.71ms
[2022.05.20-00.20.38:484][  0]LogAIModule: Creating AISystem for world ThirdPersonExampleMap
[2022.05.20-00.20.38:484][  0]LogLoad: Game class is 'GameMode'
[2022.05.20-00.20.38:485][  0]LogNet: PktLoss set to 0
[2022.05.20-00.20.38:485][  0]LogNet: PktLagMin set to 0
[2022.05.20-00.20.38:485][  0]LogNet: PktLagMax set to 0
[2022.05.20-00.20.38:485][  0]LogNet: PktIncomingLagMin set to 0
[2022.05.20-00.20.38:486][  0]LogNet: PktIncomingLagMax set to 0
[2022.05.20-00.20.38:486][  0]LogNet: PktIncomingLoss set to 0
[2022.05.20-00.20.38:486][  0]LogNet: PktLoss set to 0
[2022.05.20-00.20.38:486][  0]LogNet: PktLagMin set to 0
[2022.05.20-00.20.38:486][  0]LogNet: PktLagMax set to 0
[2022.05.20-00.20.38:487][  0]LogNet: PktIncomingLagMin set to 0
[2022.05.20-00.20.38:487][  0]LogNet: PktIncomingLagMax set to 0
[2022.05.20-00.20.38:487][  0]LogNet: PktIncomingLoss set to 0
[2022.05.20-00.20.38:488][  0]LogNet: PktLoss set to 0
[2022.05.20-00.20.38:488][  0]LogNet: PktLagMin set to 0
[2022.05.20-00.20.38:488][  0]LogNet: PktLagMax set to 0
[2022.05.20-00.20.38:488][  0]LogNet: PktIncomingLagMin set to 0
[2022.05.20-00.20.38:488][  0]LogNet: PktIncomingLagMax set to 0
[2022.05.20-00.20.38:488][  0]LogNet: PktIncomingLoss set to 0
[2022.05.20-00.20.38:489][  0]LogNet: ReplicationDriverClass is null! Not using ReplicationDriver.
[2022.05.20-00.20.38:489][  0]LogNetCore: DDoS detection status: detection enabled: 0 analytics enabled: 0
[2022.05.20-00.20.38:489][  0]LogInit: WinSock: Socket queue. Rx: 131072 (config 131072) Tx: 131072 (config 131072)
[2022.05.20-00.20.38:489][  0]LogNet: Created socket for bind address: 0.0.0.0 on port 17777
[2022.05.20-00.20.38:489][  0]PacketHandlerLog: Loaded PacketHandler component: Engine.EngineHandlerComponentFactory (StatelessConnectHandlerComponent)
[2022.05.20-00.20.38:490][  0]LogNet: GameNetDriver SteamNetDriver_0 IpNetDriver listening on port 17777
[2022.05.20-00.20.38:494][  0]LogWorld: Bringing World /Game/ThirdPersonBP/Maps/ThirdPersonExampleMap.ThirdPersonExampleMap up for play (max tick rate 30) at 2022.05.20-12.20.38
[2022.05.20-00.20.38:497][  0]LogWorld: Bringing up level for play took: 0.006377
[2022.05.20-00.20.38:497][  0]LogGameMode: Display: Match State Changed from EnteringMap to WaitingToStart
[2022.05.20-00.20.38:498][  0]LogGameState: Match State Changed from EnteringMap to WaitingToStart
[2022.05.20-00.20.38:498][  0]LogLoad: Took 0.277883 seconds to LoadMap(/Game/ThirdPersonBP/Maps/ThirdPersonExampleMap)
[2022.05.20-00.20.38:502][  0]LogInit: Display: Engine is initialized. Leaving FEngineLoop::Init()
[2022.05.20-00.20.38:503][  0]LogLoad: (Engine Initialization) Total time: 10.98 seconds
[2022.05.20-00.20.38:503][  0]LogLoad: (Engine Initialization) Total Blueprint compile time: 0.00 seconds
[2022.05.20-00.20.39:104][ 17]LogNet: NotifyAcceptingConnection accepted from: 127.0.0.1:56777
[2022.05.20-00.20.39:104][ 17]LogHandshake: SendConnectChallenge. Timestamp: 0.600746, Cookie: 178175087150025017139165179049050083236213079040150193027176
[2022.05.20-00.20.39:137][ 18]LogNet: NotifyAcceptingConnection accepted from: 127.0.0.1:56777
[2022.05.20-00.20.39:137][ 18]LogHandshake: SendChallengeAck. InCookie: 178175087150025017139165179049050083236213079040150193027176
[2022.05.20-00.20.39:138][ 18]LogNet: Server accepting post-challenge connection from: 127.0.0.1:56777
[2022.05.20-00.20.39:138][ 18]PacketHandlerLog: Loaded PacketHandler component: Engine.EngineHandlerComponentFactory (StatelessConnectHandlerComponent)
[2022.05.20-00.20.39:138][ 18]LogNet: NotifyAcceptedConnection: Name: ThirdPersonExampleMap, TimeStamp: 05/20/22 12:20:39, [UNetConnection] RemoteAddr: 127.0.0.1:56777, Name: SteamNetConnection_0, Driver: GameNetDriver SteamNetDriver_0, IsServer: YES, PC: NULL, Owner: NULL, UniqueId: INVALID
[2022.05.20-00.20.39:138][ 18]LogNet: AddClientConnection: Added client connection: [UNetConnection] RemoteAddr: 127.0.0.1:56777, Name: SteamNetConnection_0, Driver: GameNetDriver SteamNetDriver_0, IsServer: YES, PC: NULL, Owner: NULL, UniqueId: INVALID
[2022.05.20-00.20.39:139][ 18]LogNet: NotifyAcceptingChannel Control 0 server World /Game/ThirdPersonBP/Maps/ThirdPersonExampleMap.ThirdPersonExampleMap: Accepted
[2022.05.20-00.20.39:139][ 18]LogNet: Remote platform little endian=1
[2022.05.20-00.20.39:140][ 18]LogNet: This platform little endian=1
[2022.05.20-00.20.39:140][ 18]LogNetVersion: Station_11 1.0.0.0, NetCL: 17155196, EngineNetVer: 17, GameNetVer: 0 (Checksum: 383144663)
[2022.05.20-00.20.39:171][ 19]LogOnline: OSS: Creating online subsystem instance for: NULL
[2022.05.20-00.20.39:172][ 19]LogNet: Login request: ?Name=Hayden-PC-A1C1673640A2C52E4DD9E3AD4E48AA5F userId: NULL:Hayden-PC-A1C1673640A2C52E4DD9E3AD4E48AA5F platform: NULL
[2022.05.20-00.20.39:172][ 19]LogNet: PreLogin failure: incompatible_unique_net_id
[2022.05.20-00.20.39:205][ 20]LogNet: UChannel::ReceivedSequencedBunch: Bunch.bClose == true. ChIndex == 0. Calling ConditionalCleanUp.
[2022.05.20-00.20.39:205][ 20]LogNet: UChannel::CleanUp: ChIndex == 0. Closing connection. [UChannel] ChIndex: 0, Closing: 0 [UNetConnection] RemoteAddr: 127.0.0.1:56777, Name: SteamNetConnection_0, Driver: GameNetDriver SteamNetDriver_0, IsServer: YES, PC: NULL, Owner: NULL, UniqueId: NULL:Hayden-PC-A1C1673640A2C52E4DD9E3AD4E48AA5F
[2022.05.20-00.20.39:206][ 20]LogNet: UNetConnection::Close: [UNetConnection] RemoteAddr: 127.0.0.1:56777, Name: SteamNetConnection_0, Driver: GameNetDriver SteamNetDriver_0, IsServer: YES, PC: NULL, Owner: NULL, UniqueId: NULL:Hayden-PC-A1C1673640A2C52E4DD9E3AD4E48AA5F, Channels: 2, Time: 2022.05.20-00.20.39
[2022.05.20-00.20.39:206][ 20]LogNet: UChannel::Close: Sending CloseBunch. ChIndex == 0. Name: [UChannel] ChIndex: 0, Closing: 0 [UNetConnection] RemoteAddr: 127.0.0.1:56777, Name: SteamNetConnection_0, Driver: GameNetDriver SteamNetDriver_0, IsServer: YES, PC: NULL, Owner: NULL, UniqueId: NULL:Hayden-PC-A1C1673640A2C52E4DD9E3AD4E48AA5F
[2022.05.20-00.20.39:207][ 20]LogNet: UNetConnection::PendingConnectionLost. [UNetConnection] RemoteAddr: 127.0.0.1:56777, Name: SteamNetConnection_0, Driver: GameNetDriver SteamNetDriver_0, IsServer: YES, PC: NULL, Owner: NULL, UniqueId: NULL:Hayden-PC-A1C1673640A2C52E4DD9E3AD4E48AA5F bPendingDestroy=0 
