Log file open, 05/20/22 12:20:28
LogWindows: Failed to load 'aqProf.dll' (GetLastError=126)
LogWindows: File 'aqProf.dll' does not exist
LogWindows: Failed to load 'VtuneApi.dll' (GetLastError=126)
LogWindows: File 'VtuneApi.dll' does not exist
LogWindows: Failed to load 'VtuneApi32e.dll' (GetLastError=126)
LogWindows: File 'VtuneApi32e.dll' does not exist
LogConsoleResponse: Display: Failed to find resolution value strings in scalability ini. Falling back to default.
LogConsoleResponse: Display: Failed to find resolution value strings in scalability ini. Falling back to default.
LogInit: Display: Running engine for game: Station_11
LogPlatformFile: Not using cached read wrapper
LogTaskGraph: Started task graph with 5 named threads and 26 total threads with 3 sets of task threads.
LogStats: Stats thread started at 0.452017
LogICUInternationalization: ICU TimeZone Detection - Raw Offset: +12:00, Platform Override: ''
LogInit: Display: Loading text-based GConfig....
LogPluginManager: Mounting plugin MeshPainting
LogPluginManager: Mounting plugin XGEController
LogPluginManager: Mounting plugin Paper2D
LogPluginManager: Mounting plugin LiveLink
LogPluginManager: Mounting plugin AISupport
LogPluginManager: Mounting plugin EnvironmentQueryEditor
LogPluginManager: Mounting plugin LightPropagationVolume
LogPluginManager: Mounting plugin CameraShakePreviewer
LogPluginManager: Mounting plugin GameplayCameras
LogPluginManager: Mounting plugin OodleData
LogPluginManager: Mounting plugin OodleNetwork
LogPluginManager: Mounting plugin AnimationSharing
LogPluginManager: Mounting plugin CLionSourceCodeAccess
LogPluginManager: Mounting plugin CodeLiteSourceCodeAccess
LogPluginManager: Mounting plugin GitSourceControl
LogPluginManager: Mounting plugin KDevelopSourceCodeAccess
LogPluginManager: Mounting plugin NullSourceCodeAccess
LogPluginManager: Mounting plugin PixWinPlugin
LogPluginManager: Mounting plugin PerforceSourceControl
LogPluginManager: Mounting plugin PlasticSourceControl
LogPluginManager: Mounting plugin PluginUtils
LogPluginManager: Mounting plugin RiderSourceCodeAccess
LogPluginManager: Mounting plugin SubversionSourceControl
LogPluginManager: Mounting plugin TextureFormatOodle
LogPluginManager: Mounting plugin UObjectPlugin
LogPluginManager: Mounting plugin XCodeSourceCodeAccess
LogPluginManager: Mounting plugin VisualStudioSourceCodeAccess
LogPluginManager: Mounting plugin AssetManagerEditor
LogPluginManager: Mounting plugin VisualStudioCodeSourceCodeAccess
LogPluginManager: Mounting plugin CryptoKeys
LogPluginManager: Mounting plugin CurveEditorTools
LogPluginManager: Mounting plugin DataValidation
LogPluginManager: Mounting plugin GameplayTagsEditor
LogPluginManager: Mounting plugin MacGraphicsSwitching
LogPluginManager: Mounting plugin MaterialAnalyzer
LogPluginManager: Mounting plugin MobileLauncherProfileWizard
LogPluginManager: Mounting plugin PluginBrowser
LogPluginManager: Mounting plugin SpeedTreeImporter
LogPluginManager: Mounting plugin DatasmithContent
LogPluginManager: Mounting plugin VariantManagerContent
LogPluginManager: Mounting plugin AlembicImporter
LogPluginManager: Mounting plugin AutomationUtils
LogPluginManager: Mounting plugin BackChannel
LogPluginManager: Mounting plugin ChaosCloth
LogPluginManager: Mounting plugin ChaosClothEditor
LogPluginManager: Mounting plugin ChaosEditor
LogPluginManager: Mounting plugin ChaosNiagara
LogPluginManager: Mounting plugin ChaosSolverPlugin
LogPluginManager: Mounting plugin CharacterAI
LogPluginManager: Mounting plugin GeometryCache
LogPluginManager: Mounting plugin Niagara
LogPluginManager: Mounting plugin GeometryCollectionPlugin
LogPluginManager: Mounting plugin GeometryProcessing
LogPluginManager: Mounting plugin OpenImageDenoise
LogPluginManager: Mounting plugin PlanarCut
LogPluginManager: Mounting plugin PlatformCrypto
LogPluginManager: Mounting plugin PythonScriptPlugin
LogPluginManager: Mounting plugin ProxyLODPlugin
LogPluginManager: Mounting plugin SkeletalReduction
LogPluginManager: Mounting plugin LuminPlatformFeatures
LogPluginManager: Mounting plugin MagicLeap
LogPluginManager: Mounting plugin MagicLeapLightEstimation
LogPluginManager: Mounting plugin MagicLeapMedia
LogPluginManager: Mounting plugin MagicLeapPassableWorld
LogPluginManager: Mounting plugin MLSDK
LogPluginManager: Mounting plugin AndroidMedia
LogPluginManager: Mounting plugin AvfMedia
LogPluginManager: Mounting plugin ImgMedia
LogPluginManager: Mounting plugin MediaCompositing
LogPluginManager: Mounting plugin MediaPlayerEditor
LogPluginManager: Mounting plugin WmfMedia
LogPluginManager: Mounting plugin ActorSequence
LogPluginManager: Mounting plugin TcpMessaging
LogPluginManager: Mounting plugin UdpMessaging
LogPluginManager: Mounting plugin LevelSequenceEditor
LogPluginManager: Mounting plugin MatineeToLevelSequence
LogPluginManager: Mounting plugin TemplateSequence
LogPluginManager: Mounting plugin OnlineSubsystem
LogPluginManager: Mounting plugin OnlineSubsystemNull
LogPluginManager: Mounting plugin OnlineSubsystemSteam
LogPluginManager: Mounting plugin OnlineSubsystemUtils
LogPluginManager: Mounting plugin LauncherChunkInstaller
LogPluginManager: Mounting plugin ActorLayerUtilities
LogPluginManager: Mounting plugin AndroidDeviceProfileSelector
LogPluginManager: Mounting plugin AndroidMoviePlayer
LogPluginManager: Mounting plugin AndroidPermission
LogPluginManager: Mounting plugin AppleImageUtils
LogPluginManager: Mounting plugin AppleMoviePlayer
LogPluginManager: Mounting plugin GeometryMode
LogPluginManager: Mounting plugin ArchVisCharacter
LogPluginManager: Mounting plugin AssetTags
LogPluginManager: Mounting plugin AudioCapture
LogPluginManager: Mounting plugin AudioSynesthesia
LogPluginManager: Mounting plugin CableComponent
LogPluginManager: Mounting plugin ChunkDownloader
LogPluginManager: Mounting plugin CustomMeshComponent
LogPluginManager: Mounting plugin EditableMesh
LogPluginManager: Mounting plugin ExampleDeviceProfileSelector
LogPluginManager: Mounting plugin GoogleCloudMessaging
LogPluginManager: Mounting plugin GooglePAD
LogPluginManager: Mounting plugin IOSDeviceProfileSelector
LogPluginManager: Mounting plugin LinuxDeviceProfileSelector
LogPluginManager: Mounting plugin LocationServicesBPLibrary
LogPluginManager: Mounting plugin MobilePatchingUtils
LogPluginManager: Mounting plugin OpenXR
LogPluginManager: Mounting plugin OpenXREyeTracker
LogPluginManager: Mounting plugin OpenXRHandTracking
LogPluginManager: Mounting plugin PhysXVehicles
LogPluginManager: Mounting plugin PostSplashScreen
LogPluginManager: Mounting plugin ProceduralMeshComponent
LogPluginManager: Mounting plugin PropertyAccessEditor
LogPluginManager: Mounting plugin SignificanceManager
LogPluginManager: Mounting plugin RuntimePhysXCooking
LogPluginManager: Mounting plugin SoundFields
LogPluginManager: Mounting plugin Synthesis
LogPluginManager: Mounting plugin WebMMoviePlayer
LogPluginManager: Mounting plugin WindowsMoviePlayer
LogPluginManager: Mounting plugin ScreenshotTools
LogPluginManager: Mounting plugin WebMMedia
LogPluginManager: Mounting plugin Takes
LogPluginManager: Mounting plugin PropertyAccessNode
LogPluginManager: Mounting plugin FacialAnimation
LogPluginManager: Mounting plugin MotoSynth
LogPluginManager: Mounting plugin ContentBrowserAssetDataSource
LogPluginManager: Mounting plugin ContentBrowserClassDataSource
LogPluginManager: Mounting plugin ContentBrowserFileDataSource
LogPluginManager: Mounting plugin OnlineSubsystemGooglePlay
LogPluginManager: Mounting plugin OnlineSubsystemIOS
LogPluginManager: Mounting plugin OculusVR
LogPluginManager: Mounting plugin SteamAudio
LogPluginManager: Mounting plugin SteamShared
LogPluginManager: Mounting plugin SteamVR
PixWinPlugin: PIX capture plugin failed to initialize! Check that the process is launched from PIX.
LogInit: Using libcurl 7.55.1-DEV
LogInit:  - built for x86_64-pc-win32
LogInit:  - supports SSL with OpenSSL/1.1.1
LogInit:  - supports HTTP deflate (compression) using libz 1.2.8
LogInit:  - other features:
LogInit:      CURL_VERSION_SSL
LogInit:      CURL_VERSION_LIBZ
LogInit:      CURL_VERSION_IPV6
LogInit:      CURL_VERSION_ASYNCHDNS
LogInit:      CURL_VERSION_LARGEFILE
LogInit:      CURL_VERSION_IDN
LogInit:  CurlRequestOptions (configurable via config and command line):
LogInit:  - bVerifyPeer = true  - Libcurl will verify peer certificate
LogInit:  - bUseHttpProxy = false  - Libcurl will NOT use HTTP proxy
LogInit:  - bDontReuseConnections = false  - Libcurl will reuse connections
LogInit:  - MaxHostConnections = 16  - Libcurl will limit the number of connections to a host
LogInit:  - LocalHostAddr = Default
LogInit:  - BufferSize = 65536
LogSteamShared: Display: Loading Steam SDK 1.51
LogSteamShared: Steam SDK Loaded!
LogOnline: OSS: Creating online subsystem instance for: Steam
LogSteamShared: Warning: SteamAPI failed to initialize, conditions not met.
LogOnline: Warning: STEAM: Steamworks: SteamUtils() failed!
LogOnline: Warning: STEAM: Steamworks: SteamUser() failed!
LogOnline: Warning: STEAM: Steamworks: SteamFriends() failed!
LogOnline: Warning: STEAM: Steamworks: SteamRemoteStorage() failed!
LogOnline: Warning: STEAM: Steamworks: SteamUserStats() failed!
LogOnline: Warning: STEAM: Steamworks: SteamMatchmakingServers() failed!
LogOnline: Warning: STEAM: Steamworks: SteamApps() failed!
LogOnline: Warning: STEAM: Steamworks: SteamNetworking() failed!
LogOnline: Warning: STEAM: Steamworks: SteamMatchmaking() failed!
LogOnline: STEAM: [AppId: 0] Client API initialized 0
LogOnline: Display: STEAM: OnlineSubsystemSteam::Shutdown()
LogOnline: Warning: STEAM: Steam API failed to initialize!
LogOnline: Display: STEAM: OnlineSubsystemSteam::Shutdown()
LogOnline: OSS: Unable to create OnlineSubsystem module Steam
LogOnline: OSS: Creating online subsystem instance for: NULL
LogInit: WinSock: version 1.1 (2.2), MaxSocks=32767, MaxUdp=65467
LogOnline: OSS: TryLoadSubsystemAndSetDefault: Loaded subsystem for module [NULL]
LogOculusPluginWrapper: OculusPlugin initialized successfully
LogHMD: Failed initializing OVRPlugin 1.59.0
LogInit: Build: ++UE4+Release-4.27-CL-18319896
LogInit: Engine Version: 4.27.2-18319896+++UE4+Release-4.27
LogInit: Compatible Engine Version: 4.27.0-17155196+++UE4+Release-4.27
LogInit: Net CL: 17155196
LogInit: OS: Windows 10 (Release 2009) (), CPU: Intel(R) Core(TM) i7-9700K CPU @ 3.60GHz, GPU: NVIDIA GeForce GTX 1060 6GB
LogInit: Compiled (64-bit): Nov 30 2021 07:12:08
LogInit: Compiled with Visual C++: 19.24.28315.00
LogInit: Build Configuration: Development
LogInit: Branch Name: ++UE4+Release-4.27
LogInit: Command Line:  127.0.0.1:17777 -game -PIEVIACONSOLE -Multiprocess "GameUserSettingsINI=D:/Polytech Work/Year-3/Game dev/Space-Porject/Station11Game/Station_11_BIT/Saved/Config/Windows/PIEGameUserSettings0.ini" -MultiprocessSaveConfig -forcepassthrough -messaging -SessionName="Play in Standalone Game" -windowed -WinX=0 -WinY=24 SAVEWINPOS=1 -ResX=640 -ResY=480
LogInit: Base Directory: D:/Unreal Engine/UE_4.27/Engine/Binaries/Win64/
LogInit: Allocator: TBB
LogInit: Installed Engine Build: 1
LogDevObjectVersion: Number of dev versions registered: 29
LogDevObjectVersion:   Dev-Blueprints (B0D832E4-1F89-4F0D-ACCF-7EB736FD4AA2): 10
LogDevObjectVersion:   Dev-Build (E1C64328-A22C-4D53-A36C-8E866417BD8C): 0
LogDevObjectVersion:   Dev-Core (375EC13C-06E4-48FB-B500-84F0262A717E): 4
LogDevObjectVersion:   Dev-Editor (E4B068ED-F494-42E9-A231-DA0B2E46BB41): 40
LogDevObjectVersion:   Dev-Framework (CFFC743F-43B0-4480-9391-14DF171D2073): 37
LogDevObjectVersion:   Dev-Mobile (B02B49B5-BB20-44E9-A304-32B752E40360): 3
LogDevObjectVersion:   Dev-Networking (A4E4105C-59A1-49B5-A7C5-40C4547EDFEE): 0
LogDevObjectVersion:   Dev-Online (39C831C9-5AE6-47DC-9A44-9C173E1C8E7C): 0
LogDevObjectVersion:   Dev-Physics (78F01B33-EBEA-4F98-B9B4-84EACCB95AA2): 14
LogDevObjectVersion:   Dev-Platform (6631380F-2D4D-43E0-8009-CF276956A95A): 0
LogDevObjectVersion:   Dev-Rendering (12F88B9F-8875-4AFC-A67C-D90C383ABD29): 45
LogDevObjectVersion:   Dev-Sequencer (7B5AE74C-D270-4C10-A958-57980B212A5A): 13
LogDevObjectVersion:   Dev-VR (D7296918-1DD6-4BDD-9DE2-64A83CC13884): 3
LogDevObjectVersion:   Dev-LoadTimes (C2A15278-BFE7-4AFE-6C17-90FF531DF755): 1
LogDevObjectVersion:   Private-Geometry (6EACA3D4-40EC-4CC1-B786-8BED09428FC5): 3
LogDevObjectVersion:   Dev-AnimPhys (29E575DD-E0A3-4627-9D10-D276232CDCEA): 17
LogDevObjectVersion:   Dev-Anim (AF43A65D-7FD3-4947-9873-3E8ED9C1BB05): 15
LogDevObjectVersion:   Dev-ReflectionCapture (6B266CEC-1EC7-4B8F-A30B-E4D90942FC07): 1
LogDevObjectVersion:   Dev-Automation (0DF73D61-A23F-47EA-B727-89E90C41499A): 1
LogDevObjectVersion:   FortniteMain (601D1886-AC64-4F84-AA16-D3DE0DEAC7D6): 47
LogDevObjectVersion:   FortniteRelease (E7086368-6B23-4C58-8439-1B7016265E91): 1
LogDevObjectVersion:   Dev-Enterprise (9DFFBCD6-494F-0158-E221-12823C92A888): 10
LogDevObjectVersion:   Dev-Niagara (F2AED0AC-9AFE-416F-8664-AA7FFA26D6FC): 1
LogDevObjectVersion:   Dev-Destruction (174F1F0B-B4C6-45A5-B13F-2EE8D0FB917D): 10
LogDevObjectVersion:   Dev-Physics-Ext (35F94A83-E258-406C-A318-09F59610247C): 41
LogDevObjectVersion:   Dev-PhysicsMaterial-Chaos (B68FC16E-8B1B-42E2-B453-215C058844FE): 1
LogDevObjectVersion:   Dev-CineCamera (B2E18506-4273-CFC2-A54E-F4BB758BBA07): 1
LogDevObjectVersion:   Dev-VirtualProduction (64F58936-FD1B-42BA-BA96-7289D5D0FA4E): 1
LogDevObjectVersion:   Dev-MediaFramework (6F0ED827-A609-4895-9C91-998D90180EA4): 2
LogInit: Presizing for max 25165824 objects, including 0 objects not considered by GC, pre-allocating 0 bytes for permanent pool.
LogConfig: Applying CVar settings from Section [/Script/Engine.StreamingSettings] File [D:/Polytech Work/Year-3/Game dev/Space-Porject/Station11Game/Station_11_BIT/Saved/Config/Windows/Engine.ini]
LogConfig: Setting CVar [[s.MinBulkDataSizeForAsyncLoading:131072]]
LogConfig: Setting CVar [[s.AsyncLoadingThreadEnabled:0]]
LogConfig: Setting CVar [[s.EventDrivenLoaderEnabled:1]]
LogConfig: Setting CVar [[s.WarnIfTimeLimitExceeded:0]]
LogConfig: Setting CVar [[s.TimeLimitExceededMultiplier:1.5]]
LogConfig: Setting CVar [[s.TimeLimitExceededMinTime:0.005]]
LogConfig: Setting CVar [[s.UseBackgroundLevelStreaming:1]]
LogConfig: Setting CVar [[s.PriorityAsyncLoadingExtraTime:15.0]]
LogConfig: Setting CVar [[s.LevelStreamingActorsUpdateTimeLimit:5.0]]
LogConfig: Setting CVar [[s.PriorityLevelStreamingActorsUpdateExtraTime:5.0]]
LogConfig: Setting CVar [[s.LevelStreamingComponentsRegistrationGranularity:10]]
LogConfig: Setting CVar [[s.UnregisterComponentsTimeLimit:1.0]]
LogConfig: Setting CVar [[s.LevelStreamingComponentsUnregistrationGranularity:5]]
LogConfig: Setting CVar [[s.FlushStreamingOnExit:1]]
LogInit: Object subsystem initialized
LogConfig: Setting CVar [[con.DebugEarlyDefault:1]]
LogConfig: Setting CVar [[r.setres:1280x720]]
[2022.05.20-00.20.29:042][  0]LogConfig: Setting CVar [[con.DebugEarlyDefault:1]]
[2022.05.20-00.20.29:042][  0]LogConfig: Setting CVar [[r.setres:1280x720]]
[2022.05.20-00.20.29:042][  0]LogConfig: Applying CVar settings from Section [/Script/Engine.RendererSettings] File [D:/Polytech Work/Year-3/Game dev/Space-Porject/Station11Game/Station_11_BIT/Saved/Config/Windows/Engine.ini]
[2022.05.20-00.20.29:042][  0]LogConfig: Setting CVar [[r.GPUCrashDebugging:0]]
[2022.05.20-00.20.29:042][  0]LogConfig: Applying CVar settings from Section [/Script/Engine.RendererOverrideSettings] File [D:/Polytech Work/Year-3/Game dev/Space-Porject/Station11Game/Station_11_BIT/Saved/Config/Windows/Engine.ini]
[2022.05.20-00.20.29:042][  0]LogConfig: Applying CVar settings from Section [/Script/Engine.StreamingSettings] File [D:/Polytech Work/Year-3/Game dev/Space-Porject/Station11Game/Station_11_BIT/Saved/Config/Windows/Engine.ini]
[2022.05.20-00.20.29:042][  0]LogConfig: Setting CVar [[s.MinBulkDataSizeForAsyncLoading:131072]]
[2022.05.20-00.20.29:042][  0]LogConfig: Setting CVar [[s.AsyncLoadingThreadEnabled:0]]
[2022.05.20-00.20.29:042][  0]LogConfig: Setting CVar [[s.EventDrivenLoaderEnabled:1]]
[2022.05.20-00.20.29:042][  0]LogConfig: Setting CVar [[s.WarnIfTimeLimitExceeded:0]]
[2022.05.20-00.20.29:042][  0]LogConfig: Setting CVar [[s.TimeLimitExceededMultiplier:1.5]]
[2022.05.20-00.20.29:042][  0]LogConfig: Setting CVar [[s.TimeLimitExceededMinTime:0.005]]
[2022.05.20-00.20.29:042][  0]LogConfig: Setting CVar [[s.UseBackgroundLevelStreaming:1]]
[2022.05.20-00.20.29:042][  0]LogConfig: Setting CVar [[s.PriorityAsyncLoadingExtraTime:15.0]]
[2022.05.20-00.20.29:042][  0]LogConfig: Setting CVar [[s.LevelStreamingActorsUpdateTimeLimit:5.0]]
[2022.05.20-00.20.29:042][  0]LogConfig: Setting CVar [[s.PriorityLevelStreamingActorsUpdateExtraTime:5.0]]
[2022.05.20-00.20.29:042][  0]LogConfig: Setting CVar [[s.LevelStreamingComponentsRegistrationGranularity:10]]
[2022.05.20-00.20.29:042][  0]LogConfig: Setting CVar [[s.UnregisterComponentsTimeLimit:1.0]]
[2022.05.20-00.20.29:042][  0]LogConfig: Setting CVar [[s.LevelStreamingComponentsUnregistrationGranularity:5]]
[2022.05.20-00.20.29:042][  0]LogConfig: Setting CVar [[s.FlushStreamingOnExit:1]]
[2022.05.20-00.20.29:042][  0]LogConfig: Applying CVar settings from Section [/Script/Engine.GarbageCollectionSettings] File [D:/Polytech Work/Year-3/Game dev/Space-Porject/Station11Game/Station_11_BIT/Saved/Config/Windows/Engine.ini]
[2022.05.20-00.20.29:042][  0]LogConfig: Setting CVar [[gc.MaxObjectsNotConsideredByGC:1]]
[2022.05.20-00.20.29:043][  0]LogConfig: Setting CVar [[gc.SizeOfPermanentObjectPool:0]]
[2022.05.20-00.20.29:043][  0]LogConfig: Setting CVar [[gc.FlushStreamingOnGC:0]]
[2022.05.20-00.20.29:043][  0]LogConfig: Setting CVar [[gc.NumRetriesBeforeForcingGC:10]]
[2022.05.20-00.20.29:043][  0]LogConfig: Setting CVar [[gc.AllowParallelGC:1]]
[2022.05.20-00.20.29:043][  0]LogConfig: Setting CVar [[gc.TimeBetweenPurgingPendingKillObjects:61.1]]
[2022.05.20-00.20.29:043][  0]LogConfig: Setting CVar [[gc.MaxObjectsInEditor:25165824]]
[2022.05.20-00.20.29:043][  0]LogConfig: Setting CVar [[gc.IncrementalBeginDestroyEnabled:1]]
[2022.05.20-00.20.29:043][  0]LogConfig: Setting CVar [[gc.CreateGCClusters:1]]
[2022.05.20-00.20.29:043][  0]LogConfig: Setting CVar [[gc.MinGCClusterSize:5]]
[2022.05.20-00.20.29:043][  0]LogConfig: Setting CVar [[gc.ActorClusteringEnabled:0]]
[2022.05.20-00.20.29:043][  0]LogConfig: Setting CVar [[gc.BlueprintClusteringEnabled:0]]
[2022.05.20-00.20.29:043][  0]LogConfig: Setting CVar [[gc.UseDisregardForGCOnDedicatedServers:0]]
[2022.05.20-00.20.29:043][  0]LogConfig: Setting CVar [[gc.MultithreadedDestructionEnabled:1]]
[2022.05.20-00.20.29:043][  0]LogConfig: Applying CVar settings from Section [/Script/Engine.NetworkSettings] File [D:/Polytech Work/Year-3/Game dev/Space-Porject/Station11Game/Station_11_BIT/Saved/Config/Windows/Engine.ini]
[2022.05.20-00.20.29:043][  0]LogConfig: Applying CVar settings from Section [/Script/UnrealEd.CookerSettings] File [D:/Polytech Work/Year-3/Game dev/Space-Porject/Station11Game/Station_11_BIT/Saved/Config/Windows/Engine.ini]
[2022.05.20-00.20.29:063][  0]LogConfig: Applying CVar settings from Section [ViewDistanceQuality@3] File [D:/Polytech Work/Year-3/Game dev/Space-Porject/Station11Game/Station_11_BIT/Saved/Config/Windows/Scalability.ini]
[2022.05.20-00.20.29:063][  0]LogConfig: Setting CVar [[r.SkeletalMeshLODBias:0]]
[2022.05.20-00.20.29:063][  0]LogConfig: Setting CVar [[r.ViewDistanceScale:1.0]]
[2022.05.20-00.20.29:063][  0]LogConfig: Applying CVar settings from Section [AntiAliasingQuality@3] File [D:/Polytech Work/Year-3/Game dev/Space-Porject/Station11Game/Station_11_BIT/Saved/Config/Windows/Scalability.ini]
[2022.05.20-00.20.29:063][  0]LogConfig: Setting CVar [[r.PostProcessAAQuality:4]]
[2022.05.20-00.20.29:063][  0]LogConfig: Applying CVar settings from Section [ShadowQuality@3] File [D:/Polytech Work/Year-3/Game dev/Space-Porject/Station11Game/Station_11_BIT/Saved/Config/Windows/Scalability.ini]
[2022.05.20-00.20.29:063][  0]LogConfig: Setting CVar [[r.LightFunctionQuality:1]]
[2022.05.20-00.20.29:063][  0]LogConfig: Setting CVar [[r.ShadowQuality:5]]
[2022.05.20-00.20.29:063][  0]LogConfig: Setting CVar [[r.Shadow.CSM.MaxCascades:10]]
[2022.05.20-00.20.29:063][  0]LogConfig: Setting CVar [[r.Shadow.MaxResolution:2048]]
[2022.05.20-00.20.29:063][  0]LogConfig: Setting CVar [[r.Shadow.MaxCSMResolution:2048]]
[2022.05.20-00.20.29:063][  0]LogConfig: Setting CVar [[r.Shadow.RadiusThreshold:0.01]]
[2022.05.20-00.20.29:063][  0]LogConfig: Setting CVar [[r.Shadow.DistanceScale:1.0]]
[2022.05.20-00.20.29:063][  0]LogConfig: Setting CVar [[r.Shadow.CSM.TransitionScale:1.0]]
[2022.05.20-00.20.29:063][  0]LogConfig: Setting CVar [[r.Shadow.PreShadowResolutionFactor:1.0]]
[2022.05.20-00.20.29:063][  0]LogConfig: Setting CVar [[r.DistanceFieldShadowing:1]]
[2022.05.20-00.20.29:063][  0]LogConfig: Setting CVar [[r.DistanceFieldAO:1]]
[2022.05.20-00.20.29:063][  0]LogConfig: Setting CVar [[r.AOQuality:2]]
[2022.05.20-00.20.29:063][  0]LogConfig: Setting CVar [[r.VolumetricFog:1]]
[2022.05.20-00.20.29:063][  0]LogConfig: Setting CVar [[r.VolumetricFog.GridPixelSize:8]]
[2022.05.20-00.20.29:063][  0]LogConfig: Setting CVar [[r.VolumetricFog.GridSizeZ:128]]
[2022.05.20-00.20.29:063][  0]LogConfig: Setting CVar [[r.VolumetricFog.HistoryMissSupersampleCount:4]]
[2022.05.20-00.20.29:063][  0]LogConfig: Setting CVar [[r.LightMaxDrawDistanceScale:1]]
[2022.05.20-00.20.29:063][  0]LogConfig: Setting CVar [[r.CapsuleShadows:1]]
[2022.05.20-00.20.29:063][  0]LogConfig: Applying CVar settings from Section [PostProcessQuality@3] File [D:/Polytech Work/Year-3/Game dev/Space-Porject/Station11Game/Station_11_BIT/Saved/Config/Windows/Scalability.ini]
[2022.05.20-00.20.29:063][  0]LogConfig: Setting CVar [[r.MotionBlurQuality:4]]
[2022.05.20-00.20.29:063][  0]LogConfig: Setting CVar [[r.AmbientOcclusionMipLevelFactor:0.4]]
[2022.05.20-00.20.29:063][  0]LogConfig: Setting CVar [[r.AmbientOcclusionMaxQuality:100]]
[2022.05.20-00.20.29:063][  0]LogConfig: Setting CVar [[r.AmbientOcclusionLevels:-1]]
[2022.05.20-00.20.29:063][  0]LogConfig: Setting CVar [[r.AmbientOcclusionRadiusScale:1.0]]
[2022.05.20-00.20.29:063][  0]LogConfig: Setting CVar [[r.DepthOfFieldQuality:2]]
[2022.05.20-00.20.29:063][  0]LogConfig: Setting CVar [[r.RenderTargetPoolMin:400]]
[2022.05.20-00.20.29:063][  0]LogConfig: Setting CVar [[r.LensFlareQuality:2]]
[2022.05.20-00.20.29:063][  0]LogConfig: Setting CVar [[r.SceneColorFringeQuality:1]]
[2022.05.20-00.20.29:063][  0]LogConfig: Setting CVar [[r.EyeAdaptationQuality:2]]
[2022.05.20-00.20.29:063][  0]LogConfig: Setting CVar [[r.BloomQuality:5]]
[2022.05.20-00.20.29:063][  0]LogConfig: Setting CVar [[r.FastBlurThreshold:100]]
[2022.05.20-00.20.29:063][  0]LogConfig: Setting CVar [[r.Upscale.Quality:3]]
[2022.05.20-00.20.29:063][  0]LogConfig: Setting CVar [[r.Tonemapper.GrainQuantization:1]]
[2022.05.20-00.20.29:064][  0]LogConfig: Setting CVar [[r.LightShaftQuality:1]]
[2022.05.20-00.20.29:064][  0]LogConfig: Setting CVar [[r.Filter.SizeScale:1]]
[2022.05.20-00.20.29:064][  0]LogConfig: Setting CVar [[r.Tonemapper.Quality:5]]
[2022.05.20-00.20.29:064][  0]LogConfig: Setting CVar [[r.DOF.Gather.AccumulatorQuality:1        ; higher gathering accumulator quality]]
[2022.05.20-00.20.29:064][  0]LogConfig: Setting CVar [[r.DOF.Gather.PostfilterMethod:1          ; Median3x3 postfilering method]]
[2022.05.20-00.20.29:064][  0]LogConfig: Setting CVar [[r.DOF.Gather.EnableBokehSettings:0       ; no bokeh simulation when gathering]]
[2022.05.20-00.20.29:064][  0]LogConfig: Setting CVar [[r.DOF.Gather.RingCount:4                 ; medium number of samples when gathering]]
[2022.05.20-00.20.29:064][  0]LogConfig: Setting CVar [[r.DOF.Scatter.ForegroundCompositing:1    ; additive foreground scattering]]
[2022.05.20-00.20.29:064][  0]LogConfig: Setting CVar [[r.DOF.Scatter.BackgroundCompositing:2    ; additive background scattering]]
[2022.05.20-00.20.29:064][  0]LogConfig: Setting CVar [[r.DOF.Scatter.EnableBokehSettings:1      ; bokeh simulation when scattering]]
[2022.05.20-00.20.29:064][  0]LogConfig: Setting CVar [[r.DOF.Scatter.MaxSpriteRatio:0.1         ; only a maximum of 10% of scattered bokeh]]
[2022.05.20-00.20.29:064][  0]LogConfig: Setting CVar [[r.DOF.Recombine.Quality:1                ; cheap slight out of focus]]
[2022.05.20-00.20.29:064][  0]LogConfig: Setting CVar [[r.DOF.Recombine.EnableBokehSettings:0    ; no bokeh simulation on slight out of focus]]
[2022.05.20-00.20.29:064][  0]LogConfig: Setting CVar [[r.DOF.TemporalAAQuality:1                ; more stable temporal accumulation]]
[2022.05.20-00.20.29:064][  0]LogConfig: Setting CVar [[r.DOF.Kernel.MaxForegroundRadius:0.025]]
[2022.05.20-00.20.29:064][  0]LogConfig: Setting CVar [[r.DOF.Kernel.MaxBackgroundRadius:0.025]]
[2022.05.20-00.20.29:064][  0]LogConfig: Applying CVar settings from Section [TextureQuality@3] File [D:/Polytech Work/Year-3/Game dev/Space-Porject/Station11Game/Station_11_BIT/Saved/Config/Windows/Scalability.ini]
[2022.05.20-00.20.29:064][  0]LogConfig: Setting CVar [[r.Streaming.MipBias:0]]
[2022.05.20-00.20.29:064][  0]LogConfig: Setting CVar [[r.Streaming.AmortizeCPUToGPUCopy:0]]
[2022.05.20-00.20.29:064][  0]LogConfig: Setting CVar [[r.Streaming.MaxNumTexturesToStreamPerFrame:0]]
[2022.05.20-00.20.29:064][  0]LogConfig: Setting CVar [[r.Streaming.Boost:1]]
[2022.05.20-00.20.29:064][  0]LogConfig: Setting CVar [[r.MaxAnisotropy:8]]
[2022.05.20-00.20.29:064][  0]LogConfig: Setting CVar [[r.VT.MaxAnisotropy:8]]
[2022.05.20-00.20.29:064][  0]LogConfig: Setting CVar [[r.Streaming.LimitPoolSizeToVRAM:0]]
[2022.05.20-00.20.29:064][  0]LogConfig: Setting CVar [[r.Streaming.PoolSize:1000]]
[2022.05.20-00.20.29:064][  0]LogConfig: Setting CVar [[r.Streaming.MaxEffectiveScreenSize:0]]
[2022.05.20-00.20.29:064][  0]LogConfig: Applying CVar settings from Section [EffectsQuality@3] File [D:/Polytech Work/Year-3/Game dev/Space-Porject/Station11Game/Station_11_BIT/Saved/Config/Windows/Scalability.ini]
[2022.05.20-00.20.29:064][  0]LogConfig: Setting CVar [[r.TranslucencyLightingVolumeDim:64]]
[2022.05.20-00.20.29:064][  0]LogConfig: Setting CVar [[r.RefractionQuality:2]]
[2022.05.20-00.20.29:064][  0]LogConfig: Setting CVar [[r.SSR.Quality:3]]
[2022.05.20-00.20.29:064][  0]LogConfig: Setting CVar [[r.SSR.HalfResSceneColor:0]]
[2022.05.20-00.20.29:064][  0]LogConfig: Setting CVar [[r.SceneColorFormat:4]]
[2022.05.20-00.20.29:064][  0]LogConfig: Setting CVar [[r.DetailMode:2]]
[2022.05.20-00.20.29:064][  0]LogConfig: Setting CVar [[r.TranslucencyVolumeBlur:1]]
[2022.05.20-00.20.29:064][  0]LogConfig: Setting CVar [[r.MaterialQualityLevel:1 ; High quality]]
[2022.05.20-00.20.29:064][  0]LogConfig: Setting CVar [[r.AnisotropicMaterials:1]]
[2022.05.20-00.20.29:064][  0]LogConfig: Setting CVar [[r.SSS.Scale:1]]
[2022.05.20-00.20.29:064][  0]LogConfig: Setting CVar [[r.SSS.SampleSet:2]]
[2022.05.20-00.20.29:064][  0]LogConfig: Setting CVar [[r.SSS.Quality:1]]
[2022.05.20-00.20.29:064][  0]LogConfig: Setting CVar [[r.SSS.HalfRes:0]]
[2022.05.20-00.20.29:064][  0]LogConfig: Setting CVar [[r.SSGI.Quality:3]]
[2022.05.20-00.20.29:064][  0]LogConfig: Setting CVar [[r.EmitterSpawnRateScale:1.0]]
[2022.05.20-00.20.29:064][  0]LogConfig: Setting CVar [[r.ParticleLightQuality:2]]
[2022.05.20-00.20.29:064][  0]LogConfig: Setting CVar [[r.SkyAtmosphere.AerialPerspectiveLUT.FastApplyOnOpaque:1 ; Always have FastSkyLUT 1 in this case to avoid wrong sky]]
[2022.05.20-00.20.29:064][  0]LogConfig: Setting CVar [[r.SkyAtmosphere.AerialPerspectiveLUT.SampleCountMaxPerSlice:4]]
[2022.05.20-00.20.29:064][  0]LogConfig: Setting CVar [[r.SkyAtmosphere.AerialPerspectiveLUT.DepthResolution:16.0]]
[2022.05.20-00.20.29:064][  0]LogConfig: Setting CVar [[r.SkyAtmosphere.FastSkyLUT:1]]
[2022.05.20-00.20.29:064][  0]LogConfig: Setting CVar [[r.SkyAtmosphere.FastSkyLUT.SampleCountMin:4.0]]
[2022.05.20-00.20.29:064][  0]LogConfig: Setting CVar [[r.SkyAtmosphere.FastSkyLUT.SampleCountMax:128.0]]
[2022.05.20-00.20.29:064][  0]LogConfig: Setting CVar [[r.SkyAtmosphere.SampleCountMin:4.0]]
[2022.05.20-00.20.29:064][  0]LogConfig: Setting CVar [[r.SkyAtmosphere.SampleCountMax:128.0]]
[2022.05.20-00.20.29:064][  0]LogConfig: Setting CVar [[r.SkyAtmosphere.TransmittanceLUT.UseSmallFormat:0]]
[2022.05.20-00.20.29:064][  0]LogConfig: Setting CVar [[r.SkyAtmosphere.TransmittanceLUT.SampleCount:10.0]]
[2022.05.20-00.20.29:064][  0]LogConfig: Setting CVar [[r.SkyAtmosphere.MultiScatteringLUT.SampleCount:15.0]]
[2022.05.20-00.20.29:064][  0]LogConfig: Setting CVar [[r.SkyLight.RealTimeReflectionCapture:1]]
[2022.05.20-00.20.29:064][  0]LogConfig: Applying CVar settings from Section [FoliageQuality@3] File [D:/Polytech Work/Year-3/Game dev/Space-Porject/Station11Game/Station_11_BIT/Saved/Config/Windows/Scalability.ini]
[2022.05.20-00.20.29:064][  0]LogConfig: Setting CVar [[foliage.DensityScale:1.0]]
[2022.05.20-00.20.29:064][  0]LogConfig: Setting CVar [[grass.DensityScale:1.0]]
[2022.05.20-00.20.29:064][  0]LogConfig: Applying CVar settings from Section [ShadingQuality@3] File [D:/Polytech Work/Year-3/Game dev/Space-Porject/Station11Game/Station_11_BIT/Saved/Config/Windows/Scalability.ini]
[2022.05.20-00.20.29:064][  0]LogConfig: Setting CVar [[r.HairStrands.SkyLighting.IntegrationType:2]]
[2022.05.20-00.20.29:064][  0]LogConfig: Setting CVar [[r.HairStrands.SkyAO.SampleCount:4]]
[2022.05.20-00.20.29:064][  0]LogConfig: Setting CVar [[r.HairStrands.Visibility.MSAA.SamplePerPixel:4]]
[2022.05.20-00.20.29:064][  0]LogInit: Selected Device Profile: [Windows]
[2022.05.20-00.20.29:064][  0]LogInit: Applying CVar settings loaded from the selected device profile: [Windows]
[2022.05.20-00.20.29:064][  0]LogHAL: Display: Platform has ~ 16 GB [17087238144 / 17179869184 / 16], which maps to Larger [LargestMinGB=32, LargerMinGB=12, DefaultMinGB=8, SmallerMinGB=6, SmallestMinGB=0)
[2022.05.20-00.20.29:064][  0]LogInit: Going up to parent DeviceProfile []
[2022.05.20-00.20.29:064][  0]LogConfig: Applying CVar settings from Section [ViewDistanceQuality@3] File [D:/Polytech Work/Year-3/Game dev/Space-Porject/Station11Game/Station_11_BIT/Saved/Config/Windows/Scalability.ini]
[2022.05.20-00.20.29:064][  0]LogConfig: Setting CVar [[r.SkeletalMeshLODBias:0]]
[2022.05.20-00.20.29:064][  0]LogConfig: Setting CVar [[r.ViewDistanceScale:1.0]]
[2022.05.20-00.20.29:064][  0]LogConfig: Applying CVar settings from Section [AntiAliasingQuality@3] File [D:/Polytech Work/Year-3/Game dev/Space-Porject/Station11Game/Station_11_BIT/Saved/Config/Windows/Scalability.ini]
[2022.05.20-00.20.29:064][  0]LogConfig: Setting CVar [[r.PostProcessAAQuality:4]]
[2022.05.20-00.20.29:064][  0]LogConfig: Applying CVar settings from Section [ShadowQuality@3] File [D:/Polytech Work/Year-3/Game dev/Space-Porject/Station11Game/Station_11_BIT/Saved/Config/Windows/Scalability.ini]
[2022.05.20-00.20.29:064][  0]LogConfig: Setting CVar [[r.LightFunctionQuality:1]]
[2022.05.20-00.20.29:064][  0]LogConfig: Setting CVar [[r.ShadowQuality:5]]
[2022.05.20-00.20.29:064][  0]LogConfig: Setting CVar [[r.Shadow.CSM.MaxCascades:10]]
[2022.05.20-00.20.29:064][  0]LogConfig: Setting CVar [[r.Shadow.MaxResolution:2048]]
[2022.05.20-00.20.29:064][  0]LogConfig: Setting CVar [[r.Shadow.MaxCSMResolution:2048]]
[2022.05.20-00.20.29:064][  0]LogConfig: Setting CVar [[r.Shadow.RadiusThreshold:0.01]]
[2022.05.20-00.20.29:064][  0]LogConfig: Setting CVar [[r.Shadow.DistanceScale:1.0]]
[2022.05.20-00.20.29:064][  0]LogConfig: Setting CVar [[r.Shadow.CSM.TransitionScale:1.0]]
[2022.05.20-00.20.29:064][  0]LogConfig: Setting CVar [[r.Shadow.PreShadowResolutionFactor:1.0]]
[2022.05.20-00.20.29:064][  0]LogConfig: Setting CVar [[r.DistanceFieldShadowing:1]]
[2022.05.20-00.20.29:064][  0]LogConfig: Setting CVar [[r.DistanceFieldAO:1]]
[2022.05.20-00.20.29:064][  0]LogConfig: Setting CVar [[r.AOQuality:2]]
[2022.05.20-00.20.29:064][  0]LogConfig: Setting CVar [[r.VolumetricFog:1]]
[2022.05.20-00.20.29:064][  0]LogConfig: Setting CVar [[r.VolumetricFog.GridPixelSize:8]]
[2022.05.20-00.20.29:064][  0]LogConfig: Setting CVar [[r.VolumetricFog.GridSizeZ:128]]
[2022.05.20-00.20.29:064][  0]LogConfig: Setting CVar [[r.VolumetricFog.HistoryMissSupersampleCount:4]]
[2022.05.20-00.20.29:064][  0]LogConfig: Setting CVar [[r.LightMaxDrawDistanceScale:1]]
[2022.05.20-00.20.29:064][  0]LogConfig: Setting CVar [[r.CapsuleShadows:1]]
[2022.05.20-00.20.29:064][  0]LogConfig: Applying CVar settings from Section [PostProcessQuality@3] File [D:/Polytech Work/Year-3/Game dev/Space-Porject/Station11Game/Station_11_BIT/Saved/Config/Windows/Scalability.ini]
[2022.05.20-00.20.29:065][  0]LogConfig: Setting CVar [[r.MotionBlurQuality:4]]
[2022.05.20-00.20.29:065][  0]LogConfig: Setting CVar [[r.AmbientOcclusionMipLevelFactor:0.4]]
[2022.05.20-00.20.29:065][  0]LogConfig: Setting CVar [[r.AmbientOcclusionMaxQuality:100]]
[2022.05.20-00.20.29:065][  0]LogConfig: Setting CVar [[r.AmbientOcclusionLevels:-1]]
[2022.05.20-00.20.29:065][  0]LogConfig: Setting CVar [[r.AmbientOcclusionRadiusScale:1.0]]
[2022.05.20-00.20.29:065][  0]LogConfig: Setting CVar [[r.DepthOfFieldQuality:2]]
[2022.05.20-00.20.29:065][  0]LogConfig: Setting CVar [[r.RenderTargetPoolMin:400]]
[2022.05.20-00.20.29:065][  0]LogConfig: Setting CVar [[r.LensFlareQuality:2]]
[2022.05.20-00.20.29:065][  0]LogConfig: Setting CVar [[r.SceneColorFringeQuality:1]]
[2022.05.20-00.20.29:065][  0]LogConfig: Setting CVar [[r.EyeAdaptationQuality:2]]
[2022.05.20-00.20.29:065][  0]LogConfig: Setting CVar [[r.BloomQuality:5]]
[2022.05.20-00.20.29:065][  0]LogConfig: Setting CVar [[r.FastBlurThreshold:100]]
[2022.05.20-00.20.29:065][  0]LogConfig: Setting CVar [[r.Upscale.Quality:3]]
[2022.05.20-00.20.29:065][  0]LogConfig: Setting CVar [[r.Tonemapper.GrainQuantization:1]]
[2022.05.20-00.20.29:065][  0]LogConfig: Setting CVar [[r.LightShaftQuality:1]]
[2022.05.20-00.20.29:065][  0]LogConfig: Setting CVar [[r.Filter.SizeScale:1]]
[2022.05.20-00.20.29:065][  0]LogConfig: Setting CVar [[r.Tonemapper.Quality:5]]
[2022.05.20-00.20.29:065][  0]LogConfig: Setting CVar [[r.DOF.Gather.AccumulatorQuality:1        ; higher gathering accumulator quality]]
[2022.05.20-00.20.29:065][  0]LogConfig: Setting CVar [[r.DOF.Gather.PostfilterMethod:1          ; Median3x3 postfilering method]]
[2022.05.20-00.20.29:065][  0]LogConfig: Setting CVar [[r.DOF.Gather.EnableBokehSettings:0       ; no bokeh simulation when gathering]]
[2022.05.20-00.20.29:065][  0]LogConfig: Setting CVar [[r.DOF.Gather.RingCount:4                 ; medium number of samples when gathering]]
[2022.05.20-00.20.29:065][  0]LogConfig: Setting CVar [[r.DOF.Scatter.ForegroundCompositing:1    ; additive foreground scattering]]
[2022.05.20-00.20.29:065][  0]LogConfig: Setting CVar [[r.DOF.Scatter.BackgroundCompositing:2    ; additive background scattering]]
[2022.05.20-00.20.29:065][  0]LogConfig: Setting CVar [[r.DOF.Scatter.EnableBokehSettings:1      ; bokeh simulation when scattering]]
[2022.05.20-00.20.29:065][  0]LogConfig: Setting CVar [[r.DOF.Scatter.MaxSpriteRatio:0.1         ; only a maximum of 10% of scattered bokeh]]
[2022.05.20-00.20.29:065][  0]LogConfig: Setting CVar [[r.DOF.Recombine.Quality:1                ; cheap slight out of focus]]
[2022.05.20-00.20.29:065][  0]LogConfig: Setting CVar [[r.DOF.Recombine.EnableBokehSettings:0    ; no bokeh simulation on slight out of focus]]
[2022.05.20-00.20.29:065][  0]LogConfig: Setting CVar [[r.DOF.TemporalAAQuality:1                ; more stable temporal accumulation]]
[2022.05.20-00.20.29:065][  0]LogConfig: Setting CVar [[r.DOF.Kernel.MaxForegroundRadius:0.025]]
[2022.05.20-00.20.29:065][  0]LogConfig: Setting CVar [[r.DOF.Kernel.MaxBackgroundRadius:0.025]]
[2022.05.20-00.20.29:065][  0]LogConfig: Applying CVar settings from Section [TextureQuality@3] File [D:/Polytech Work/Year-3/Game dev/Space-Porject/Station11Game/Station_11_BIT/Saved/Config/Windows/Scalability.ini]
[2022.05.20-00.20.29:065][  0]LogConfig: Setting CVar [[r.Streaming.MipBias:0]]
[2022.05.20-00.20.29:065][  0]LogConfig: Setting CVar [[r.Streaming.AmortizeCPUToGPUCopy:0]]
[2022.05.20-00.20.29:065][  0]LogConfig: Setting CVar [[r.Streaming.MaxNumTexturesToStreamPerFrame:0]]
[2022.05.20-00.20.29:065][  0]LogConfig: Setting CVar [[r.Streaming.Boost:1]]
[2022.05.20-00.20.29:065][  0]LogConfig: Setting CVar [[r.MaxAnisotropy:8]]
[2022.05.20-00.20.29:065][  0]LogConfig: Setting CVar [[r.VT.MaxAnisotropy:8]]
[2022.05.20-00.20.29:065][  0]LogConfig: Setting CVar [[r.Streaming.LimitPoolSizeToVRAM:0]]
[2022.05.20-00.20.29:065][  0]LogConfig: Setting CVar [[r.Streaming.PoolSize:1000]]
[2022.05.20-00.20.29:065][  0]LogConfig: Setting CVar [[r.Streaming.MaxEffectiveScreenSize:0]]
[2022.05.20-00.20.29:065][  0]LogConfig: Applying CVar settings from Section [EffectsQuality@3] File [D:/Polytech Work/Year-3/Game dev/Space-Porject/Station11Game/Station_11_BIT/Saved/Config/Windows/Scalability.ini]
[2022.05.20-00.20.29:065][  0]LogConfig: Setting CVar [[r.TranslucencyLightingVolumeDim:64]]
[2022.05.20-00.20.29:065][  0]LogConfig: Setting CVar [[r.RefractionQuality:2]]
[2022.05.20-00.20.29:065][  0]LogConfig: Setting CVar [[r.SSR.Quality:3]]
[2022.05.20-00.20.29:065][  0]LogConfig: Setting CVar [[r.SSR.HalfResSceneColor:0]]
[2022.05.20-00.20.29:065][  0]LogConfig: Setting CVar [[r.SceneColorFormat:4]]
[2022.05.20-00.20.29:065][  0]LogConfig: Setting CVar [[r.DetailMode:2]]
[2022.05.20-00.20.29:065][  0]LogConfig: Setting CVar [[r.TranslucencyVolumeBlur:1]]
[2022.05.20-00.20.29:065][  0]LogConfig: Setting CVar [[r.MaterialQualityLevel:1 ; High quality]]
[2022.05.20-00.20.29:065][  0]LogConfig: Setting CVar [[r.AnisotropicMaterials:1]]
[2022.05.20-00.20.29:065][  0]LogConfig: Setting CVar [[r.SSS.Scale:1]]
[2022.05.20-00.20.29:065][  0]LogConfig: Setting CVar [[r.SSS.SampleSet:2]]
[2022.05.20-00.20.29:065][  0]LogConfig: Setting CVar [[r.SSS.Quality:1]]
[2022.05.20-00.20.29:065][  0]LogConfig: Setting CVar [[r.SSS.HalfRes:0]]
[2022.05.20-00.20.29:065][  0]LogConfig: Setting CVar [[r.SSGI.Quality:3]]
[2022.05.20-00.20.29:065][  0]LogConfig: Setting CVar [[r.EmitterSpawnRateScale:1.0]]
[2022.05.20-00.20.29:065][  0]LogConfig: Setting CVar [[r.ParticleLightQuality:2]]
[2022.05.20-00.20.29:065][  0]LogConfig: Setting CVar [[r.SkyAtmosphere.AerialPerspectiveLUT.FastApplyOnOpaque:1 ; Always have FastSkyLUT 1 in this case to avoid wrong sky]]
[2022.05.20-00.20.29:065][  0]LogConfig: Setting CVar [[r.SkyAtmosphere.AerialPerspectiveLUT.SampleCountMaxPerSlice:4]]
[2022.05.20-00.20.29:065][  0]LogConfig: Setting CVar [[r.SkyAtmosphere.AerialPerspectiveLUT.DepthResolution:16.0]]
[2022.05.20-00.20.29:065][  0]LogConfig: Setting CVar [[r.SkyAtmosphere.FastSkyLUT:1]]
[2022.05.20-00.20.29:065][  0]LogConfig: Setting CVar [[r.SkyAtmosphere.FastSkyLUT.SampleCountMin:4.0]]
[2022.05.20-00.20.29:065][  0]LogConfig: Setting CVar [[r.SkyAtmosphere.FastSkyLUT.SampleCountMax:128.0]]
[2022.05.20-00.20.29:065][  0]LogConfig: Setting CVar [[r.SkyAtmosphere.SampleCountMin:4.0]]
[2022.05.20-00.20.29:065][  0]LogConfig: Setting CVar [[r.SkyAtmosphere.SampleCountMax:128.0]]
[2022.05.20-00.20.29:065][  0]LogConfig: Setting CVar [[r.SkyAtmosphere.TransmittanceLUT.UseSmallFormat:0]]
[2022.05.20-00.20.29:065][  0]LogConfig: Setting CVar [[r.SkyAtmosphere.TransmittanceLUT.SampleCount:10.0]]
[2022.05.20-00.20.29:065][  0]LogConfig: Setting CVar [[r.SkyAtmosphere.MultiScatteringLUT.SampleCount:15.0]]
[2022.05.20-00.20.29:065][  0]LogConfig: Setting CVar [[r.SkyLight.RealTimeReflectionCapture:1]]
[2022.05.20-00.20.29:065][  0]LogConfig: Applying CVar settings from Section [FoliageQuality@3] File [D:/Polytech Work/Year-3/Game dev/Space-Porject/Station11Game/Station_11_BIT/Saved/Config/Windows/Scalability.ini]
[2022.05.20-00.20.29:065][  0]LogConfig: Setting CVar [[foliage.DensityScale:1.0]]
[2022.05.20-00.20.29:065][  0]LogConfig: Setting CVar [[grass.DensityScale:1.0]]
[2022.05.20-00.20.29:065][  0]LogConfig: Applying CVar settings from Section [ShadingQuality@3] File [D:/Polytech Work/Year-3/Game dev/Space-Porject/Station11Game/Station_11_BIT/Saved/Config/Windows/Scalability.ini]
[2022.05.20-00.20.29:065][  0]LogConfig: Setting CVar [[r.HairStrands.SkyLighting.IntegrationType:2]]
[2022.05.20-00.20.29:065][  0]LogConfig: Setting CVar [[r.HairStrands.SkyAO.SampleCount:4]]
[2022.05.20-00.20.29:065][  0]LogConfig: Setting CVar [[r.HairStrands.Visibility.MSAA.SamplePerPixel:4]]
[2022.05.20-00.20.29:065][  0]LogConfig: Applying CVar settings from Section [Startup] File [../../../Engine/Config/ConsoleVariables.ini]
[2022.05.20-00.20.29:065][  0]LogConfig: Setting CVar [[net.UseAdaptiveNetUpdateFrequency:0]]
[2022.05.20-00.20.29:065][  0]LogConfig: Setting CVar [[p.chaos.AllowCreatePhysxBodies:1]]
[2022.05.20-00.20.29:065][  0]LogConfig: Setting CVar [[fx.SkipVectorVMBackendOptimizations:1]]
[2022.05.20-00.20.29:065][  0]LogConfig: Applying CVar settings from Section [ConsoleVariables] File [D:/Polytech Work/Year-3/Game dev/Space-Porject/Station11Game/Station_11_BIT/Saved/Config/Windows/Engine.ini]
[2022.05.20-00.20.29:065][  0]LogConfig: Applying CVar settings from Section [ConsoleVariables] File [D:/Polytech Work/Year-3/Game dev/Space-Porject/Station11Game/Station_11_BIT/Saved/Config/Windows/Editor.ini]
[2022.05.20-00.20.29:066][  0]LogInit: Computer: HAYDEN-PC
[2022.05.20-00.20.29:066][  0]LogInit: User: Hayden
[2022.05.20-00.20.29:066][  0]LogInit: CPU Page size=4096, Cores=8
[2022.05.20-00.20.29:066][  0]LogInit: High frequency timer resolution =10.000000 MHz
[2022.05.20-00.20.29:066][  0]LogMemory: Memory total: Physical=15.9GB (16GB approx)
[2022.05.20-00.20.29:066][  0]LogMemory: Platform Memory Stats for Windows
[2022.05.20-00.20.29:066][  0]LogMemory: Process Physical Memory: 143.89 MB used, 143.89 MB peak
[2022.05.20-00.20.29:066][  0]LogMemory: Process Virtual Memory: 127.58 MB used, 127.58 MB peak
[2022.05.20-00.20.29:066][  0]LogMemory: Physical Memory: 9122.86 MB used,  7172.80 MB free, 16295.66 MB total
[2022.05.20-00.20.29:066][  0]LogMemory: Virtual Memory: 134202448.00 MB used,  15276.76 MB free, 134217728.00 MB total
[2022.05.20-00.20.29:301][  0]LogWindows: WindowsPlatformFeatures enabled
[2022.05.20-00.20.29:326][  0]LogInit: Physics initialised using underlying interface: PhysX
[2022.05.20-00.20.29:327][  0]LogInit: Using OS detected language (en-US).
[2022.05.20-00.20.29:327][  0]LogInit: Using OS detected locale (en-NZ).
[2022.05.20-00.20.29:329][  0]LogTextLocalizationManager: No specific localization for 'en-US' exists, so the 'en' localization will be used.
[2022.05.20-00.20.29:571][  0]LogWindowsTextInputMethodSystem: Display: IME system deactivated.
[2022.05.20-00.20.29:592][  0]LogSlate: New Slate User Created.  User Index 0, Is Virtual User: 0
[2022.05.20-00.20.29:592][  0]LogSlate: Slate User Registered.  User Index 0, Is Virtual User: 0
[2022.05.20-00.20.29:606][  0]LogD3D11RHI: Loaded GFSDK_Aftermath_Lib.x64.dll
[2022.05.20-00.20.29:609][  0]LogHMD: Failed to initialize OpenVR with code 110
[2022.05.20-00.20.29:609][  0]LogD3D11RHI: D3D11 min allowed feature level: 11_0
[2022.05.20-00.20.29:609][  0]LogD3D11RHI: D3D11 max allowed feature level: 11_0
[2022.05.20-00.20.29:609][  0]LogD3D11RHI: D3D11 adapters:
[2022.05.20-00.20.29:688][  0]LogD3D11RHI:    0. 'NVIDIA GeForce GTX 1060 6GB' (Feature Level 11_0)
[2022.05.20-00.20.29:688][  0]LogD3D11RHI:       6052/0/8147 MB DedicatedVideo/DedicatedSystem/SharedSystem, Outputs:2, VendorId:0x10de
[2022.05.20-00.20.29:690][  0]LogD3D11RHI:    1. 'Microsoft Basic Render Driver' (Feature Level 11_0)
[2022.05.20-00.20.29:690][  0]LogD3D11RHI:       0/0/8147 MB DedicatedVideo/DedicatedSystem/SharedSystem, Outputs:0, VendorId:0x1414
[2022.05.20-00.20.29:690][  0]LogD3D11RHI: Chosen D3D11 Adapter:
[2022.05.20-00.20.29:690][  0]LogD3D11RHI:     Description : NVIDIA GeForce GTX 1060 6GB
[2022.05.20-00.20.29:690][  0]LogD3D11RHI:     VendorId    : 10de
[2022.05.20-00.20.29:690][  0]LogD3D11RHI:     DeviceId    : 1c03
[2022.05.20-00.20.29:690][  0]LogD3D11RHI:     SubSysId    : 85ab1043
[2022.05.20-00.20.29:690][  0]LogD3D11RHI:     Revision    : 00a1
[2022.05.20-00.20.29:690][  0]LogD3D11RHI:     DedicatedVideoMemory : 6345981952 bytes
[2022.05.20-00.20.29:690][  0]LogD3D11RHI:     DedicatedSystemMemory : 0 bytes
[2022.05.20-00.20.29:690][  0]LogD3D11RHI:     SharedSystemMemory : 8543619072 bytes
[2022.05.20-00.20.29:690][  0]LogD3D11RHI:     AdapterLuid : 0 71807
[2022.05.20-00.20.29:696][  0]LogD3D11RHI: Creating new Direct3DDevice
[2022.05.20-00.20.29:696][  0]LogD3D11RHI:     GPU DeviceId: 0x1c03 (for the marketing name, search the web for "GPU Device Id")
[2022.05.20-00.20.29:696][  0]LogWindows: EnumDisplayDevices:
[2022.05.20-00.20.29:697][  0]LogWindows:    0. 'NVIDIA GeForce GTX 1060 6GB' (P:1 D:1)
[2022.05.20-00.20.29:697][  0]LogWindows:    1. 'NVIDIA GeForce GTX 1060 6GB' (P:0 D:1)
[2022.05.20-00.20.29:697][  0]LogWindows:    2. 'NVIDIA GeForce GTX 1060 6GB' (P:0 D:0)
[2022.05.20-00.20.29:697][  0]LogWindows:    3. 'NVIDIA GeForce GTX 1060 6GB' (P:0 D:0)
[2022.05.20-00.20.29:697][  0]LogWindows: DebugString: FoundDriverCount:4 
[2022.05.20-00.20.29:697][  0]LogD3D11RHI:     Adapter Name: NVIDIA GeForce GTX 1060 6GB
[2022.05.20-00.20.29:697][  0]LogD3D11RHI:   Driver Version: 472.12 (internal:30.0.14.7212, unified:472.12)
[2022.05.20-00.20.29:697][  0]LogD3D11RHI:      Driver Date: 9-13-2021
[2022.05.20-00.20.29:697][  0]LogRHI: Texture pool is 4236 MB (70% of 6052 MB)
[2022.05.20-00.20.29:697][  0]LogD3D11RHI: Creating D3DDevice using adapter:
[2022.05.20-00.20.29:697][  0]LogD3D11RHI:     Description : NVIDIA GeForce GTX 1060 6GB
[2022.05.20-00.20.29:697][  0]LogD3D11RHI:     VendorId    : 10de
[2022.05.20-00.20.29:697][  0]LogD3D11RHI:     DeviceId    : 1c03
[2022.05.20-00.20.29:697][  0]LogD3D11RHI:     SubSysId    : 85ab1043
[2022.05.20-00.20.29:697][  0]LogD3D11RHI:     Revision    : 00a1
[2022.05.20-00.20.29:697][  0]LogD3D11RHI:     DedicatedVideoMemory : 6345981952 bytes
[2022.05.20-00.20.29:697][  0]LogD3D11RHI:     DedicatedSystemMemory : 0 bytes
[2022.05.20-00.20.29:697][  0]LogD3D11RHI:     SharedSystemMemory : 8543619072 bytes
[2022.05.20-00.20.29:697][  0]LogD3D11RHI:     AdapterLuid : 0 71807
[2022.05.20-00.20.29:760][  0]LogD3D11RHI: RHI has support for 64 bit atomics
[2022.05.20-00.20.29:760][  0]LogD3D11RHI: Async texture creation enabled
[2022.05.20-00.20.29:760][  0]LogD3D11RHI: Array index from any shader is supported
[2022.05.20-00.20.29:780][  0]LogD3D11RHI: GPU Timing Frequency: 1000.000000 (Debug: 2 1)
[2022.05.20-00.20.29:812][  0]LogRHI: GeForceNow SDK initialized: 1
[2022.05.20-00.20.30:049][  0]LogTargetPlatformManager: Display: Loaded TargetPlatform 'WindowsNoEditor'
[2022.05.20-00.20.30:053][  0]LogTargetPlatformManager: Display: Loaded TargetPlatform 'Windows'
[2022.05.20-00.20.30:056][  0]LogTargetPlatformManager: Display: Loaded TargetPlatform 'WindowsClient'
[2022.05.20-00.20.30:060][  0]LogTargetPlatformManager: Display: Loaded TargetPlatform 'WindowsServer'
[2022.05.20-00.20.30:060][  0]LogTargetPlatformManager: Display: Building Assets For Windows
[2022.05.20-00.20.30:066][  0]LogAudioDebug: Display: Lib vorbis DLL was dynamically loaded.
[2022.05.20-00.20.30:091][  0]LogTextureFormatOodle: Display: Oodle Texture 2.9.0 init RDO Off
[2022.05.20-00.20.30:119][  0]LogRendererCore: Ray tracing is disabled. Reason: r.RayTracing=0.
[2022.05.20-00.20.30:119][  0]LogShaderCompilers: Guid format shader working directory is -41 characters bigger than the processId version (../../../../../Polytech Work/Year-3/Game dev/Space-Porject/Station11Game/Station_11_BIT/Intermediate/Shaders/WorkingDirectory/24932/).
[2022.05.20-00.20.30:120][  0]LogShaderCompilers: Cleaned the shader compiler working directory 'C:/Users/Hayden/AppData/Local/Temp/UnrealShaderWorkingDir/E3C62CE54970996A7B365184DFF488A5/'.
[2022.05.20-00.20.30:120][  0]LogXGEController: Cannot use XGE Controller as Incredibuild is not installed on this machine.
[2022.05.20-00.20.30:120][  0]LogShaderCompilers: Cannot use XGE Shader Compiler as Incredibuild is not installed on this machine.
[2022.05.20-00.20.30:120][  0]LogShaderCompilers: Display: Using Local Shader Compiler.
[2022.05.20-00.20.30:765][  0]LogDerivedDataCache: Display: Max Cache Size: 512 MB
[2022.05.20-00.20.30:821][  0]LogDerivedDataCache: Loaded boot cache 0.06s 94MB C:/Users/Hayden/AppData/Local/UnrealEngine/4.27/DerivedDataCache/Boot.ddc.
[2022.05.20-00.20.30:821][  0]LogDerivedDataCache: Display: Loaded Boot cache: C:/Users/Hayden/AppData/Local/UnrealEngine/4.27/DerivedDataCache/Boot.ddc
[2022.05.20-00.20.30:821][  0]LogDerivedDataCache: FDerivedDataBackendGraph:  Pak pak cache file ../../../../../Polytech Work/Year-3/Game dev/Space-Porject/Station11Game/Station_11_BIT/DerivedDataCache/DDC.ddp not found, will not use a pak cache.
[2022.05.20-00.20.30:821][  0]LogDerivedDataCache: Unable to find inner node Pak for hierarchical cache Hierarchy.
[2022.05.20-00.20.30:821][  0]LogDerivedDataCache: FDerivedDataBackendGraph:  CompressedPak pak cache file ../../../../../Polytech Work/Year-3/Game dev/Space-Porject/Station11Game/Station_11_BIT/DerivedDataCache/Compressed.ddp not found, will not use a pak cache.
[2022.05.20-00.20.30:821][  0]LogDerivedDataCache: Unable to find inner node CompressedPak for hierarchical cache Hierarchy.
[2022.05.20-00.20.30:835][  0]LogDerivedDataCache: Display: Pak cache opened for reading ../../../Engine/DerivedDataCache/Compressed.ddp.
[2022.05.20-00.20.30:835][  0]LogDerivedDataCache: FDerivedDataBackendGraph:  EnterprisePak pak cache file ../../../Enterprise/DerivedDataCache/Compressed.ddp not found, will not use a pak cache.
[2022.05.20-00.20.30:835][  0]LogDerivedDataCache: Unable to find inner node EnterprisePak for hierarchical cache Hierarchy.
[2022.05.20-00.20.30:842][  0]LogDerivedDataCache: Speed tests for C:/Users/Hayden/AppData/Local/UnrealEngine/Common/DerivedDataCache took 0.01 seconds
[2022.05.20-00.20.30:842][  0]LogDerivedDataCache: Display: Performance to C:/Users/Hayden/AppData/Local/UnrealEngine/Common/DerivedDataCache: Latency=0.02ms. RandomReadSpeed=1644.30MBs, RandomWriteSpeed=153.04MBs. Assigned SpeedClass 'Local'
[2022.05.20-00.20.30:843][  0]LogDerivedDataCache: Using Local data cache path C:/Users/Hayden/AppData/Local/UnrealEngine/Common/DerivedDataCache: Writable
[2022.05.20-00.20.30:843][  0]LogDerivedDataCache: Shared data cache path not found in *engine.ini, will not use an Shared cache.
[2022.05.20-00.20.30:843][  0]LogDerivedDataCache: Unable to find inner node Shared for hierarchical cache Hierarchy.
[2022.05.20-00.20.30:871][  0]LogSlate: Using FreeType 2.10.0
[2022.05.20-00.20.30:872][  0]LogSlate: SlateFontServices - WITH_FREETYPE: 1, WITH_HARFBUZZ: 1
[2022.05.20-00.20.30:935][  0]LogInit: Using OS detected language (en-US).
[2022.05.20-00.20.30:935][  0]LogInit: Using OS detected locale (en-NZ).
[2022.05.20-00.20.30:935][  0]LogTextLocalizationManager: No localization for 'en-US' exists, so 'en' will be used for the language.
[2022.05.20-00.20.30:935][  0]LogTextLocalizationManager: No localization for 'en-NZ' exists, so 'en' will be used for the locale.
[2022.05.20-00.20.30:935][  0]LogSlate: FontCache flush requested. Reason: Culture for localization was changed
[2022.05.20-00.20.30:935][  0]LogSlate: FontCache flush requested. Reason: Culture for localization was changed
[2022.05.20-00.20.30:938][  0]LogTextLocalizationManager: Compacting localization data took   0.00ms
[2022.05.20-00.20.30:938][  0]LogAssetRegistry: FAssetRegistry took 0.0014 seconds to start up
[2022.05.20-00.20.31:067][  0]LogPackageLocalizationCache: Processed 28 localized package path(s) for 1 prioritized culture(s) in 0.001044 seconds
[2022.05.20-00.20.31:120][  0]LogInit: Selected Device Profile: [Windows]
[2022.05.20-00.20.31:120][  0]LogInit: Active device profile: [000001E86C593C00][000001E860D4B040 49] Windows
[2022.05.20-00.20.31:120][  0]LogInit: Profiles: [000001E86C593C00][000001E860D4B040 49] Windows, [000001E86C540500][000001E860D53300 49] WindowsNoEditor, [000001E86C590500][000001E860F5B5C0 49] WindowsServer, [000001E86C543600][000001E860F5F880 49] WindowsClient, [000001E86C593500][000001E860D4FB00 49] IOS, [000001E86C540E00][000001E860F62200 49] iPadAir, [000001E86C590D00][000001E860F6A4C0 49] iPadAir2, [000001E86C508600][000001E860F7EA00 49] IPadPro, [000001E86C508700][000001E860F6EA40 49] iPadAir3, [000001E86C592F00][000001E860F76D00 49] iPadAir4, [000001E86C50BA00][000001E860F72FC0 49] iPadMini2, [000001E86C591100][000001E860F7B280 49] iPadMini3, [000001E86C509600][000001E860F83540 49] iPadMini4, [000001E86C592800][000001E860F87800 49] iPadMini5, [000001E86C4FBE00][000001E860F96180 49] iPhone6, [000001E86C4FBF00][000001E860F8A1C0 49] iPodTouch6, [000001E86C543400][000001E860FA26C0 49] iPhone7, [000001E86C50B400][000001E860F66700 49] iPodTouch7, [000001E86C4F8800][000001E860F9A9C0 49] iPhone5S, [000001E86C50AA00][000001E860F8EC80 49] iPhone6Plus, [000001E86C4FB100][000001E860F9EF40 49] iPhone6S, [000001E86C508D00][000001E861723200 49] iPhone6SPlus, [000001E86C4F9000][000001E8617274C0 49] iPhone7Plus, [000001E86C509200][000001E86172B780 49] iPhoneSE, [000001E86C4FAA00][000001E86172FA40 49] iPhone8, [000001E86C509700][000001E861732180 49] iPhone8Plus, [000001E86C4F9700][000001E860F92400 49] iPhoneX, [000001E86C509500][000001E861736680 49] iPhoneXS, [000001E86C4FA300][000001E86173E940 49] iPhoneXSMax, [000001E86C509E00][000001E861742C00 49] iPhoneXR, [000001E86C4F8700][000001E861746EC0 49] iPhone11, [000001E86C50B100][000001E86174B180 49] iPhone11Pro, [000001E86C4FB400][000001E86174F440 49] iPhone11ProMax, [000001E86C508800][000001E861753700 49] iPhoneSE2, [000001E86C4F8E00][000001E8617579C0 49] iPhone12Mini, [000001E86C50A000][000001E86175A100 49] iPhone12, [000001E86C4F9300][000001E86175E3C0 49] iPhone12Pro, [000001E86C508F00][000001E86173A640 49] iPhone12ProMax, [000001E86C4FA800][000001E8617628C0 49] iPadPro105, [000001E86C509A00][000001E86176AB80 49] iPadPro129, [000001E86C4F8500][000001E86176EE40 49] iPadPro97, [000001E86C50B800][000001E861773100 49] iPadPro2_129, [000001E86C4F9200][000001E8617773C0 49] iPad5, [000001E86C509100][000001E86177B680 49] iPad6, [000001E86C4FB200][000001E86177F940 49] iPad7, [000001E86C50A600][000001E861783C00 49] iPad8, [000001E86C4FBD00][000001E861786340 49] iPadPro11, [000001E86C50B300][000001E86178A600 49] iPadPro2_11, [000001E86C4FA900][000001E861766880 49] iPadPro3_129, [000001E86C50B200][000001E86178EB00 49] iPadPro4_129, [000001E86C4F9800][000001E861796DC0 49] AppleTV, [000001E86C50AF00][000001E86179B080 49] AppleTV4K, [000001E86C4FB300][000001E86179F340 49] TVOS, [000001E86C509400][000001E8617A3600 49] Mac, [000001E86C4F9D00][000001E8617A78C0 49] MacClient, [000001E86C50AD00][000001E8617ABB80 49] MacNoEditor, [000001E86C4F9E00][000001E8617AE2C0 49] MacServer, [000001E86C509F00][000001E8617B2580 49] Linux, [000001E86C4FA500][000001E8617B6840 49] LinuxAArch64, [000001E86C50A800][000001E861792AC0 49] LinuxNoEditor, [000001E86C4F9400][000001E8617BAD40 49] LinuxAArch64NoEditor, [000001E86C508C00][000001E8617C3000 49] LinuxClient, [000001E86C4FA400][000001E8617C72C0 49] LinuxAArch64Client, [000001E86C50B900][000001E8617CB580 49] LinuxServer, [000001E86C4FA700][000001E8617CF840 49] LinuxAArch64Server, [000001E86C508A00][000001E8617D3B00 49] Android, [000001E86C4F9A00][000001E8617D6240 49] Android_Low, [000001E86C509300][000001E8617DA500 49] Android_Mid, [000001E86C5C6200][000001E8617DE7C0 49] Android_High, [000001E86C540300][000001E8617E2A80 49] Android_Default, [000001E86C5C4B00][000001E8617BED00 49] Android_Adreno4xx, [000001E86C540A00][000001E8617E6F80 49] Android_Adreno5xx_Low, [000001E86C5C4700][000001E8617EF240 49] Android_Adreno5xx, [000001E86C541700][000001E860FA7500 49] Android_Adreno6xx, [000001E86C5C4500][000001E860FAB7C0 49] Android_Adreno6xx_Vulkan, [000001E86C541F00][000001E860FAFA80 49] Android_Mali_T6xx, [000001E86C5C5200][000001E860FB21C0 49] Android_Mali_T7xx, [000001E86C543E00][000001E860FB6480 49] Android_Mali_T8xx, [000001E86C5C5E00][000001E860FBA740 49] Android_Mali_G71, [000001E86C543000][000001E860FBEA00 49] Android_Mali_G72, [000001E86C5C5000][000001E860FC2CC0 49] Android_Mali_G72_Vulkan, [000001E86C543900][000001E8617EAF40 49] Android_Mali_G76, [000001E86C5C4200][000001E860FC71C0 49] Android_Mali_G76_Vulkan, [000001E86C543B00][000001E8617F3480 49] Android_Mali_G77, [000001E86C5C4100][000001E8617F7740 49] Android_Mali_G77_Vulkan, [000001E86C540100][000001E8617FBA00 49] Android_Mali_G78, [000001E86C5C6800][000001E8617FE140 49] Android_Mali_G78_Vulkan, [000001E86C543F00][000001E861802400 49] Android_Mali_G710, [000001E86C5C5D00][000001E8618066C0 49] Android_Mali_G710_Vulkan, [000001E86C540600][000001E86180A980 49] Android_Vulkan_SM5, [000001E86C5C5700][000001E86180EC40 49] Android_PowerVR_G6xxx, [000001E86C541100][000001E861812F00 49] Android_PowerVR_GT7xxx, [000001E86C5C4900][000001E860FCB180 49] Android_PowerVR_GE8xxx, [000001E86C541000][000001E86181B440 49] Android_PowerVR_GM9xxx, [000001E86C4F9900][000001E86181F700 49] Android_PowerVR_GM9xxx_Vulkan, [000001E86C542300][000001E8618239C0 49] Android_TegraK1, [000001E86C4FAE00][000001E861826100 49] Android_Unknown_Vulkan, [000001E86C542A00][000001E86182A3C0 49] Lumin, [000001E86C4FB700][000001E86182E680 49] Lumin_Desktop, [000001E86C540B00][000001E861832940 49] HoloLens, 
[2022.05.20-00.20.31:154][  0]LogMeshReduction: Using QuadricMeshReduction for automatic static mesh reduction
[2022.05.20-00.20.31:154][  0]LogMeshReduction: Using SimplygonMeshReduction for automatic skeletal mesh reduction
[2022.05.20-00.20.31:154][  0]LogMeshReduction: Using ProxyLODMeshReduction for automatic mesh merging
[2022.05.20-00.20.31:154][  0]LogMeshReduction: No distributed automatic mesh merging module available
[2022.05.20-00.20.31:154][  0]LogMeshMerging: No distributed automatic mesh merging module available
[2022.05.20-00.20.31:245][  0]LogNetVersion: Station_11 1.0.0, NetCL: 17155196, EngineNetVer: 17, GameNetVer: 0 (Checksum: 2456927474)
[2022.05.20-00.20.31:435][  0]LogTexture: Default maximum texture size for cubemaps generated from long-lat sources has been changed from 512 to unlimited. In order to preserve old behaiour for '/Engine/MapTemplates/Sky/DaylightAmbientCubemap.DaylightAmbientCubemap', its maximum texture size has been explicitly set to 512.
[2022.05.20-00.20.31:485][  0]LogHMD: PokeAHoleMaterial loaded successfully
[2022.05.20-00.20.31:561][  0]LogMoviePlayer: Initializing movie player
[2022.05.20-00.20.31:646][  0]LogNiagaraDebuggerClient: Niagara Debugger Client Initialized | Session: D57DE0B84EA26355C14E48B66D8133E6 | Instance: DAA86CC5447B8D24A1BEB095536D69D7 (HAYDEN-PC-24932).
[2022.05.20-00.20.31:660][  0]LogCollectionManager: Loaded 0 collections in 0.000523 seconds
[2022.05.20-00.20.31:662][  0]LogFileCache: Scanning file cache for directory 'D:/Polytech Work/Year-3/Game dev/Space-Porject/Station11Game/Station_11_BIT/Saved/Collections/' took 0.00s
[2022.05.20-00.20.31:662][  0]LogFileCache: Scanning file cache for directory 'D:/Polytech Work/Year-3/Game dev/Space-Porject/Station11Game/Station_11_BIT/Content/Developers/Hayden/Collections/' took 0.00s
[2022.05.20-00.20.31:662][  0]LogCollectionManager: Fixed up redirectors for 0 collections in 0.000001 seconds (updated 0 objects)
[2022.05.20-00.20.31:676][  0]LogFileCache: Scanning file cache for directory 'D:/Polytech Work/Year-3/Game dev/Space-Porject/Station11Game/Station_11_BIT/Content/Collections/' took 0.00s
[2022.05.20-00.20.31:676][  0]LogPython: Using Python 3.7.7
[2022.05.20-00.20.32:133][  0]LogTcpMessaging: Initializing TcpMessaging bridge
[2022.05.20-00.20.32:137][  0]LogUdpMessaging: Initializing bridge on interface 0.0.0.0:0 to multicast group 230.0.0.1:6666.
[2022.05.20-00.20.32:174][  0]LogSteamAudio: FSteamAudioModule Startup
[2022.05.20-00.20.32:175][  0]LogSteamAudio: Display: Attempting to load ../../../Engine/Binaries/ThirdParty/Phonon/Win64/phonon.dll
[2022.05.20-00.20.32:176][  0]LogSteamAudio: Display: Loaded ../../../Engine/Binaries/ThirdParty/Phonon/Win64/phonon.dll.
[2022.05.20-00.20.32:214][  0]SourceControl: Source control is disabled
[2022.05.20-00.20.32:214][  0]SourceControl: Source control is disabled
[2022.05.20-00.20.32:216][  0]SourceControl: Source control is disabled
[2022.05.20-00.20.32:223][  0]LogUProjectInfo: Found projects:
[2022.05.20-00.20.32:283][  0]LogOpenImageDenoise: OIDN starting up
[2022.05.20-00.20.32:317][  0]LogAndroidPermission: UAndroidPermissionCallbackProxy::GetInstance
[2022.05.20-00.20.32:334][  0]LogAudioCaptureCore: Display: No Audio Capture implementations found. Audio input will be silent.
[2022.05.20-00.20.32:334][  0]LogAudioCaptureCore: Display: No Audio Capture implementations found. Audio input will be silent.
[2022.05.20-00.20.32:392][  0]LogOcInput: OculusInput pre-init called
[2022.05.20-00.20.32:399][  0]LogUObjectArray: 22167 objects as part of root set at end of initial load.
[2022.05.20-00.20.32:399][  0]LogUObjectAllocator: 6001584 out of 0 bytes used by permanent object pool.
[2022.05.20-00.20.32:399][  0]LogUObjectArray: CloseDisregardForGC: 0/0 objects in disregard for GC pool
[2022.05.20-00.20.32:438][  0]LogClass: Display: IntProperty FBakedDataInfo::Size is not initialized properly. Module:SteamAudio File:Private/PhononProbeVolume.h
[2022.05.20-00.20.32:438][  0]LogClass: Display: 1 Uninitialized script struct members found including 0 object properties
[2022.05.20-00.20.32:439][  0]LogEngine: Initializing Engine...
[2022.05.20-00.20.32:441][  0]LogHMD: Failed to enumerate extensions. Please check that you have a valid OpenXR runtime installed.
[2022.05.20-00.20.32:441][  0]LogHMD: Failed to initialize OpenVR with code 110
[2022.05.20-00.20.32:441][  0]LogMagicLeap: Warning: VR disabled because ZI is not enabled.  To enable, in the editor, Edit -> Project Settings -> Plugins -> Magic Leap Plugin -> Enable Zero Iteration
[2022.05.20-00.20.32:444][  0]LogStats: UGameplayTagsManager::InitializeManager -  0.000 s
[2022.05.20-00.20.32:546][  0]LogInit: Initializing FReadOnlyCVARCache
[2022.05.20-00.20.32:546][  0]LogAudio: Display: Initializing Audio Device Manager...
[2022.05.20-00.20.32:550][  0]LogAudio: Display: Loading Default Audio Settings Objects...
[2022.05.20-00.20.32:550][  0]LogAudio: Display: No default SoundConcurrencyObject specified (or failed to load).
[2022.05.20-00.20.32:551][  0]LogAudio: Display: Audio Device Manager Initialized
[2022.05.20-00.20.32:551][  0]LogAudio: Display: Creating Audio Device:                 Id: 1, Scope: Shared, Realtime: True
[2022.05.20-00.20.32:551][  0]LogAudioMixer: Display: Audio Mixer Platform Settings:
[2022.05.20-00.20.32:551][  0]LogAudioMixer: Display: 	Sample Rate:						  48000
[2022.05.20-00.20.32:551][  0]LogAudioMixer: Display: 	Callback Buffer Frame Size Requested: 1024
[2022.05.20-00.20.32:551][  0]LogAudioMixer: Display: 	Callback Buffer Frame Size To Use:	  1024
[2022.05.20-00.20.32:551][  0]LogAudioMixer: Display: 	Number of buffers to queue:			  2
[2022.05.20-00.20.32:551][  0]LogAudioMixer: Display: 	Max Channels (voices):				  32
[2022.05.20-00.20.32:551][  0]LogAudioMixer: Display: 	Number of Async Source Workers:		  0
[2022.05.20-00.20.32:551][  0]LogAudio: Display: AudioDevice MaxSources: 32
[2022.05.20-00.20.32:551][  0]LogAudio: Display: Audio Spatialization Plugin: None (built-in).
[2022.05.20-00.20.32:551][  0]LogAudio: Display: Audio Reverb Plugin: None (built-in).
[2022.05.20-00.20.32:551][  0]LogAudio: Display: Audio Occlusion Plugin: None (built-in).
[2022.05.20-00.20.32:551][  0]LogAudioMixer: Display: Initializing audio mixer.
[2022.05.20-00.20.33:342][  0]LogAudioMixer: Display: 0: FrontLeft
[2022.05.20-00.20.33:342][  0]LogAudioMixer: Display: 1: FrontRight
[2022.05.20-00.20.33:342][  0]LogAudioMixer: Display: 2: FrontCenter
[2022.05.20-00.20.33:342][  0]LogAudioMixer: Display: 3: LowFrequency
[2022.05.20-00.20.33:342][  0]LogAudioMixer: Display: 4: BackLeft
[2022.05.20-00.20.33:342][  0]LogAudioMixer: Display: 5: BackRight
[2022.05.20-00.20.33:342][  0]LogAudioMixer: Display: 6: SideLeft
[2022.05.20-00.20.33:342][  0]LogAudioMixer: Display: 7: SideRight
[2022.05.20-00.20.33:679][  0]LogAudioMixer: Display: Using Audio Device Speakers (Realtek(R) Audio)
[2022.05.20-00.20.33:684][  0]LogAudioMixer: Display: Initializing Sound Submixes...
[2022.05.20-00.20.33:686][  0]LogAudioMixer: Display: Creating Master Submix 'MasterSubmixDefault'
[2022.05.20-00.20.33:686][  0]LogAudioMixer: Display: Creating Master Submix 'MasterReverbSubmixDefault'
[2022.05.20-00.20.33:687][  0]LogAudioMixer: Display: Creating Master Submix 'MasterEQSubmixDefault'
[2022.05.20-00.20.33:687][  0]LogAudioMixer: FMixerPlatformXAudio2::StartAudioStream() called
[2022.05.20-00.20.33:687][  0]LogAudioMixer: Display: Output buffers initialized: Frames=1024, Channels=8, Samples=8192
[2022.05.20-00.20.33:688][  0]LogAudioMixer: Display: Starting AudioMixerPlatformInterface::RunInternal()
[2022.05.20-00.20.33:688][  0]LogAudioMixer: Display: FMixerPlatformXAudio2::SubmitBuffer() called for the first time
[2022.05.20-00.20.33:688][  0]LogInit: FAudioDevice initialized.
[2022.05.20-00.20.33:688][  0]LogNetVersion: Set ProjectVersion to 1.0.0.0. Version Checksum will be recalculated on next use.
[2022.05.20-00.20.33:689][  0]LogInit: Texture streaming: Enabled
[2022.05.20-00.20.33:851][  0]LogAudio: Display: Audio Device (ID: 1) registered with world 'Untitled'.
[2022.05.20-00.20.33:851][  0]LogSlate: Updating window title bar state: overlay mode, drag disabled, window buttons hidden, title bar hidden
[2022.05.20-00.20.33:852][  0]LogInit: Display: Game Engine Initialized.
[2022.05.20-00.20.33:852][  0]LogNiagaraEditor: GEditor isn't valid! Particle reset commands will not work for Niagara components!
[2022.05.20-00.20.33:945][  0]LogInit: Display: Starting Game.
[2022.05.20-00.20.33:945][  0]LogNet: Browse: 127.0.0.1:17777/Game/Maps/S11_MainMenu?Name=Player
[2022.05.20-00.20.33:946][  0]LogOnline: OSS: Creating online subsystem instance for: STEAM
[2022.05.20-00.20.34:060][  0]LogSteamShared: Warning: SteamAPI failed to initialize, conditions not met.
[2022.05.20-00.20.34:060][  0]LogOnline: Warning: STEAM: Steamworks: SteamUtils() failed!
[2022.05.20-00.20.34:060][  0]LogOnline: Warning: STEAM: Steamworks: SteamUser() failed!
[2022.05.20-00.20.34:060][  0]LogOnline: Warning: STEAM: Steamworks: SteamFriends() failed!
[2022.05.20-00.20.34:060][  0]LogOnline: Warning: STEAM: Steamworks: SteamRemoteStorage() failed!
[2022.05.20-00.20.34:060][  0]LogOnline: Warning: STEAM: Steamworks: SteamUserStats() failed!
[2022.05.20-00.20.34:060][  0]LogOnline: Warning: STEAM: Steamworks: SteamMatchmakingServers() failed!
[2022.05.20-00.20.34:060][  0]LogOnline: Warning: STEAM: Steamworks: SteamApps() failed!
[2022.05.20-00.20.34:060][  0]LogOnline: Warning: STEAM: Steamworks: SteamNetworking() failed!
[2022.05.20-00.20.34:060][  0]LogOnline: Warning: STEAM: Steamworks: SteamMatchmaking() failed!
[2022.05.20-00.20.34:060][  0]LogOnline: STEAM: [AppId: 0] Client API initialized 0
[2022.05.20-00.20.34:060][  0]LogOnline: Display: STEAM: OnlineSubsystemSteam::Shutdown()
[2022.05.20-00.20.34:060][  0]LogOnline: Warning: STEAM: Steam API failed to initialize!
[2022.05.20-00.20.34:060][  0]LogOnline: Display: STEAM: OnlineSubsystemSteam::Shutdown()
[2022.05.20-00.20.34:060][  0]LogInit: WinSock: Socket queue. Rx: 32768 (config 32768) Tx: 32768 (config 32768)
[2022.05.20-00.20.34:060][  0]LogNet: Created socket for bind address: 0.0.0.0 on port 0
[2022.05.20-00.20.34:061][  0]PacketHandlerLog: Loaded PacketHandler component: Engine.EngineHandlerComponentFactory (StatelessConnectHandlerComponent)
[2022.05.20-00.20.34:061][  0]LogNet: Game client on port 17777, rate 100000
[2022.05.20-00.20.34:139][  0]LogInit: Display: Engine is initialized. Leaving FEngineLoop::Init()
[2022.05.20-00.20.34:139][  0]LogLoad: (Engine Initialization) Total time: 6.62 seconds
[2022.05.20-00.20.34:139][  0]LogLoad: (Engine Initialization) Total Blueprint compile time: 0.00 seconds
[2022.05.20-00.20.34:142][  0]LogContentStreaming: Texture pool size now 1000 MB
[2022.05.20-00.20.34:146][  0]LogSlate: InvalidateAllWidgets triggered.  All widgets were invalidated
[2022.05.20-00.20.39:105][495]LogHandshake: SendChallengeResponse. Timestamp: 0.600746, Cookie: 178175087150025017139165179049050083236213079040150193027176
[2022.05.20-00.20.39:138][599]LogNetVersion: Station_11 1.0.0.0, NetCL: 17155196, EngineNetVer: 17, GameNetVer: 0 (Checksum: 383144663)
[2022.05.20-00.20.39:138][599]LogNet: UPendingNetGame::SendInitialJoin: Sending hello. [UNetConnection] RemoteAddr: 127.0.0.1:17777, Name: IpConnection_0, Driver: PendingNetDriver IpNetDriver_0, IsServer: NO, PC: NULL, Owner: NULL, UniqueId: INVALID
[2022.05.20-00.20.39:173][689]LogNet: NetConnection::Close() [PendingNetDriver] [NoPC] [No Owner] from NMT_Failure incompatible_unique_net_id
[2022.05.20-00.20.39:173][689]LogNet: UNetConnection::Close: [UNetConnection] RemoteAddr: 127.0.0.1:17777, Name: IpConnection_0, Driver: PendingNetDriver IpNetDriver_0, IsServer: NO, PC: NULL, Owner: NULL, UniqueId: NULL:Hayden-PC-A1C1673640A2C52E4DD9E3AD4E48AA5F, Channels: 2, Time: 2022.05.20-00.20.39
[2022.05.20-00.20.39:173][689]LogNet: UChannel::Close: Sending CloseBunch. ChIndex == 0. Name: [UChannel] ChIndex: 0, Closing: 0 [UNetConnection] RemoteAddr: 127.0.0.1:17777, Name: IpConnection_0, Driver: PendingNetDriver IpNetDriver_0, IsServer: NO, PC: NULL, Owner: NULL, UniqueId: NULL:Hayden-PC-A1C1673640A2C52E4DD9E3AD4E48AA5F
[2022.05.20-00.20.39:173][689]LogNet: Error: UEngine::BroadcastNetworkFailure: FailureType = PendingConnectionFailure, ErrorString = incompatible_unique_net_id, Driver = PendingNetDriver IpNetDriver_0
[2022.05.20-00.20.39:173][689]LogNet: Warning: Network Failure: PendingNetDriver[PendingConnectionFailure]: incompatible_unique_net_id
[2022.05.20-00.20.39:173][689]LogNet: NetworkFailure: PendingConnectionFailure, Error: 'incompatible_unique_net_id'
[2022.05.20-00.20.39:173][689]LogNet: DestroyNamedNetDriver IpNetDriver_0 [PendingNetDriver]
[2022.05.20-00.20.39:173][689]LogExit: PendingNetDriver IpNetDriver_0 shut down
[2022.05.20-00.20.39:174][690]LogNet: Browse: /Game/Maps/S11_MainMenu?closed
[2022.05.20-00.20.39:174][690]LogNet: Connection failed; returning to Entry
[2022.05.20-00.20.39:174][690]LogLoad: LoadMap: /Game/Maps/S11_MainMenu?closed
[2022.05.20-00.20.39:174][690]LogWorld: BeginTearingDown for /Temp/Untitled_0
[2022.05.20-00.20.39:174][690]LogWorld: UWorld::CleanupWorld for Untitled, bSessionEnded=true, bCleanupResources=true
[2022.05.20-00.20.39:174][690]LogSlate: InvalidateAllWidgets triggered.  All widgets were invalidated
[2022.05.20-00.20.39:178][690]LogAudio: Display: Audio Device unregistered from world 'None'.
[2022.05.20-00.20.39:180][690]LogNet: UNetConnection::PendingConnectionLost. [UNetConnection] RemoteAddr: 127.0.0.1:17777, Name: None, Driver: PendingNetDriver None, IsServer: YES, PC: NULL, Owner: NULL, UniqueId: NULL:Hayden-PC-A1C1673640A2C52E4DD9E3AD4E48AA5F bPendingDestroy=0 
[2022.05.20-00.20.39:181][690]LogUObjectHash: Compacting FUObjectHashTables data took   0.95ms
[2022.05.20-00.20.39:186][690]LogAudio: Display: Audio Device (ID: 1) registered with world 'S11_MainMenu'.
[2022.05.20-00.20.39:190][690]LogAIModule: Creating AISystem for world S11_MainMenu
[2022.05.20-00.20.39:190][690]LogLoad: Game class is 'GameMode'
[2022.05.20-00.20.39:190][690]LogWorld: Bringing World /Game/Maps/S11_MainMenu.S11_MainMenu up for play (max tick rate 0) at 2022.05.20-12.20.39
[2022.05.20-00.20.39:191][690]LogWorld: Bringing up level for play took: 0.000256
[2022.05.20-00.20.39:191][690]LogGameMode: FindPlayerStart: PATHS NOT DEFINED or NO PLAYERSTART with positive rating
[2022.05.20-00.20.39:192][690]LogGameMode: Display: Match State Changed from EnteringMap to WaitingToStart
[2022.05.20-00.20.39:192][690]LogGameState: Match State Changed from EnteringMap to WaitingToStart
[2022.05.20-00.20.39:192][690]LogGameMode: Display: Match State Changed from WaitingToStart to InProgress
[2022.05.20-00.20.39:192][690]PIE: Warning: The widget 'S11_MainMenu_Widget_C' was already added to the screen.
[2022.05.20-00.20.39:193][690]PIE: Warning: The widget 'S11_MainMenu_Widget_C' was already added to the screen.
[2022.05.20-00.20.39:193][690]LogBlueprintUserMessages: [S11_GameInstance_C_0] Save file exists
[2022.05.20-00.20.39:193][690]LogGameState: Match State Changed from WaitingToStart to InProgress
[2022.05.20-00.20.39:193][690]LogSlate: Took 0.000243 seconds to synchronously load lazily loaded font '../../../Engine/Content/Slate/Fonts/Roboto-Regular.ttf' (155K)
[2022.05.20-00.20.39:194][690]LogRenderer: Reallocating scene render targets to support 640x480 Format 10 NumSamples 1 (Frame:1).
[2022.05.20-00.20.39:194][690]LogLoad: Took 0.020002 seconds to LoadMap(/Game/Maps/S11_MainMenu)
[2022.05.20-00.20.39:208][690]LogUObjectHash: Compacting FUObjectHashTables data took   0.66ms
[2022.05.20-00.20.52:336][ 25]PIE: Warning: The widget 'S11_NewGameMenu_Widget_C' was already added to the screen.
[2022.05.20-00.20.53:418][672]PIE: Warning: The widget 'S11_HostGame_Widget_C' was already added to the screen.
[2022.05.20-00.20.57:202][957]PIE: Warning: The widget 'S11_LoadingScreen_C' was already added to the screen.
[2022.05.20-00.20.57:613][957]LogPackageName: SearchForPackageOnDisk took   0.082s to resolve S11_GameLobby.umap.
[2022.05.20-00.20.57:614][957]LogGameMode: Display: Match State Changed from InProgress to LeavingMap
[2022.05.20-00.20.57:614][957]LogGameState: Match State Changed from InProgress to LeavingMap
[2022.05.20-00.20.57:694][957]LogPackageName: SearchForPackageOnDisk took   0.080s to resolve S11_GameLobby.umap.
[2022.05.20-00.20.57:694][957]LogNet: Browse: /Game/Maps/S11_GameLobby?listen
[2022.05.20-00.20.57:694][957]LogLoad: LoadMap: /Game/Maps/S11_GameLobby?listen
[2022.05.20-00.20.57:694][957]LogWorld: BeginTearingDown for /Game/Maps/S11_MainMenu
[2022.05.20-00.20.57:694][957]LogWorld: UWorld::CleanupWorld for S11_MainMenu, bSessionEnded=true, bCleanupResources=true
[2022.05.20-00.20.57:694][957]LogSlate: InvalidateAllWidgets triggered.  All widgets were invalidated
[2022.05.20-00.20.57:730][957]LogAudio: Display: Waited 35.423901 ms for audio thread.
[2022.05.20-00.20.57:733][957]LogAudio: Display: Waited 38.836700 ms for audio thread.
[2022.05.20-00.20.57:737][957]LogAudio: Display: Audio Device unregistered from world 'None'.
[2022.05.20-00.20.57:737][957]LogUObjectHash: Compacting FUObjectHashTables data took   0.49ms
[2022.05.20-00.20.58:055][957]LogAudio: Display: Audio Device (ID: 1) registered with world 'S11_GameLobby'.
[2022.05.20-00.20.58:055][957]LogAIModule: Creating AISystem for world S11_GameLobby
[2022.05.20-00.20.58:055][957]LogLoad: Game class is 'S11_LobbyGameMode_C'
[2022.05.20-00.20.58:056][957]LogOnline: OSS: Creating online subsystem instance for: STEAM
[2022.05.20-00.20.58:066][957]LogSteamShared: Warning: SteamAPI failed to initialize, conditions not met.
[2022.05.20-00.20.58:066][957]LogOnline: Warning: STEAM: Steamworks: SteamUtils() failed!
[2022.05.20-00.20.58:066][957]LogOnline: Warning: STEAM: Steamworks: SteamUser() failed!
[2022.05.20-00.20.58:066][957]LogOnline: Warning: STEAM: Steamworks: SteamFriends() failed!
[2022.05.20-00.20.58:066][957]LogOnline: Warning: STEAM: Steamworks: SteamRemoteStorage() failed!
[2022.05.20-00.20.58:066][957]LogOnline: Warning: STEAM: Steamworks: SteamUserStats() failed!
[2022.05.20-00.20.58:066][957]LogOnline: Warning: STEAM: Steamworks: SteamMatchmakingServers() failed!
[2022.05.20-00.20.58:066][957]LogOnline: Warning: STEAM: Steamworks: SteamApps() failed!
[2022.05.20-00.20.58:066][957]LogOnline: Warning: STEAM: Steamworks: SteamNetworking() failed!
[2022.05.20-00.20.58:066][957]LogOnline: Warning: STEAM: Steamworks: SteamMatchmaking() failed!
[2022.05.20-00.20.58:066][957]LogOnline: STEAM: [AppId: 0] Client API initialized 0
[2022.05.20-00.20.58:066][957]LogOnline: Display: STEAM: OnlineSubsystemSteam::Shutdown()
[2022.05.20-00.20.58:066][957]LogOnline: Warning: STEAM: Steam API failed to initialize!
[2022.05.20-00.20.58:066][957]LogOnline: Display: STEAM: OnlineSubsystemSteam::Shutdown()
[2022.05.20-00.20.58:066][957]LogNet: ReplicationDriverClass is null! Not using ReplicationDriver.
[2022.05.20-00.20.58:066][957]LogNetCore: DDoS detection status: detection enabled: 0 analytics enabled: 0
[2022.05.20-00.20.58:066][957]LogInit: WinSock: Socket queue. Rx: 131072 (config 131072) Tx: 131072 (config 131072)
[2022.05.20-00.20.58:066][957]LogNet: Created socket for bind address: 0.0.0.0 on port 7777
[2022.05.20-00.20.58:067][957]PacketHandlerLog: Loaded PacketHandler component: Engine.EngineHandlerComponentFactory (StatelessConnectHandlerComponent)
[2022.05.20-00.20.58:067][957]LogNet: GameNetDriver IpNetDriver_1 IpNetDriver listening on port 7777
[2022.05.20-00.20.58:067][957]LogWorld: Bringing World /Game/Maps/S11_GameLobby.S11_GameLobby up for play (max tick rate 0) at 2022.05.20-12.20.58
[2022.05.20-00.20.58:067][957]LogWorld: Bringing up level for play took: 0.000312
[2022.05.20-00.20.58:068][957]LogGameMode: FindPlayerStart: PATHS NOT DEFINED or NO PLAYERSTART with positive rating
[2022.05.20-00.20.58:068][957]LogBlueprintUserMessages: [S11_LobbyGameMode_C_0] Server: Player joined
[2022.05.20-00.20.58:112][957]LogBlueprintUserMessages: [S11_CharacterSelection_P1] S11_Character1_C
[2022.05.20-00.20.58:112][957]LogBlueprintUserMessages: [S11_CharacterSelection_P2] S11_Character2_C
[2022.05.20-00.20.58:135][957]LogViewport: Display: Viewport MouseLockMode Changed, LockOnCapture -> DoNotLock
[2022.05.20-00.20.58:135][957]LogViewport: Display: Viewport HideCursorDuringCapture Changed, False -> True
[2022.05.20-00.20.58:135][957]LogViewport: Display: Viewport MouseCaptureMode Changed, CapturePermanently_IncludingInitialMouseDown -> CaptureDuringMouseDown
[2022.05.20-00.20.58:164][957]LogScript: Warning: Accessed None trying to read property CallFunc_Array_Get_Item_2
	S11_LobbyController_C /Game/Maps/S11_GameLobby.S11_GameLobby:PersistentLevel.S11_LobbyController_C_0
	Function /Game/ThirdPersonBP/Blueprints/S11_LobbyController.S11_LobbyController_C:ExecuteUbergraph_S11_LobbyController:04B5
[2022.05.20-00.20.58:164][957]LogScript: Warning: Script call stack:
	Function /Game/ThirdPersonBP/Blueprints/S11_LobbyGameMode.S11_LobbyGameMode_C:K2_PostLogin
	Function /Game/ThirdPersonBP/Blueprints/S11_LobbyGameMode.S11_LobbyGameMode_C:ExecuteUbergraph_S11_LobbyGameMode
	Function /Game/ThirdPersonBP/Blueprints/S11_LobbyGameMode.S11_LobbyGameMode_C:EveryoneUpdate
	Function /Game/ThirdPersonBP/Blueprints/S11_LobbyGameMode.S11_LobbyGameMode_C:ExecuteUbergraph_S11_LobbyGameMode
	Function /Game/ThirdPersonBP/Blueprints/S11_LobbyController.S11_LobbyController_C:UpdateAvailableCharacters
	Function /Game/ThirdPersonBP/Blueprints/S11_LobbyController.S11_LobbyController_C:ExecuteUbergraph_S11_LobbyController

[2022.05.20-00.20.58:165][957]LogLoad: Took 0.471478 seconds to LoadMap(/Game/Maps/S11_GameLobby)
[2022.05.20-00.20.59:697][859]LogScript: Warning: Accessed None trying to read property CallFunc_Array_Get_Item_2
	S11_LobbyController_C /Game/Maps/S11_GameLobby.S11_GameLobby:PersistentLevel.S11_LobbyController_C_0
	Function /Game/ThirdPersonBP/Blueprints/S11_LobbyController.S11_LobbyController_C:ExecuteUbergraph_S11_LobbyController:04B5
[2022.05.20-00.20.59:698][859]LogScript: Warning: Script call stack:
	Function /Game/UI/Widgets/Menus/MenuButtons/S11_CharacterSelection.S11_CharacterSelection_C:BndEvt__S11_CharacterSelection_Button_34_K2Node_ComponentBoundEvent_0_OnButtonClickedEvent__DelegateSignature
	Function /Game/UI/Widgets/Menus/MenuButtons/S11_CharacterSelection.S11_CharacterSelection_C:ExecuteUbergraph_S11_CharacterSelection
	Function /Game/ThirdPersonBP/Blueprints/S11_LobbyController.S11_LobbyController_C:AssignSelectedCharacter
	Function /Game/ThirdPersonBP/Blueprints/S11_LobbyController.S11_LobbyController_C:ExecuteUbergraph_S11_LobbyController
	Function /Game/ThirdPersonBP/Blueprints/S11_LobbyController.S11_LobbyController_C:CharacterCheck
	Function /Game/ThirdPersonBP/Blueprints/S11_LobbyController.S11_LobbyController_C:AssignPlayer
	Function /Game/ThirdPersonBP/Blueprints/S11_LobbyController.S11_LobbyController_C:ExecuteUbergraph_S11_LobbyController
	Function /Game/ThirdPersonBP/Blueprints/S11_LobbyController.S11_LobbyController_C:CallUpdate
	Function /Game/ThirdPersonBP/Blueprints/S11_LobbyController.S11_LobbyController_C:ExecuteUbergraph_S11_LobbyController
	Function /Game/ThirdPersonBP/Blueprints/S11_LobbyGameMode.S11_LobbyGameMode_C:EveryoneUpdate
	Function /Game/ThirdPersonBP/Blueprints/S11_LobbyGameMode.S11_LobbyGameMode_C:ExecuteUbergraph_S11_LobbyGameMode
	Function /Game/ThirdPersonBP/Blueprints/S11_LobbyController.S11_LobbyController_C:UpdateAvailableCharacters
	Function /Game/ThirdPersonBP/Blueprints/S11_LobbyController.S11_LobbyController_C:ExecuteUbergraph_S11_LobbyController

[2022.05.20-00.21.01:083][698]LogScript: Warning: Accessed None trying to read property PlayerOptions
	S11_Lobby_C /Engine/Transient.GameEngine_0:S11_GameInstance_C_0.S11_Lobby_C_0
	Function /Game/UI/Widgets/Menus/Lobby/S11_Lobby.S11_Lobby_C:OnMouseButtonDown:01CD
[2022.05.20-00.21.01:083][698]LogScript: Warning: Script call stack:
	Function /Game/UI/Widgets/Menus/Lobby/S11_Lobby.S11_Lobby_C:OnMouseButtonDown

